<?xml version="1.0" encoding="UTF-8"?>
<logger class="org.jpos.util.DailyLogListener">
<log realm="Q2.system" at="2020-10-02T10:17:31.307550200">
  <info>
    Q2 started, deployDir=E:\projects\gateways\crdb_tsync\config\jpos
  </info>
</log>
<log realm="Q2.system" at="2020-10-02T10:17:31.656806700" lifespan="329ms">
  <version>
    jPOS 2.1.2 master/6f9379a (2018-09-19 16:33:22 ART) 

-----BEGIN PGP SIGNED MESSAGE-----
Hash: SHA1

jPOS Community Edition, licensed under GNU AGPL v3.0.
This software is probably not suitable for commercial use.
Please see http://jpos.org/license for details.

-----BEGIN PGP SIGNATURE-----
Version: GnuPG v1.4.9 (Darwin)

iQEcBAEBAgAGBQJMolHDAAoJEOQyeO71nYtFv74H/3OgehDGEy1VXp2U3/GcAobg
HH2eZjPUz53r38ARPiU3pzm9LwDa3WZgJJaa/b9VrJwKvbPwe9+0kY3gScDE1skT
ladHt+KHHmGQArEutkzHlpZa73RbroFEIa1qmN6MaDEHGoxZqDh0Sv2cpvOaVYGO
St8ZaddLBPC17bSjAPWo9sWbvL7FgPFOHhnPmbeux8SLtnfWxXWsgo5hLBanKmO1
1z+I/w/6DL6ZYZU6bAJUk+eyVVImJqw0x3IEElI07Nh9MC6BA4iJ77ejobj8HI2r
q9ulRPEqH9NR79619lNKVUkE206dVlXo7xHmJS1QZy5v/GT66xBxyDVfTduPFXk=
=oP+v
-----END PGP SIGNATURE-----

  </version>
</log>
<log realm="Q2.system" at="2020-10-02T10:17:31.662781700" lifespan="3ms">
  <info>
    deploy: E:\projects\gateways\crdb_tsync\config\jpos\05_server.xml
  </info>
</log>
<log realm="Q2.system" at="2020-10-02T10:17:32.718472600" lifespan="1055ms">
  <info>
    deploy: E:\projects\gateways\crdb_tsync\config\jpos\30_txn_mgr.xml
  </info>
</log>
<log realm="Q2.system" at="2020-10-02T10:17:32.721472200" lifespan="1ms">
  <info>
    deploy: E:\projects\gateways\crdb_tsync\config\jpos\99_sysmon.xml
  </info>
</log>
<log realm="ISOServer.server" at="2020-10-02T10:17:32.733472900">
  <iso-server>
    listening on port 3401
  </iso-server>
</log>
<log realm="org.jpos.transaction.TransactionManager" at="2020-10-02T10:17:32.858053500">
  <info>
    start Thread[Thread-15,5,main]
  </info>
</log>
<log realm="org.jpos.transaction.TransactionManager" at="2020-10-02T10:17:32.860010100">
  <info>
    start Thread[Thread-16,5,main]
  </info>
</log>
<log realm="org.jpos.transaction.TransactionManager" at="2020-10-02T10:17:32.860010100">
  <info>
    start Thread[Thread-17,5,main]
  </info>
</log>
<log realm="org.jpos.transaction.TransactionManager" at="2020-10-02T10:17:32.860010100">
  <info>
    start Thread[Thread-23,5,main]
  </info>
</log>
<log realm="org.jpos.transaction.TransactionManager" at="2020-10-02T10:17:32.860010100">
  <info>
    start Thread[Thread-24,5,main]
  </info>
</log>
<log realm="org.jpos.transaction.TransactionManager" at="2020-10-02T10:17:32.860010100">
  <info>
    start Thread[Thread-21,5,main]
  </info>
</log>
<log realm="org.jpos.transaction.TransactionManager" at="2020-10-02T10:17:32.860010100">
  <info>
    start Thread[Thread-22,5,main]
  </info>
</log>
<log realm="org.jpos.transaction.TransactionManager" at="2020-10-02T10:17:32.861022800">
  <info>
    start Thread[Thread-18,5,main]
  </info>
</log>
<log realm="org.jpos.transaction.TransactionManager" at="2020-10-02T10:17:32.861022800">
  <info>
    start Thread[Thread-30,5,main]
  </info>
</log>
<log realm="org.jpos.transaction.TransactionManager" at="2020-10-02T10:17:32.862010700">
  <info>
    start Thread[Thread-26,5,main]
  </info>
</log>
<log realm="org.jpos.transaction.TransactionManager" at="2020-10-02T10:17:32.863011600">
  <info>
    start Thread[Thread-37,5,main]
  </info>
</log>
<log realm="org.jpos.transaction.TransactionManager" at="2020-10-02T10:17:32.861022800">
  <info>
    start Thread[Thread-28,5,main]
  </info>
</log>
<log realm="org.jpos.transaction.TransactionManager" at="2020-10-02T10:17:32.861022800" lifespan="1ms">
  <info>
    start Thread[Thread-20,5,main]
  </info>
</log>
<log realm="org.jpos.transaction.TransactionManager" at="2020-10-02T10:17:32.860010100">
  <info>
    start Thread[Thread-25,5,main]
  </info>
</log>
<log realm="org.jpos.transaction.TransactionManager" at="2020-10-02T10:17:32.865011100" lifespan="3ms">
  <info>
    start Thread[Thread-29,5,main]
  </info>
</log>
<log realm="org.jpos.transaction.TransactionManager" at="2020-10-02T10:17:32.865011100" lifespan="3ms">
  <info>
    start Thread[Thread-31,5,main]
  </info>
</log>
<log realm="org.jpos.transaction.TransactionManager" at="2020-10-02T10:17:32.864011300" lifespan="2ms">
  <info>
    start Thread[Thread-32,5,main]
  </info>
</log>
<log realm="org.jpos.transaction.TransactionManager" at="2020-10-02T10:17:32.864011300" lifespan="2ms">
  <info>
    start Thread[Thread-27,5,main]
  </info>
</log>
<log realm="org.jpos.transaction.TransactionManager" at="2020-10-02T10:17:32.862010700">
  <info>
    start Thread[Thread-33,5,main]
  </info>
</log>
<log realm="org.jpos.transaction.TransactionManager" at="2020-10-02T10:17:32.861022800" lifespan="1ms">
  <info>
    start Thread[Thread-19,5,main]
  </info>
</log>
<log realm="org.jpos.transaction.TransactionManager" at="2020-10-02T10:17:32.866010100" lifespan="2ms">
  <info>
    start Thread[Thread-34,5,main]
  </info>
</log>
<log realm="org.jpos.transaction.TransactionManager" at="2020-10-02T10:17:32.865011100" lifespan="1ms">
  <info>
    start Thread[Thread-36,5,main]
  </info>
</log>
<log realm="org.jpos.transaction.TransactionManager" at="2020-10-02T10:17:32.865011100">
  <info>
    start Thread[Thread-38,5,main]
  </info>
</log>
<log realm="org.jpos.transaction.TransactionManager" at="2020-10-02T10:17:32.865011100">
  <info>
    start Thread[Thread-35,5,main]
  </info>
</log>
<log realm="org.jpos.q2.qbean.SystemMonitor" at="2020-10-02T10:17:32.867010600">
  <info>
    Starting SystemMonitor
  </info>
</log>
<log realm="org.jpos.q2.qbean.SystemMonitor" at="2020-10-02T10:17:32.868010300">
  <info>
               OS: Windows 10 (10.0)
             Java: 11.0.4 (JetBrains s.r.o) AES-secure
     process name: 39828@DESKTOP-41KACUO
        user name: cotuoma
             host: DESKTOP-41KACUO/192.168.254.77
              cwd: E:\projects\gateways\crdb_tsync
       free space: 451.9 GiB
          version: 2.1.2 (6f9379a)
         instance: 5accabbc-bc34-481a-92f6-d46fd8422a7b
           uptime: 00:00:01.736 (-1.000000)
       processors: 8
           drift : 0
    memory(t/u/f): 446/107/338
         encoding: UTF-8
         timezone: Africa/Nairobi (Eastern Africa Time) +03:00
    watch service: sun.nio.fs.WindowsWatchService
            clock: 1601623052 2020-10-02T07:17:32.868010300Z
     thread count: 73
     peak threads: 73
     user threads: 67
            Thread[Reference Handler,10,system]
            Thread[Finalizer,8,system]
            Thread[Signal Dispatcher,9,system]
            Thread[Attach Listener,5,system]
            Thread[RMI TCP Accept-0,5,system]
            Thread[Monitor Ctrl-Break,5,main]
            Thread[logback-1,5,main]
            Thread[Catalina-utility-1,1,main]
            Thread[Catalina-utility-2,1,main]
            Thread[container-0,5,main]
            Thread[oracle.jdbc.driver.BlockSource.ThreadedCachingBlockSource.BlockReleaser,4,main]
            Thread[HikariPool-1 housekeeper,5,main]
            Thread[OracleTimeoutPollingThread,10,main]
            Thread[scheduling-1,5,main]
            Thread[NioBlockingSelector.BlockPoller-1,5,main]
            Thread[http-nio-8094-exec-1,5,main]
            Thread[http-nio-8094-exec-2,5,main]
            Thread[http-nio-8094-exec-3,5,main]
            Thread[http-nio-8094-exec-4,5,main]
            Thread[http-nio-8094-exec-5,5,main]
            Thread[http-nio-8094-exec-6,5,main]
            Thread[http-nio-8094-exec-7,5,main]
            Thread[http-nio-8094-exec-8,5,main]
            Thread[http-nio-8094-exec-9,5,main]
            Thread[http-nio-8094-exec-10,5,main]
            Thread[http-nio-8094-ClientPoller-0,5,main]
            Thread[http-nio-8094-ClientPoller-1,5,main]
            Thread[http-nio-8094-Acceptor-0,5,main]
            Thread[pool-2-thread-1,5,main]
            Thread[Q2-5accabbc-bc34-481a-92f6-d46fd8422a7b,5,main]
            Thread[DestroyJavaVM,5,main]
            Thread[FileSystemWatchService,5,main]
            Thread[Timer-0,5,main]
            Thread[Timer-1,5,main]
            Thread[FileSystemWatchService,5,main]
            Thread[FileDeletionDetector,5,main]
            Thread[LogFlusher,5,main]
            Thread[DataCorruptionVerifier,5,main]
            Thread[INCompressor,5,main]
            Thread[Cleaner-1,5,main]
            Thread[Checkpointer,5,main]
            Thread[StatCapture,5,main]
            Thread[Thread-13,5,main]
            Thread[Timer-2,5,main]
            Thread[SimpleTransactionManager-0:idle,5,main]
            Thread[SimpleTransactionManager-1:idle,5,main]
            Thread[SimpleTransactionManager-2:idle,5,main]
            Thread[SimpleTransactionManager-10:idle,5,main]
            Thread[SimpleTransactionManager-9:idle,5,main]
            Thread[SimpleTransactionManager-7:idle,5,main]
            Thread[SimpleTransactionManager-5:idle,5,main]
            Thread[SimpleTransactionManager-6:idle,5,main]
            Thread[SimpleTransactionManager-3:idle,5,main]
            Thread[SimpleTransactionManager-4:idle,5,main]
            Thread[SimpleTransactionManager-8:idle,5,main]
            Thread[SimpleTransactionManager-18:idle,5,main]
            Thread[SimpleTransactionManager-16:idle,5,main]
            Thread[SimpleTransactionManager-11:idle,5,main]
            Thread[SimpleTransactionManager-12:idle,5,main]
            Thread[SimpleTransactionManager-13:idle,5,main]
            Thread[SimpleTransactionManager-14:idle,5,main]
            Thread[SimpleTransactionManager-15:idle,5,main]
            Thread[SimpleTransactionManager-17:idle,5,main]
            Thread[SimpleTransactionManager-19:idle,5,main]
            Thread[SimpleTransactionManager-22:idle,5,main]
            Thread[SimpleTransactionManager-21:idle,5,main]
            Thread[SimpleTransactionManager-20:idle,5,main]
            Thread[SimpleTransactionManager-23:idle,5,main]
            Thread[pool-3-thread-1,5,main]
            Thread[SimpleTransactionManager-input-queue-monitor,5,main]
            Thread[SystemMonitor,5,main]
            Thread[ISOServer-ThreadPool.PooledThread-0,5,ISOServer-ThreadPool-0]
            Thread[Common-Cleaner,8,InnocuousThreadGroup]
    name-registrar:
      tspace:default: org.jpos.space.TSpace
         key-count: 0
            gcinfo: 0,0
      tspace:txnmgr: org.jpos.space.TSpace
         key-count: 0
            gcinfo: 0,0
      ISOServer: org.jpos.q2.iso.QServer
      Q2: org.jpos.q2.Q2
      server.ISOServer: org.jpos.iso.ISOServer
        connected=0, rx=0, tx=0, last=0
      logger.Q2: org.jpos.util.Logger
      transient:default: org.jpos.space.TSpace
        <key count='1'>$TAILLOCK.1753757931</key>
         key-count: 1
            gcinfo: 0,0
      logger.Q2.buffered: org.jpos.util.BufferedLogListener
      je:txnmgr: org.jpos.space.JESpace
        <key size='1'>$HEAD</key>
        <key size='1'>$TAIL</key>
        <keycount>2</keycount>
      SimpleTransactionManager: org.jpos.transaction.TransactionManager
        in-transit=0/0, head=1, tail=1, paused=0, outstanding=0, active-sessions=24/4096, tps=0, peak=0, avg=0.00
  </info>
</log>
<?xml version="1.0" encoding="UTF-8"?>
<logger class="org.jpos.util.DailyLogListener">
<log realm="Q2.system" at="2020-10-02T10:22:32.204293400">
  <info>
    Q2 started, deployDir=E:\projects\gateways\crdb_tsync\config\jpos
  </info>
</log>
<log realm="Q2.system" at="2020-10-02T10:22:32.374274400" lifespan="164ms">
  <version>
    jPOS 2.1.2 master/6f9379a (2018-09-19 16:33:22 ART) 

-----BEGIN PGP SIGNED MESSAGE-----
Hash: SHA1

jPOS Community Edition, licensed under GNU AGPL v3.0.
This software is probably not suitable for commercial use.
Please see http://jpos.org/license for details.

-----BEGIN PGP SIGNATURE-----
Version: GnuPG v1.4.9 (Darwin)

iQEcBAEBAgAGBQJMolHDAAoJEOQyeO71nYtFv74H/3OgehDGEy1VXp2U3/GcAobg
HH2eZjPUz53r38ARPiU3pzm9LwDa3WZgJJaa/b9VrJwKvbPwe9+0kY3gScDE1skT
ladHt+KHHmGQArEutkzHlpZa73RbroFEIa1qmN6MaDEHGoxZqDh0Sv2cpvOaVYGO
St8ZaddLBPC17bSjAPWo9sWbvL7FgPFOHhnPmbeux8SLtnfWxXWsgo5hLBanKmO1
1z+I/w/6DL6ZYZU6bAJUk+eyVVImJqw0x3IEElI07Nh9MC6BA4iJ77ejobj8HI2r
q9ulRPEqH9NR79619lNKVUkE206dVlXo7xHmJS1QZy5v/GT66xBxyDVfTduPFXk=
=oP+v
-----END PGP SIGNATURE-----

  </version>
</log>
<log realm="Q2.system" at="2020-10-02T10:22:32.382293500" lifespan="6ms">
  <info>
    deploy: E:\projects\gateways\crdb_tsync\config\jpos\05_server.xml
  </info>
</log>
<log realm="Q2.system" at="2020-10-02T10:22:32.816116" lifespan="433ms">
  <info>
    deploy: E:\projects\gateways\crdb_tsync\config\jpos\30_txn_mgr.xml
  </info>
</log>
<log realm="Q2.system" at="2020-10-02T10:22:32.820147" lifespan="3ms">
  <info>
    deploy: E:\projects\gateways\crdb_tsync\config\jpos\99_sysmon.xml
  </info>
</log>
<log realm="ISOServer.server" at="2020-10-02T10:22:32.831136400" lifespan="1ms">
  <iso-server>
    listening on port 3401
  </iso-server>
</log>
<log realm="org.jpos.transaction.TransactionManager" at="2020-10-02T10:22:32.895225700">
  <info>
    start Thread[Thread-15,5,main]
  </info>
</log>
<log realm="org.jpos.transaction.TransactionManager" at="2020-10-02T10:22:32.897223800">
  <info>
    start Thread[Thread-16,5,main]
  </info>
</log>
<log realm="org.jpos.transaction.TransactionManager" at="2020-10-02T10:22:32.898216100">
  <info>
    start Thread[Thread-17,5,main]
  </info>
</log>
<log realm="org.jpos.transaction.TransactionManager" at="2020-10-02T10:22:32.898216100">
  <info>
    start Thread[Thread-19,5,main]
  </info>
</log>
<log realm="org.jpos.transaction.TransactionManager" at="2020-10-02T10:22:32.900221700" lifespan="2ms">
  <info>
    start Thread[Thread-20,5,main]
  </info>
</log>
<log realm="org.jpos.transaction.TransactionManager" at="2020-10-02T10:22:32.900221700" lifespan="2ms">
  <info>
    start Thread[Thread-18,5,main]
  </info>
</log>
<log realm="org.jpos.transaction.TransactionManager" at="2020-10-02T10:22:32.905222700" lifespan="5ms">
  <info>
    start Thread[Thread-23,5,main]
  </info>
</log>
<log realm="org.jpos.transaction.TransactionManager" at="2020-10-02T10:22:32.902224800" lifespan="2ms">
  <info>
    start Thread[Thread-22,5,main]
  </info>
</log>
<log realm="org.jpos.transaction.TransactionManager" at="2020-10-02T10:22:32.906214200">
  <info>
    start Thread[Thread-26,5,main]
  </info>
</log>
<log realm="org.jpos.transaction.TransactionManager" at="2020-10-02T10:22:32.905222700" lifespan="7ms">
  <info>
    start Thread[Thread-21,5,main]
  </info>
</log>
<log realm="org.jpos.transaction.TransactionManager" at="2020-10-02T10:22:32.908211300" lifespan="3ms">
  <info>
    start Thread[Thread-24,5,main]
  </info>
</log>
<log realm="org.jpos.transaction.TransactionManager" at="2020-10-02T10:22:32.910209600" lifespan="5ms">
  <info>
    start Thread[Thread-25,5,main]
  </info>
</log>
<log realm="org.jpos.transaction.TransactionManager" at="2020-10-02T10:22:32.911208500">
  <info>
    start Thread[Thread-35,5,main]
  </info>
</log>
<log realm="org.jpos.transaction.TransactionManager" at="2020-10-02T10:22:32.911208500">
  <info>
    start Thread[Thread-36,5,main]
  </info>
</log>
<log realm="org.jpos.transaction.TransactionManager" at="2020-10-02T10:22:32.913209800" lifespan="3ms">
  <info>
    start Thread[Thread-33,5,main]
  </info>
</log>
<log realm="org.jpos.transaction.TransactionManager" at="2020-10-02T10:22:32.913209800">
  <info>
    start Thread[Thread-38,5,main]
  </info>
</log>
<log realm="org.jpos.transaction.TransactionManager" at="2020-10-02T10:22:32.913209800" lifespan="3ms">
  <info>
    start Thread[Thread-32,5,main]
  </info>
</log>
<log realm="org.jpos.transaction.TransactionManager" at="2020-10-02T10:22:32.913209800" lifespan="3ms">
  <info>
    start Thread[Thread-34,5,main]
  </info>
</log>
<log realm="org.jpos.transaction.TransactionManager" at="2020-10-02T10:22:32.914211600" lifespan="6ms">
  <info>
    start Thread[Thread-30,5,main]
  </info>
</log>
<log realm="org.jpos.transaction.TransactionManager" at="2020-10-02T10:22:32.914211600" lifespan="6ms">
  <info>
    start Thread[Thread-29,5,main]
  </info>
</log>
<log realm="org.jpos.transaction.TransactionManager" at="2020-10-02T10:22:32.914211600" lifespan="7ms">
  <info>
    start Thread[Thread-28,5,main]
  </info>
</log>
<log realm="org.jpos.transaction.TransactionManager" at="2020-10-02T10:22:32.914211600" lifespan="6ms">
  <info>
    start Thread[Thread-27,5,main]
  </info>
</log>
<log realm="org.jpos.transaction.TransactionManager" at="2020-10-02T10:22:32.914211600" lifespan="6ms">
  <info>
    start Thread[Thread-31,5,main]
  </info>
</log>
<log realm="org.jpos.transaction.TransactionManager" at="2020-10-02T10:22:32.914211600" lifespan="3ms">
  <info>
    start Thread[Thread-37,5,main]
  </info>
</log>
<log realm="org.jpos.q2.qbean.SystemMonitor" at="2020-10-02T10:22:32.916218300">
  <info>
    Starting SystemMonitor
  </info>
</log>
<log realm="org.jpos.q2.qbean.SystemMonitor" at="2020-10-02T10:22:32.917216">
  <info>
               OS: Windows 10 (10.0)
             Java: 11.0.4 (JetBrains s.r.o) AES-secure
     process name: 40496@DESKTOP-41KACUO
        user name: cotuoma
             host: DESKTOP-41KACUO/192.168.254.77
              cwd: E:\projects\gateways\crdb_tsync
       free space: 451.9 GiB
          version: 2.1.2 (6f9379a)
         instance: 76774842-b811-4c93-a45e-3e3e1b63791f
           uptime: 00:00:00.760 (-1.000000)
       processors: 8
           drift : 0
    memory(t/u/f): 397/253/143
         encoding: UTF-8
         timezone: Africa/Nairobi (Eastern Africa Time) +03:00
    watch service: sun.nio.fs.WindowsWatchService
            clock: 1601623352 2020-10-02T07:22:32.917216Z
     thread count: 72
     peak threads: 72
     user threads: 66
            Thread[Reference Handler,10,system]
            Thread[Finalizer,8,system]
            Thread[Signal Dispatcher,9,system]
            Thread[Attach Listener,5,system]
            Thread[RMI TCP Accept-0,5,system]
            Thread[Monitor Ctrl-Break,5,main]
            Thread[Catalina-utility-1,1,main]
            Thread[Catalina-utility-2,1,main]
            Thread[container-0,5,main]
            Thread[oracle.jdbc.driver.BlockSource.ThreadedCachingBlockSource.BlockReleaser,4,main]
            Thread[HikariPool-1 housekeeper,5,main]
            Thread[OracleTimeoutPollingThread,10,main]
            Thread[scheduling-1,5,main]
            Thread[NioBlockingSelector.BlockPoller-1,5,main]
            Thread[http-nio-8094-exec-1,5,main]
            Thread[http-nio-8094-exec-2,5,main]
            Thread[http-nio-8094-exec-3,5,main]
            Thread[http-nio-8094-exec-4,5,main]
            Thread[http-nio-8094-exec-5,5,main]
            Thread[http-nio-8094-exec-6,5,main]
            Thread[http-nio-8094-exec-7,5,main]
            Thread[http-nio-8094-exec-8,5,main]
            Thread[http-nio-8094-exec-9,5,main]
            Thread[http-nio-8094-exec-10,5,main]
            Thread[http-nio-8094-ClientPoller-0,5,main]
            Thread[http-nio-8094-ClientPoller-1,5,main]
            Thread[http-nio-8094-Acceptor-0,5,main]
            Thread[pool-1-thread-1,5,main]
            Thread[Q2-76774842-b811-4c93-a45e-3e3e1b63791f,5,main]
            Thread[DestroyJavaVM,5,main]
            Thread[FileSystemWatchService,5,main]
            Thread[Timer-0,5,main]
            Thread[Timer-1,5,main]
            Thread[FileSystemWatchService,5,main]
            Thread[FileDeletionDetector,5,main]
            Thread[LogFlusher,5,main]
            Thread[DataCorruptionVerifier,5,main]
            Thread[INCompressor,5,main]
            Thread[Cleaner-1,5,main]
            Thread[Checkpointer,5,main]
            Thread[StatCapture,5,main]
            Thread[Thread-13,5,main]
            Thread[Timer-2,5,main]
            Thread[SimpleTransactionManager-0:idle,5,main]
            Thread[SimpleTransactionManager-1:idle,5,main]
            Thread[SimpleTransactionManager-5:idle,5,main]
            Thread[SimpleTransactionManager-3:idle,5,main]
            Thread[SimpleTransactionManager-2:idle,5,main]
            Thread[SimpleTransactionManager-4:idle,5,main]
            Thread[SimpleTransactionManager-6:idle,5,main]
            Thread[SimpleTransactionManager-8:idle,5,main]
            Thread[SimpleTransactionManager-7:idle,5,main]
            Thread[SimpleTransactionManager-9:idle,5,main]
            Thread[SimpleTransactionManager-10:idle,5,main]
            Thread[SimpleTransactionManager-11:idle,5,main]
            Thread[SimpleTransactionManager-13:idle,5,main]
            Thread[SimpleTransactionManager-12:idle,5,main]
            Thread[SimpleTransactionManager-16:idle,5,main]
            Thread[SimpleTransactionManager-14:idle,5,main]
            Thread[SimpleTransactionManager-15:idle,5,main]
            Thread[SimpleTransactionManager-17:idle,5,main]
            Thread[SimpleTransactionManager-20:idle,5,main]
            Thread[SimpleTransactionManager-18:idle,5,main]
            Thread[SimpleTransactionManager-19:idle,5,main]
            Thread[SimpleTransactionManager-21:idle,5,main]
            Thread[SimpleTransactionManager-22:idle,5,main]
            Thread[SimpleTransactionManager-23:idle,5,main]
            Thread[pool-2-thread-1,5,main]
            Thread[SimpleTransactionManager-input-queue-monitor,5,main]
            Thread[SystemMonitor,5,main]
            Thread[ISOServer-ThreadPool.PooledThread-0,5,ISOServer-ThreadPool-0]
            Thread[Common-Cleaner,8,InnocuousThreadGroup]
    name-registrar:
      tspace:default: org.jpos.space.TSpace
         key-count: 0
            gcinfo: 0,0
      tspace:txnmgr: org.jpos.space.TSpace
         key-count: 0
            gcinfo: 0,0
      ISOServer: org.jpos.q2.iso.QServer
      Q2: org.jpos.q2.Q2
      server.ISOServer: org.jpos.iso.ISOServer
        connected=0, rx=0, tx=0, last=0
      logger.Q2: org.jpos.util.Logger
      transient:default: org.jpos.space.TSpace
        <key count='1'>$TAILLOCK.298323744</key>
         key-count: 1
            gcinfo: 0,0
      logger.Q2.buffered: org.jpos.util.BufferedLogListener
      je:txnmgr: org.jpos.space.JESpace
        <key size='1'>$HEAD</key>
        <key size='1'>$TAIL</key>
        <keycount>2</keycount>
      SimpleTransactionManager: org.jpos.transaction.TransactionManager
        in-transit=0/0, head=1, tail=1, paused=0, outstanding=0, active-sessions=24/4096, tps=0, peak=0, avg=0.00
  </info>
</log>
<log realm="ISOServer.server.session/127.0.0.1:55315" at="2020-10-02T10:23:38.345463700">
  <session-start/>
</log>
<log realm="channel/127.0.0.1:55315" at="2020-10-02T10:23:38.347463200" lifespan="1ms">
  <receive>
    <isomsg direction="incoming">
      <!-- ke.tra.com.tsync.packager.Transport_Packager -->
      <header>3C00010000</header>
      <field id="0" value="1100"/>
      <field id="3" value="001120"/>
      <field id="11" value="000000"/>
      <field id="41" value="PO400001"/>
      <field id="42" value="100000RW0010408"/>
      <field id="47" value="026024161697313221017301104099030002ma027005admin"/>
    </isomsg>
  </receive>
</log>
<log realm="channel/127.0.0.1:55315" at="2020-10-02T10:23:39.887285300" lifespan="1ms">
  <send>
    <isomsg direction="outgoing">
      <!-- ke.tra.com.tsync.packager.Transport_Packager -->
      <header>3C00010000</header>
      <field id="0" value="1110"/>
      <field id="3" value="001120"/>
      <field id="11" value="000000"/>
      <field id="37" value="022320102338"/>
      <field id="39" value="00"/>
      <field id="41" value="PO400001"/>
      <field id="42" value="100000RW0010408"/>
      <field id="47" value="mandy|mawia|majiko|mag|mapput|maina|maitalucky|manlike|mankey|mantol|mandem|mawiaalex|master shifu"/>
      <field id="72" value="Successful approval/completion or that VIP PIN verification is valid"/>
    </isomsg>
  </send>
</log>
<log realm="channel/127.0.0.1:55315" at="2020-10-02T10:23:39.890281500" lifespan="1ms">
  <receive>
    <peer-disconnect/>
  </receive>
</log>
<log realm="ISOServer.server.session/127.0.0.1:55315" at="2020-10-02T10:23:39.892286200">
  <session-end/>
</log>
