10:49:43.272 [main] INFO  k.t.com.tsync.TsyncApplicationTests - Starting TsyncApplicationTests on VINCENT-ROG with PID 6920 (started by Vincent in C:\Users\Vincent\Desktop\PROJECTS\SBM\TYSNC\sbm_gateway) 
10:49:43.276 [main] INFO  k.t.com.tsync.TsyncApplicationTests - The following profiles are active: dev 
10:49:44.177 [main] INFO  o.s.d.r.c.RepositoryConfigurationDelegate - Bootstrapping Spring Data repositories in DEFAULT mode. 
10:49:44.293 [main] INFO  o.s.d.r.c.RepositoryConfigurationDelegate - Finished Spring Data repository scanning in 100ms. Found 7 repository interfaces. 
10:49:44.294 [main] INFO  o.s.d.r.c.RepositoryConfigurationDelegate - Bootstrapping Spring Data repositories in DEFAULT mode. 
10:49:44.304 [main] INFO  o.s.d.r.c.RepositoryConfigurationDelegate - Finished Spring Data repository scanning in 9ms. Found 1 repository interfaces. 
10:49:45.035 [main] INFO  o.s.c.s.PostProcessorRegistrationDelegate$BeanPostProcessorChecker - Bean 'org.springframework.transaction.annotation.ProxyTransactionManagementConfiguration' of type [org.springframework.transaction.annotation.ProxyTransactionManagementConfiguration$$EnhancerBySpringCGLIB$$a9cd40fe] is not eligible for getting processed by all BeanPostProcessors (for example: not eligible for auto-proxying) 
10:49:45.329 [main] INFO  com.zaxxer.hikari.HikariDataSource - HikariPool-1 - Starting... 
10:49:46.722 [main] INFO  org.hibernate.Version - HHH000412: Hibernate Core {5.3.10.Final} 
10:49:46.725 [main] INFO  org.hibernate.cfg.Environment - HHH000206: hibernate.properties not found 
10:49:47.042 [main] INFO  o.h.annotations.common.Version - HCANN000001: Hibernate Commons Annotations {5.0.4.Final} 
10:49:47.386 [main] INFO  com.zaxxer.hikari.HikariDataSource - HikariPool-1 - Starting... 
10:52:04.057 [main] INFO  k.t.com.tsync.TsyncApplicationTests - Starting TsyncApplicationTests on VINCENT-ROG with PID 10656 (started by Vincent in C:\Users\Vincent\Desktop\PROJECTS\SBM\TYSNC\sbm_gateway) 
10:52:04.058 [main] INFO  k.t.com.tsync.TsyncApplicationTests - The following profiles are active: dev 
10:52:04.843 [main] INFO  o.s.d.r.c.RepositoryConfigurationDelegate - Bootstrapping Spring Data repositories in DEFAULT mode. 
10:52:04.939 [main] INFO  o.s.d.r.c.RepositoryConfigurationDelegate - Finished Spring Data repository scanning in 83ms. Found 7 repository interfaces. 
10:52:04.940 [main] INFO  o.s.d.r.c.RepositoryConfigurationDelegate - Bootstrapping Spring Data repositories in DEFAULT mode. 
10:52:04.955 [main] INFO  o.s.d.r.c.RepositoryConfigurationDelegate - Finished Spring Data repository scanning in 15ms. Found 1 repository interfaces. 
10:52:05.560 [main] INFO  o.s.c.s.PostProcessorRegistrationDelegate$BeanPostProcessorChecker - Bean 'org.springframework.transaction.annotation.ProxyTransactionManagementConfiguration' of type [org.springframework.transaction.annotation.ProxyTransactionManagementConfiguration$$EnhancerBySpringCGLIB$$d17df014] is not eligible for getting processed by all BeanPostProcessors (for example: not eligible for auto-proxying) 
10:52:05.784 [main] INFO  com.zaxxer.hikari.HikariDataSource - HikariPool-1 - Starting... 
10:52:07.055 [main] INFO  org.hibernate.Version - HHH000412: Hibernate Core {5.3.10.Final} 
10:52:07.056 [main] INFO  org.hibernate.cfg.Environment - HHH000206: hibernate.properties not found 
10:52:07.199 [main] INFO  o.h.annotations.common.Version - HCANN000001: Hibernate Commons Annotations {5.0.4.Final} 
10:52:07.483 [main] INFO  com.zaxxer.hikari.HikariDataSource - HikariPool-1 - Starting... 
11:28:58.906 [main] INFO  k.t.com.tsync.TsyncApplicationTests - Starting TsyncApplicationTests on VINCENT-ROG with PID 15560 (started by Vincent in C:\Users\Vincent\Desktop\PROJECTS\SBM\TYSNC\sbm_gateway) 
11:28:58.907 [main] INFO  k.t.com.tsync.TsyncApplicationTests - The following profiles are active: dev 
11:29:00.103 [main] INFO  o.s.d.r.c.RepositoryConfigurationDelegate - Bootstrapping Spring Data repositories in DEFAULT mode. 
11:29:00.251 [main] INFO  o.s.d.r.c.RepositoryConfigurationDelegate - Finished Spring Data repository scanning in 128ms. Found 7 repository interfaces. 
11:29:00.252 [main] INFO  o.s.d.r.c.RepositoryConfigurationDelegate - Bootstrapping Spring Data repositories in DEFAULT mode. 
11:29:00.265 [main] INFO  o.s.d.r.c.RepositoryConfigurationDelegate - Finished Spring Data repository scanning in 12ms. Found 1 repository interfaces. 
11:29:01.202 [main] INFO  o.s.c.s.PostProcessorRegistrationDelegate$BeanPostProcessorChecker - Bean 'org.springframework.transaction.annotation.ProxyTransactionManagementConfiguration' of type [org.springframework.transaction.annotation.ProxyTransactionManagementConfiguration$$EnhancerBySpringCGLIB$$ca7435c2] is not eligible for getting processed by all BeanPostProcessors (for example: not eligible for auto-proxying) 
11:29:01.589 [main] INFO  com.zaxxer.hikari.HikariDataSource - HikariPool-1 - Starting... 
11:29:23.966 [main] INFO  org.hibernate.Version - HHH000412: Hibernate Core {5.3.10.Final} 
11:29:23.967 [main] INFO  org.hibernate.cfg.Environment - HHH000206: hibernate.properties not found 
11:29:24.120 [main] INFO  o.h.annotations.common.Version - HCANN000001: Hibernate Commons Annotations {5.0.4.Final} 
11:29:24.415 [main] INFO  com.zaxxer.hikari.HikariDataSource - HikariPool-1 - Starting... 
11:32:29.374 [main] INFO  k.t.com.tsync.TsyncApplicationTests - Starting TsyncApplicationTests on VINCENT-ROG with PID 19172 (started by Vincent in C:\Users\Vincent\Desktop\PROJECTS\SBM\TYSNC\sbm_gateway) 
11:32:29.375 [main] INFO  k.t.com.tsync.TsyncApplicationTests - The following profiles are active: dev 
11:32:30.157 [main] INFO  o.s.d.r.c.RepositoryConfigurationDelegate - Bootstrapping Spring Data repositories in DEFAULT mode. 
11:32:30.254 [main] INFO  o.s.d.r.c.RepositoryConfigurationDelegate - Finished Spring Data repository scanning in 83ms. Found 7 repository interfaces. 
11:32:30.256 [main] INFO  o.s.d.r.c.RepositoryConfigurationDelegate - Bootstrapping Spring Data repositories in DEFAULT mode. 
11:32:30.265 [main] INFO  o.s.d.r.c.RepositoryConfigurationDelegate - Finished Spring Data repository scanning in 9ms. Found 1 repository interfaces. 
11:32:30.928 [main] INFO  o.s.c.s.PostProcessorRegistrationDelegate$BeanPostProcessorChecker - Bean 'org.springframework.transaction.annotation.ProxyTransactionManagementConfiguration' of type [org.springframework.transaction.annotation.ProxyTransactionManagementConfiguration$$EnhancerBySpringCGLIB$$fbd497e2] is not eligible for getting processed by all BeanPostProcessors (for example: not eligible for auto-proxying) 
11:32:31.163 [main] INFO  com.zaxxer.hikari.HikariDataSource - HikariPool-1 - Starting... 
11:32:53.500 [main] INFO  org.hibernate.Version - HHH000412: Hibernate Core {5.3.10.Final} 
11:32:53.502 [main] INFO  org.hibernate.cfg.Environment - HHH000206: hibernate.properties not found 
11:32:53.687 [main] INFO  o.h.annotations.common.Version - HCANN000001: Hibernate Commons Annotations {5.0.4.Final} 
11:32:53.976 [main] INFO  com.zaxxer.hikari.HikariDataSource - HikariPool-1 - Starting... 
11:34:38.431 [main] INFO  k.t.com.tsync.TsyncApplicationTests - Starting TsyncApplicationTests on VINCENT-ROG with PID 15932 (started by Vincent in C:\Users\Vincent\Desktop\PROJECTS\SBM\TYSNC\sbm_gateway) 
11:34:38.432 [main] INFO  k.t.com.tsync.TsyncApplicationTests - The following profiles are active: dev 
11:34:39.194 [main] INFO  o.s.d.r.c.RepositoryConfigurationDelegate - Bootstrapping Spring Data repositories in DEFAULT mode. 
11:34:39.282 [main] INFO  o.s.d.r.c.RepositoryConfigurationDelegate - Finished Spring Data repository scanning in 76ms. Found 7 repository interfaces. 
11:34:39.283 [main] INFO  o.s.d.r.c.RepositoryConfigurationDelegate - Bootstrapping Spring Data repositories in DEFAULT mode. 
11:34:39.291 [main] INFO  o.s.d.r.c.RepositoryConfigurationDelegate - Finished Spring Data repository scanning in 8ms. Found 1 repository interfaces. 
11:34:39.910 [main] INFO  o.s.c.s.PostProcessorRegistrationDelegate$BeanPostProcessorChecker - Bean 'org.springframework.transaction.annotation.ProxyTransactionManagementConfiguration' of type [org.springframework.transaction.annotation.ProxyTransactionManagementConfiguration$$EnhancerBySpringCGLIB$$a9cd40fe] is not eligible for getting processed by all BeanPostProcessors (for example: not eligible for auto-proxying) 
11:34:40.179 [main] INFO  com.zaxxer.hikari.HikariDataSource - HikariPool-1 - Starting... 
11:35:02.459 [main] INFO  org.hibernate.Version - HHH000412: Hibernate Core {5.3.10.Final} 
11:35:02.460 [main] INFO  org.hibernate.cfg.Environment - HHH000206: hibernate.properties not found 
11:35:02.591 [main] INFO  o.h.annotations.common.Version - HCANN000001: Hibernate Commons Annotations {5.0.4.Final} 
11:35:02.882 [main] INFO  com.zaxxer.hikari.HikariDataSource - HikariPool-1 - Starting... 
12:07:07.547 [main] INFO  k.t.com.tsync.TsyncApplicationTests - Starting TsyncApplicationTests on VINCENT-ROG with PID 13680 (started by Vincent in C:\Users\Vincent\Desktop\PROJECTS\SBM\TYSNC\sbm_gateway) 
12:07:07.548 [main] INFO  k.t.com.tsync.TsyncApplicationTests - The following profiles are active: dev 
12:07:08.316 [main] INFO  o.s.d.r.c.RepositoryConfigurationDelegate - Bootstrapping Spring Data repositories in DEFAULT mode. 
12:07:08.414 [main] INFO  o.s.d.r.c.RepositoryConfigurationDelegate - Finished Spring Data repository scanning in 85ms. Found 7 repository interfaces. 
12:07:08.415 [main] INFO  o.s.d.r.c.RepositoryConfigurationDelegate - Bootstrapping Spring Data repositories in DEFAULT mode. 
12:07:08.422 [main] INFO  o.s.d.r.c.RepositoryConfigurationDelegate - Finished Spring Data repository scanning in 7ms. Found 1 repository interfaces. 
12:07:09.028 [main] INFO  o.s.c.s.PostProcessorRegistrationDelegate$BeanPostProcessorChecker - Bean 'org.springframework.transaction.annotation.ProxyTransactionManagementConfiguration' of type [org.springframework.transaction.annotation.ProxyTransactionManagementConfiguration$$EnhancerBySpringCGLIB$$ec0361d9] is not eligible for getting processed by all BeanPostProcessors (for example: not eligible for auto-proxying) 
12:07:09.261 [main] INFO  com.zaxxer.hikari.HikariDataSource - HikariPool-1 - Starting... 
12:07:31.601 [main] INFO  org.hibernate.Version - HHH000412: Hibernate Core {5.3.10.Final} 
12:07:31.602 [main] INFO  org.hibernate.cfg.Environment - HHH000206: hibernate.properties not found 
12:07:31.742 [main] INFO  o.h.annotations.common.Version - HCANN000001: Hibernate Commons Annotations {5.0.4.Final} 
12:07:32.024 [main] INFO  com.zaxxer.hikari.HikariDataSource - HikariPool-1 - Starting... 
12:40:39.907 [main] INFO  k.t.com.tsync.TsyncApplicationTests - Starting TsyncApplicationTests on VINCENT-ROG with PID 18952 (started by Vincent in C:\Users\Vincent\Desktop\PROJECTS\SBM\TYSNC\sbm_gateway) 
12:40:39.908 [main] INFO  k.t.com.tsync.TsyncApplicationTests - The following profiles are active: dev 
12:40:41.115 [main] INFO  o.s.d.r.c.RepositoryConfigurationDelegate - Bootstrapping Spring Data repositories in DEFAULT mode. 
12:40:41.283 [main] INFO  o.s.d.r.c.RepositoryConfigurationDelegate - Finished Spring Data repository scanning in 148ms. Found 7 repository interfaces. 
12:40:41.284 [main] INFO  o.s.d.r.c.RepositoryConfigurationDelegate - Bootstrapping Spring Data repositories in DEFAULT mode. 
12:40:41.296 [main] INFO  o.s.d.r.c.RepositoryConfigurationDelegate - Finished Spring Data repository scanning in 11ms. Found 1 repository interfaces. 
12:40:42.324 [main] INFO  o.s.c.s.PostProcessorRegistrationDelegate$BeanPostProcessorChecker - Bean 'org.springframework.transaction.annotation.ProxyTransactionManagementConfiguration' of type [org.springframework.transaction.annotation.ProxyTransactionManagementConfiguration$$EnhancerBySpringCGLIB$$a2c63b58] is not eligible for getting processed by all BeanPostProcessors (for example: not eligible for auto-proxying) 
12:40:42.728 [main] INFO  com.zaxxer.hikari.HikariDataSource - HikariPool-1 - Starting... 
12:41:05.214 [main] INFO  org.hibernate.Version - HHH000412: Hibernate Core {5.3.10.Final} 
12:41:05.216 [main] INFO  org.hibernate.cfg.Environment - HHH000206: hibernate.properties not found 
12:41:05.473 [main] INFO  o.h.annotations.common.Version - HCANN000001: Hibernate Commons Annotations {5.0.4.Final} 
12:41:06.021 [main] INFO  com.zaxxer.hikari.HikariDataSource - HikariPool-1 - Starting... 
13:10:01.984 [main] INFO  k.t.com.tsync.TsyncApplicationTests - Starting TsyncApplicationTests on VINCENT-ROG with PID 4500 (started by Vincent in C:\Users\Vincent\Desktop\PROJECTS\SBM\TYSNC\sbm_gateway) 
13:10:01.985 [main] INFO  k.t.com.tsync.TsyncApplicationTests - The following profiles are active: dev 
13:10:02.754 [main] INFO  o.s.d.r.c.RepositoryConfigurationDelegate - Bootstrapping Spring Data repositories in DEFAULT mode. 
13:10:02.853 [main] INFO  o.s.d.r.c.RepositoryConfigurationDelegate - Finished Spring Data repository scanning in 85ms. Found 7 repository interfaces. 
13:10:02.854 [main] INFO  o.s.d.r.c.RepositoryConfigurationDelegate - Bootstrapping Spring Data repositories in DEFAULT mode. 
13:10:02.862 [main] INFO  o.s.d.r.c.RepositoryConfigurationDelegate - Finished Spring Data repository scanning in 8ms. Found 1 repository interfaces. 
13:10:03.515 [main] INFO  o.s.c.s.PostProcessorRegistrationDelegate$BeanPostProcessorChecker - Bean 'org.springframework.transaction.annotation.ProxyTransactionManagementConfiguration' of type [org.springframework.transaction.annotation.ProxyTransactionManagementConfiguration$$EnhancerBySpringCGLIB$$fbd497e2] is not eligible for getting processed by all BeanPostProcessors (for example: not eligible for auto-proxying) 
13:10:03.752 [main] INFO  com.zaxxer.hikari.HikariDataSource - HikariPool-1 - Starting... 
13:10:26.205 [main] INFO  org.hibernate.Version - HHH000412: Hibernate Core {5.3.10.Final} 
13:10:26.207 [main] INFO  org.hibernate.cfg.Environment - HHH000206: hibernate.properties not found 
13:10:26.465 [main] INFO  o.h.annotations.common.Version - HCANN000001: Hibernate Commons Annotations {5.0.4.Final} 
13:10:26.997 [main] INFO  com.zaxxer.hikari.HikariDataSource - HikariPool-1 - Starting... 
13:44:24.589 [main] INFO  k.t.com.tsync.TsyncApplicationTests - Starting TsyncApplicationTests on VINCENT-ROG with PID 16168 (started by Vincent in C:\Users\Vincent\Desktop\PROJECTS\SBM\TYSNC\sbm_gateway) 
13:44:24.590 [main] INFO  k.t.com.tsync.TsyncApplicationTests - The following profiles are active: dev 
13:44:25.295 [main] INFO  o.s.d.r.c.RepositoryConfigurationDelegate - Bootstrapping Spring Data repositories in DEFAULT mode. 
13:44:25.392 [main] INFO  o.s.d.r.c.RepositoryConfigurationDelegate - Finished Spring Data repository scanning in 83ms. Found 7 repository interfaces. 
13:44:25.393 [main] INFO  o.s.d.r.c.RepositoryConfigurationDelegate - Bootstrapping Spring Data repositories in DEFAULT mode. 
13:44:25.400 [main] INFO  o.s.d.r.c.RepositoryConfigurationDelegate - Finished Spring Data repository scanning in 7ms. Found 1 repository interfaces. 
13:44:26.246 [main] INFO  o.s.c.s.PostProcessorRegistrationDelegate$BeanPostProcessorChecker - Bean 'org.springframework.transaction.annotation.ProxyTransactionManagementConfiguration' of type [org.springframework.transaction.annotation.ProxyTransactionManagementConfiguration$$EnhancerBySpringCGLIB$$51990a1] is not eligible for getting processed by all BeanPostProcessors (for example: not eligible for auto-proxying) 
13:44:26.486 [main] INFO  com.zaxxer.hikari.HikariDataSource - HikariPool-1 - Starting... 
13:44:48.777 [main] INFO  org.hibernate.Version - HHH000412: Hibernate Core {5.3.10.Final} 
13:44:48.778 [main] INFO  org.hibernate.cfg.Environment - HHH000206: hibernate.properties not found 
13:44:48.904 [main] INFO  o.h.annotations.common.Version - HCANN000001: Hibernate Commons Annotations {5.0.4.Final} 
13:44:49.190 [main] INFO  com.zaxxer.hikari.HikariDataSource - HikariPool-1 - Starting... 
14:31:54.131 [main] INFO  k.t.com.tsync.TsyncApplicationTests - Starting TsyncApplicationTests on VINCENT-ROG with PID 8644 (started by Vincent in C:\Users\Vincent\Desktop\PROJECTS\SBM\TYSNC\sbm_gateway) 
14:31:54.132 [main] INFO  k.t.com.tsync.TsyncApplicationTests - The following profiles are active: dev 
14:31:54.866 [main] INFO  o.s.d.r.c.RepositoryConfigurationDelegate - Bootstrapping Spring Data repositories in DEFAULT mode. 
14:31:54.952 [main] INFO  o.s.d.r.c.RepositoryConfigurationDelegate - Finished Spring Data repository scanning in 74ms. Found 7 repository interfaces. 
14:31:54.952 [main] INFO  o.s.d.r.c.RepositoryConfigurationDelegate - Bootstrapping Spring Data repositories in DEFAULT mode. 
14:31:54.959 [main] INFO  o.s.d.r.c.RepositoryConfigurationDelegate - Finished Spring Data repository scanning in 7ms. Found 1 repository interfaces. 
14:31:55.515 [main] INFO  o.s.c.s.PostProcessorRegistrationDelegate$BeanPostProcessorChecker - Bean 'org.springframework.transaction.annotation.ProxyTransactionManagementConfiguration' of type [org.springframework.transaction.annotation.ProxyTransactionManagementConfiguration$$EnhancerBySpringCGLIB$$51990a1] is not eligible for getting processed by all BeanPostProcessors (for example: not eligible for auto-proxying) 
14:31:55.770 [main] INFO  com.zaxxer.hikari.HikariDataSource - HikariPool-1 - Starting... 
14:32:18.021 [main] INFO  org.hibernate.Version - HHH000412: Hibernate Core {5.3.10.Final} 
14:32:18.023 [main] INFO  org.hibernate.cfg.Environment - HHH000206: hibernate.properties not found 
14:32:18.252 [main] INFO  o.h.annotations.common.Version - HCANN000001: Hibernate Commons Annotations {5.0.4.Final} 
14:32:18.668 [main] INFO  com.zaxxer.hikari.HikariDataSource - HikariPool-1 - Starting... 
14:33:30.197 [main] INFO  k.t.com.tsync.TsyncApplicationTests - Starting TsyncApplicationTests on VINCENT-ROG with PID 1556 (started by Vincent in C:\Users\Vincent\Desktop\PROJECTS\SBM\TYSNC\sbm_gateway) 
14:33:30.197 [main] INFO  k.t.com.tsync.TsyncApplicationTests - The following profiles are active: dev 
14:33:30.897 [main] INFO  o.s.d.r.c.RepositoryConfigurationDelegate - Bootstrapping Spring Data repositories in DEFAULT mode. 
14:33:31.000 [main] INFO  o.s.d.r.c.RepositoryConfigurationDelegate - Finished Spring Data repository scanning in 86ms. Found 7 repository interfaces. 
14:33:31.001 [main] INFO  o.s.d.r.c.RepositoryConfigurationDelegate - Bootstrapping Spring Data repositories in DEFAULT mode. 
14:33:31.009 [main] INFO  o.s.d.r.c.RepositoryConfigurationDelegate - Finished Spring Data repository scanning in 8ms. Found 1 repository interfaces. 
14:33:31.590 [main] INFO  o.s.c.s.PostProcessorRegistrationDelegate$BeanPostProcessorChecker - Bean 'org.springframework.transaction.annotation.ProxyTransactionManagementConfiguration' of type [org.springframework.transaction.annotation.ProxyTransactionManagementConfiguration$$EnhancerBySpringCGLIB$$26545890] is not eligible for getting processed by all BeanPostProcessors (for example: not eligible for auto-proxying) 
14:33:31.818 [main] INFO  com.zaxxer.hikari.HikariDataSource - HikariPool-1 - Starting... 
14:34:00.475 [main] INFO  k.t.com.tsync.TsyncApplicationTests - Starting TsyncApplicationTests on VINCENT-ROG with PID 10336 (started by Vincent in C:\Users\Vincent\Desktop\PROJECTS\SBM\TYSNC\sbm_gateway) 
14:34:00.476 [main] INFO  k.t.com.tsync.TsyncApplicationTests - The following profiles are active: remote 
14:34:01.259 [main] INFO  o.s.d.r.c.RepositoryConfigurationDelegate - Bootstrapping Spring Data repositories in DEFAULT mode. 
14:34:01.350 [main] INFO  o.s.d.r.c.RepositoryConfigurationDelegate - Finished Spring Data repository scanning in 79ms. Found 7 repository interfaces. 
14:34:01.351 [main] INFO  o.s.d.r.c.RepositoryConfigurationDelegate - Bootstrapping Spring Data repositories in DEFAULT mode. 
14:34:01.357 [main] INFO  o.s.d.r.c.RepositoryConfigurationDelegate - Finished Spring Data repository scanning in 6ms. Found 1 repository interfaces. 
14:34:02.037 [main] INFO  o.s.c.s.PostProcessorRegistrationDelegate$BeanPostProcessorChecker - Bean 'org.springframework.transaction.annotation.ProxyTransactionManagementConfiguration' of type [org.springframework.transaction.annotation.ProxyTransactionManagementConfiguration$$EnhancerBySpringCGLIB$$40bfe5db] is not eligible for getting processed by all BeanPostProcessors (for example: not eligible for auto-proxying) 
14:34:02.298 [main] INFO  com.zaxxer.hikari.HikariDataSource - HikariPool-1 - Starting... 
14:34:02.691 [main] INFO  com.zaxxer.hikari.HikariDataSource - HikariPool-1 - Start completed. 
14:34:02.855 [main] INFO  org.hibernate.Version - HHH000412: Hibernate Core {5.3.10.Final} 
14:34:02.856 [main] INFO  org.hibernate.cfg.Environment - HHH000206: hibernate.properties not found 
14:34:03.009 [main] INFO  o.h.annotations.common.Version - HCANN000001: Hibernate Commons Annotations {5.0.4.Final} 
14:34:03.322 [main] INFO  org.hibernate.dialect.Dialect - HHH000400: Using dialect: org.hibernate.dialect.Oracle12cDialect 
14:34:03.490 [main] INFO  o.hibernate.type.BasicTypeRegistry - HHH000270: Type registration [byte[]] overrides previous : org.hibernate.type.BinaryType@3a788fe0 
14:34:03.490 [main] INFO  o.hibernate.type.BasicTypeRegistry - HHH000270: Type registration [[B] overrides previous : org.hibernate.type.BinaryType@3a788fe0 
14:34:03.491 [main] INFO  o.hibernate.type.BasicTypeRegistry - HHH000270: Type registration [Byte[]] overrides previous : org.hibernate.type.WrapperBinaryType@3cb6e0ee 
14:34:03.491 [main] INFO  o.hibernate.type.BasicTypeRegistry - HHH000270: Type registration [[Ljava.lang.Byte;] overrides previous : org.hibernate.type.WrapperBinaryType@3cb6e0ee 
14:34:06.628 [main] INFO  o.h.h.i.QueryTranslatorFactoryInitiator - HHH000397: Using ASTQueryTranslatorFactory 
14:34:06.841 [main] INFO  o.s.o.j.LocalContainerEntityManagerFactoryBean - Initialized JPA EntityManagerFactory for persistence unit 'maindb' 
14:34:06.877 [main] INFO  com.zaxxer.hikari.HikariDataSource - HikariPool-2 - Starting... 
14:34:07.091 [main] INFO  com.zaxxer.hikari.HikariDataSource - HikariPool-2 - Start completed. 
14:34:07.095 [main] INFO  org.hibernate.dialect.Dialect - HHH000400: Using dialect: org.hibernate.dialect.Oracle12cDialect 
14:34:07.129 [main] INFO  o.hibernate.type.BasicTypeRegistry - HHH000270: Type registration [byte[]] overrides previous : org.hibernate.type.BinaryType@3a788fe0 
14:34:07.129 [main] INFO  o.hibernate.type.BasicTypeRegistry - HHH000270: Type registration [[B] overrides previous : org.hibernate.type.BinaryType@3a788fe0 
14:34:07.129 [main] INFO  o.hibernate.type.BasicTypeRegistry - HHH000270: Type registration [Byte[]] overrides previous : org.hibernate.type.WrapperBinaryType@3cb6e0ee 
14:34:07.129 [main] INFO  o.hibernate.type.BasicTypeRegistry - HHH000270: Type registration [[Ljava.lang.Byte;] overrides previous : org.hibernate.type.WrapperBinaryType@3cb6e0ee 
14:34:07.149 [main] INFO  o.s.o.j.LocalContainerEntityManagerFactoryBean - Initialized JPA EntityManagerFactory for persistence unit 'h2db' 
14:34:07.796 [main] INFO  k.tra.com.tsync.config.ProjectSetUp - Start Iso server 
14:34:08.397 [main] INFO  o.s.s.c.ThreadPoolTaskExecutor - Initializing ExecutorService 'applicationTaskExecutor' 
14:34:08.760 [main] INFO  o.s.s.c.ThreadPoolTaskScheduler - Initializing ExecutorService 'taskScheduler' 
14:34:08.827 [main] INFO  k.t.com.tsync.TsyncApplicationTests - Started TsyncApplicationTests in 8.746 seconds (JVM running for 9.39) 
14:34:08.877 [Thread-5] INFO  o.s.s.c.ThreadPoolTaskScheduler - Shutting down ExecutorService 'taskScheduler' 
14:34:08.878 [Thread-5] INFO  o.s.s.c.ThreadPoolTaskExecutor - Shutting down ExecutorService 'applicationTaskExecutor' 
14:34:08.881 [Thread-5] INFO  o.s.o.j.LocalContainerEntityManagerFactoryBean - Closing JPA EntityManagerFactory for persistence unit 'h2db' 
14:34:08.882 [Thread-5] INFO  com.zaxxer.hikari.HikariDataSource - HikariPool-2 - Shutdown initiated... 
14:34:08.887 [Thread-5] INFO  com.zaxxer.hikari.HikariDataSource - HikariPool-2 - Shutdown completed. 
14:34:08.888 [Thread-5] INFO  o.s.o.j.LocalContainerEntityManagerFactoryBean - Closing JPA EntityManagerFactory for persistence unit 'maindb' 
14:34:08.889 [Thread-5] INFO  com.zaxxer.hikari.HikariDataSource - HikariPool-1 - Shutdown initiated... 
14:34:08.954 [Thread-5] INFO  com.zaxxer.hikari.HikariDataSource - HikariPool-1 - Shutdown completed. 
14:46:45.768 [main] INFO  k.t.com.tsync.TsyncApplicationTests - Starting TsyncApplicationTests on VINCENT-ROG with PID 19672 (started by Vincent in C:\Users\Vincent\Desktop\PROJECTS\SBM\TYSNC\sbm_gateway) 
14:46:45.768 [main] INFO  k.t.com.tsync.TsyncApplicationTests - The following profiles are active: remote 
14:46:46.520 [main] INFO  o.s.d.r.c.RepositoryConfigurationDelegate - Bootstrapping Spring Data repositories in DEFAULT mode. 
14:46:46.614 [main] INFO  o.s.d.r.c.RepositoryConfigurationDelegate - Finished Spring Data repository scanning in 80ms. Found 7 repository interfaces. 
14:46:46.614 [main] INFO  o.s.d.r.c.RepositoryConfigurationDelegate - Bootstrapping Spring Data repositories in DEFAULT mode. 
14:46:46.621 [main] INFO  o.s.d.r.c.RepositoryConfigurationDelegate - Finished Spring Data repository scanning in 7ms. Found 1 repository interfaces. 
14:46:47.288 [main] INFO  o.s.c.s.PostProcessorRegistrationDelegate$BeanPostProcessorChecker - Bean 'org.springframework.transaction.annotation.ProxyTransactionManagementConfiguration' of type [org.springframework.transaction.annotation.ProxyTransactionManagementConfiguration$$EnhancerBySpringCGLIB$$967f0914] is not eligible for getting processed by all BeanPostProcessors (for example: not eligible for auto-proxying) 
14:46:47.569 [main] INFO  com.zaxxer.hikari.HikariDataSource - HikariPool-1 - Starting... 
14:46:47.961 [main] INFO  com.zaxxer.hikari.HikariDataSource - HikariPool-1 - Start completed. 
14:46:48.100 [main] INFO  org.hibernate.Version - HHH000412: Hibernate Core {5.3.10.Final} 
14:46:48.101 [main] INFO  org.hibernate.cfg.Environment - HHH000206: hibernate.properties not found 
14:46:48.248 [main] INFO  o.h.annotations.common.Version - HCANN000001: Hibernate Commons Annotations {5.0.4.Final} 
14:46:48.535 [main] INFO  org.hibernate.dialect.Dialect - HHH000400: Using dialect: org.hibernate.dialect.Oracle12cDialect 
14:46:48.680 [main] INFO  o.hibernate.type.BasicTypeRegistry - HHH000270: Type registration [byte[]] overrides previous : org.hibernate.type.BinaryType@272778ae 
14:46:48.680 [main] INFO  o.hibernate.type.BasicTypeRegistry - HHH000270: Type registration [[B] overrides previous : org.hibernate.type.BinaryType@272778ae 
14:46:48.680 [main] INFO  o.hibernate.type.BasicTypeRegistry - HHH000270: Type registration [Byte[]] overrides previous : org.hibernate.type.WrapperBinaryType@39c87b42 
14:46:48.680 [main] INFO  o.hibernate.type.BasicTypeRegistry - HHH000270: Type registration [[Ljava.lang.Byte;] overrides previous : org.hibernate.type.WrapperBinaryType@39c87b42 
14:46:51.545 [main] INFO  o.h.h.i.QueryTranslatorFactoryInitiator - HHH000397: Using ASTQueryTranslatorFactory 
14:46:51.771 [main] INFO  o.s.o.j.LocalContainerEntityManagerFactoryBean - Initialized JPA EntityManagerFactory for persistence unit 'maindb' 
14:46:51.816 [main] INFO  com.zaxxer.hikari.HikariDataSource - HikariPool-2 - Starting... 
14:46:51.992 [main] INFO  com.zaxxer.hikari.HikariDataSource - HikariPool-2 - Start completed. 
14:46:51.995 [main] INFO  org.hibernate.dialect.Dialect - HHH000400: Using dialect: org.hibernate.dialect.Oracle12cDialect 
14:46:52.029 [main] INFO  o.hibernate.type.BasicTypeRegistry - HHH000270: Type registration [byte[]] overrides previous : org.hibernate.type.BinaryType@272778ae 
14:46:52.029 [main] INFO  o.hibernate.type.BasicTypeRegistry - HHH000270: Type registration [[B] overrides previous : org.hibernate.type.BinaryType@272778ae 
14:46:52.029 [main] INFO  o.hibernate.type.BasicTypeRegistry - HHH000270: Type registration [Byte[]] overrides previous : org.hibernate.type.WrapperBinaryType@39c87b42 
14:46:52.029 [main] INFO  o.hibernate.type.BasicTypeRegistry - HHH000270: Type registration [[Ljava.lang.Byte;] overrides previous : org.hibernate.type.WrapperBinaryType@39c87b42 
14:46:52.050 [main] INFO  o.s.o.j.LocalContainerEntityManagerFactoryBean - Initialized JPA EntityManagerFactory for persistence unit 'h2db' 
14:46:52.639 [main] INFO  k.tra.com.tsync.config.ProjectSetUp - Start Iso server 
14:46:53.170 [main] INFO  o.s.s.c.ThreadPoolTaskExecutor - Initializing ExecutorService 'applicationTaskExecutor' 
14:46:53.500 [main] INFO  o.s.s.c.ThreadPoolTaskScheduler - Initializing ExecutorService 'taskScheduler' 
14:46:53.555 [main] INFO  k.t.com.tsync.TsyncApplicationTests - Started TsyncApplicationTests in 8.171 seconds (JVM running for 8.863) 
14:46:53.601 [Thread-5] INFO  o.s.s.c.ThreadPoolTaskScheduler - Shutting down ExecutorService 'taskScheduler' 
14:46:53.602 [Thread-5] INFO  o.s.s.c.ThreadPoolTaskExecutor - Shutting down ExecutorService 'applicationTaskExecutor' 
14:46:53.604 [Thread-5] INFO  o.s.o.j.LocalContainerEntityManagerFactoryBean - Closing JPA EntityManagerFactory for persistence unit 'h2db' 
14:46:53.605 [Thread-5] INFO  com.zaxxer.hikari.HikariDataSource - HikariPool-2 - Shutdown initiated... 
14:46:53.611 [Thread-5] INFO  com.zaxxer.hikari.HikariDataSource - HikariPool-2 - Shutdown completed. 
14:46:53.612 [Thread-5] INFO  o.s.o.j.LocalContainerEntityManagerFactoryBean - Closing JPA EntityManagerFactory for persistence unit 'maindb' 
14:46:53.613 [Thread-5] INFO  com.zaxxer.hikari.HikariDataSource - HikariPool-1 - Shutdown initiated... 
14:46:53.659 [Thread-5] INFO  com.zaxxer.hikari.HikariDataSource - HikariPool-1 - Shutdown completed. 
14:48:09.971 [main] INFO  k.t.com.tsync.TsyncApplicationTests - Starting TsyncApplicationTests on VINCENT-ROG with PID 10192 (started by Vincent in C:\Users\Vincent\Desktop\PROJECTS\SBM\TYSNC\sbm_gateway) 
14:48:09.972 [main] INFO  k.t.com.tsync.TsyncApplicationTests - The following profiles are active: remote 
14:48:10.746 [main] INFO  o.s.d.r.c.RepositoryConfigurationDelegate - Bootstrapping Spring Data repositories in DEFAULT mode. 
14:48:10.843 [main] INFO  o.s.d.r.c.RepositoryConfigurationDelegate - Finished Spring Data repository scanning in 84ms. Found 7 repository interfaces. 
14:48:10.844 [main] INFO  o.s.d.r.c.RepositoryConfigurationDelegate - Bootstrapping Spring Data repositories in DEFAULT mode. 
14:48:10.852 [main] INFO  o.s.d.r.c.RepositoryConfigurationDelegate - Finished Spring Data repository scanning in 8ms. Found 1 repository interfaces. 
14:48:11.432 [main] INFO  o.s.c.s.PostProcessorRegistrationDelegate$BeanPostProcessorChecker - Bean 'org.springframework.transaction.annotation.ProxyTransactionManagementConfiguration' of type [org.springframework.transaction.annotation.ProxyTransactionManagementConfiguration$$EnhancerBySpringCGLIB$$1bc0f32f] is not eligible for getting processed by all BeanPostProcessors (for example: not eligible for auto-proxying) 
14:48:11.652 [main] INFO  com.zaxxer.hikari.HikariDataSource - HikariPool-1 - Starting... 
14:48:12.024 [main] INFO  com.zaxxer.hikari.HikariDataSource - HikariPool-1 - Start completed. 
14:48:12.161 [main] INFO  org.hibernate.Version - HHH000412: Hibernate Core {5.3.10.Final} 
14:48:12.162 [main] INFO  org.hibernate.cfg.Environment - HHH000206: hibernate.properties not found 
14:48:12.310 [main] INFO  o.h.annotations.common.Version - HCANN000001: Hibernate Commons Annotations {5.0.4.Final} 
14:48:12.605 [main] INFO  org.hibernate.dialect.Dialect - HHH000400: Using dialect: org.hibernate.dialect.Oracle12cDialect 
14:48:12.759 [main] INFO  o.hibernate.type.BasicTypeRegistry - HHH000270: Type registration [byte[]] overrides previous : org.hibernate.type.BinaryType@571a663c 
14:48:12.759 [main] INFO  o.hibernate.type.BasicTypeRegistry - HHH000270: Type registration [[B] overrides previous : org.hibernate.type.BinaryType@571a663c 
14:48:12.760 [main] INFO  o.hibernate.type.BasicTypeRegistry - HHH000270: Type registration [Byte[]] overrides previous : org.hibernate.type.WrapperBinaryType@497ed877 
14:48:12.760 [main] INFO  o.hibernate.type.BasicTypeRegistry - HHH000270: Type registration [[Ljava.lang.Byte;] overrides previous : org.hibernate.type.WrapperBinaryType@497ed877 
14:48:15.779 [main] INFO  o.h.h.i.QueryTranslatorFactoryInitiator - HHH000397: Using ASTQueryTranslatorFactory 
14:48:16.033 [main] INFO  o.s.o.j.LocalContainerEntityManagerFactoryBean - Initialized JPA EntityManagerFactory for persistence unit 'maindb' 
14:48:16.070 [main] INFO  com.zaxxer.hikari.HikariDataSource - HikariPool-2 - Starting... 
14:48:16.260 [main] INFO  com.zaxxer.hikari.HikariDataSource - HikariPool-2 - Start completed. 
14:48:16.263 [main] INFO  org.hibernate.dialect.Dialect - HHH000400: Using dialect: org.hibernate.dialect.Oracle12cDialect 
14:48:16.296 [main] INFO  o.hibernate.type.BasicTypeRegistry - HHH000270: Type registration [byte[]] overrides previous : org.hibernate.type.BinaryType@571a663c 
14:48:16.296 [main] INFO  o.hibernate.type.BasicTypeRegistry - HHH000270: Type registration [[B] overrides previous : org.hibernate.type.BinaryType@571a663c 
14:48:16.296 [main] INFO  o.hibernate.type.BasicTypeRegistry - HHH000270: Type registration [Byte[]] overrides previous : org.hibernate.type.WrapperBinaryType@497ed877 
14:48:16.296 [main] INFO  o.hibernate.type.BasicTypeRegistry - HHH000270: Type registration [[Ljava.lang.Byte;] overrides previous : org.hibernate.type.WrapperBinaryType@497ed877 
14:48:16.319 [main] INFO  o.s.o.j.LocalContainerEntityManagerFactoryBean - Initialized JPA EntityManagerFactory for persistence unit 'h2db' 
14:48:16.906 [main] INFO  k.tra.com.tsync.config.ProjectSetUp - Start Iso server 
14:48:17.445 [main] INFO  o.s.s.c.ThreadPoolTaskExecutor - Initializing ExecutorService 'applicationTaskExecutor' 
14:48:17.801 [main] INFO  o.s.s.c.ThreadPoolTaskScheduler - Initializing ExecutorService 'taskScheduler' 
14:48:17.866 [main] INFO  k.t.com.tsync.TsyncApplicationTests - Started TsyncApplicationTests in 8.286 seconds (JVM running for 9.007) 
14:48:17.908 [Thread-5] INFO  o.s.s.c.ThreadPoolTaskScheduler - Shutting down ExecutorService 'taskScheduler' 
14:48:17.910 [Thread-5] INFO  o.s.s.c.ThreadPoolTaskExecutor - Shutting down ExecutorService 'applicationTaskExecutor' 
14:48:17.913 [Thread-5] INFO  o.s.o.j.LocalContainerEntityManagerFactoryBean - Closing JPA EntityManagerFactory for persistence unit 'h2db' 
14:48:17.914 [Thread-5] INFO  com.zaxxer.hikari.HikariDataSource - HikariPool-2 - Shutdown initiated... 
14:48:17.918 [Thread-5] INFO  com.zaxxer.hikari.HikariDataSource - HikariPool-2 - Shutdown completed. 
14:48:17.919 [Thread-5] INFO  o.s.o.j.LocalContainerEntityManagerFactoryBean - Closing JPA EntityManagerFactory for persistence unit 'maindb' 
14:48:17.920 [Thread-5] INFO  com.zaxxer.hikari.HikariDataSource - HikariPool-1 - Shutdown initiated... 
14:48:17.963 [Thread-5] INFO  com.zaxxer.hikari.HikariDataSource - HikariPool-1 - Shutdown completed. 
15:56:18.621 [main] INFO  ke.tra.com.tsync.TsyncApplication - Starting TsyncApplication on VINCENT-ROG with PID 11352 (C:\Users\Vincent\Desktop\PROJECTS\SBM\TYSNC\sbm_gateway\target\classes started by Vincent in C:\Users\Vincent\Desktop\PROJECTS\SBM\TYSNC\sbm_gateway) 
15:56:18.624 [main] INFO  ke.tra.com.tsync.TsyncApplication - The following profiles are active: dev 
15:56:19.378 [main] INFO  o.s.d.r.c.RepositoryConfigurationDelegate - Bootstrapping Spring Data repositories in DEFAULT mode. 
15:56:19.529 [main] INFO  o.s.d.r.c.RepositoryConfigurationDelegate - Finished Spring Data repository scanning in 137ms. Found 7 repository interfaces. 
15:56:19.530 [main] INFO  o.s.d.r.c.RepositoryConfigurationDelegate - Bootstrapping Spring Data repositories in DEFAULT mode. 
15:56:19.540 [main] INFO  o.s.d.r.c.RepositoryConfigurationDelegate - Finished Spring Data repository scanning in 9ms. Found 1 repository interfaces. 
15:56:20.118 [main] INFO  o.s.c.s.PostProcessorRegistrationDelegate$BeanPostProcessorChecker - Bean 'org.springframework.transaction.annotation.ProxyTransactionManagementConfiguration' of type [org.springframework.transaction.annotation.ProxyTransactionManagementConfiguration$$EnhancerBySpringCGLIB$$e0a1c51e] is not eligible for getting processed by all BeanPostProcessors (for example: not eligible for auto-proxying) 
15:56:20.446 [main] INFO  o.s.b.w.e.tomcat.TomcatWebServer - Tomcat initialized with port(s): 8094 (http) 
15:56:20.478 [main] INFO  o.a.coyote.http11.Http11NioProtocol - Initializing ProtocolHandler ["http-nio-8094"] 
15:56:20.643 [main] INFO  o.a.catalina.core.StandardService - Starting service [Tomcat] 
15:56:20.643 [main] INFO  o.a.catalina.core.StandardEngine - Starting Servlet engine: [Apache Tomcat/9.0.19] 
15:56:20.793 [main] INFO  o.a.c.c.C.[Tomcat].[localhost].[/] - Initializing Spring embedded WebApplicationContext 
15:56:20.793 [main] INFO  o.s.web.context.ContextLoader - Root WebApplicationContext: initialization completed in 2124 ms 
15:56:21.037 [main] INFO  com.zaxxer.hikari.HikariDataSource - HikariPool-1 - Starting... 
15:56:21.554 [main] INFO  com.zaxxer.hikari.HikariDataSource - HikariPool-1 - Start completed. 
15:56:21.748 [main] INFO  org.hibernate.Version - HHH000412: Hibernate Core {5.3.10.Final} 
15:56:21.749 [main] INFO  org.hibernate.cfg.Environment - HHH000206: hibernate.properties not found 
15:56:21.964 [main] INFO  o.h.annotations.common.Version - HCANN000001: Hibernate Commons Annotations {5.0.4.Final} 
15:56:22.244 [main] INFO  org.hibernate.dialect.Dialect - HHH000400: Using dialect: org.hibernate.dialect.Oracle12cDialect 
15:56:22.435 [main] INFO  o.hibernate.type.BasicTypeRegistry - HHH000270: Type registration [byte[]] overrides previous : org.hibernate.type.BinaryType@1622853e 
15:56:22.435 [main] INFO  o.hibernate.type.BasicTypeRegistry - HHH000270: Type registration [[B] overrides previous : org.hibernate.type.BinaryType@1622853e 
15:56:22.436 [main] INFO  o.hibernate.type.BasicTypeRegistry - HHH000270: Type registration [Byte[]] overrides previous : org.hibernate.type.WrapperBinaryType@6b6ad95a 
15:56:22.436 [main] INFO  o.hibernate.type.BasicTypeRegistry - HHH000270: Type registration [[Ljava.lang.Byte;] overrides previous : org.hibernate.type.WrapperBinaryType@6b6ad95a 
15:56:25.544 [main] INFO  o.h.h.i.QueryTranslatorFactoryInitiator - HHH000397: Using ASTQueryTranslatorFactory 
15:56:25.769 [main] INFO  o.s.o.j.LocalContainerEntityManagerFactoryBean - Initialized JPA EntityManagerFactory for persistence unit 'maindb' 
15:56:25.853 [main] INFO  com.zaxxer.hikari.HikariDataSource - HikariPool-2 - Starting... 
15:56:26.086 [main] INFO  com.zaxxer.hikari.HikariDataSource - HikariPool-2 - Start completed. 
15:56:26.089 [main] INFO  org.hibernate.dialect.Dialect - HHH000400: Using dialect: org.hibernate.dialect.Oracle12cDialect 
15:56:26.162 [main] INFO  o.hibernate.type.BasicTypeRegistry - HHH000270: Type registration [byte[]] overrides previous : org.hibernate.type.BinaryType@1622853e 
15:56:26.162 [main] INFO  o.hibernate.type.BasicTypeRegistry - HHH000270: Type registration [[B] overrides previous : org.hibernate.type.BinaryType@1622853e 
15:56:26.162 [main] INFO  o.hibernate.type.BasicTypeRegistry - HHH000270: Type registration [Byte[]] overrides previous : org.hibernate.type.WrapperBinaryType@6b6ad95a 
15:56:26.162 [main] INFO  o.hibernate.type.BasicTypeRegistry - HHH000270: Type registration [[Ljava.lang.Byte;] overrides previous : org.hibernate.type.WrapperBinaryType@6b6ad95a 
15:56:26.208 [main] INFO  o.s.o.j.LocalContainerEntityManagerFactoryBean - Initialized JPA EntityManagerFactory for persistence unit 'h2db' 
15:56:26.818 [main] INFO  k.tra.com.tsync.config.ProjectSetUp - Start Iso server 
15:56:27.047 [main] INFO  o.s.s.c.ThreadPoolTaskExecutor - Initializing ExecutorService 'applicationTaskExecutor' 
15:56:27.266 [main] INFO  o.s.s.c.ThreadPoolTaskScheduler - Initializing ExecutorService 'taskScheduler' 
15:56:27.315 [main] INFO  o.a.coyote.http11.Http11NioProtocol - Starting ProtocolHandler ["http-nio-8094"] 
15:56:27.347 [main] INFO  o.s.b.w.e.tomcat.TomcatWebServer - Tomcat started on port(s): 8094 (http) with context path '' 
15:56:27.351 [main] INFO  ke.tra.com.tsync.TsyncApplication - Started TsyncApplication in 9.264 seconds (JVM running for 29.124) 
15:56:27.388 [main] INFO  ke.tra.com.tsync.TsyncApplication -  ~~~~ ISO8583 Server started ~~~~  
15:56:27.388 [main] INFO  ke.tra.com.tsync.TsyncApplication - Application started successfully 
15:56:32.327 [scheduling-1] INFO  k.t.c.t.utils.FlexNetworkMessages - Attempting Echo Message to Flex:: Execution Time - 19 2 2020 15:56:32 
15:56:32.460 [scheduling-1] INFO  k.t.c.t.utils.FlexNetworkMessages - Flex Echo Sender SIGNON  
15:56:32.583 [scheduling-1] INFO  ke.tra.com.tsync.services.ToCBSTxns -  flex ip  192.168.1.203 port 9044  
15:56:32.585 [scheduling-1] INFO  k.t.com.tsync.utils.FlexChannelUtil - initializing FlexChannelUtil 
15:56:32.589 [scheduling-1] INFO  k.t.com.tsync.utils.FlexChannelUtil - initializing channel details: IP  192.168.1.203 PORT  9044 
15:56:32.592 [scheduling-1] INFO  k.t.com.tsync.utils.FlexChannelUtil - Connection test to flex UP ..   Flex ---  with : IP  192.168.1.203 PORT  9044 
15:56:32.592 [scheduling-1] INFO  ke.tra.com.tsync.services.ToCBSTxns - TOCBS Already connected to flex at  Wed Feb 19 15:56:32 EAT 2020 
15:56:32.607 [scheduling-1] INFO  ke.tra.com.tsync.services.ToCBSTxns - FLEX REQUEST RAW : 
  MTI : 0800
Field-7 : 0219035632
Field-11 : 058681
Field-70 : 001
 
15:56:32.811 [scheduling-1] INFO  ke.tra.com.tsync.services.ToCBSTxns - IO Exception connection Errod Flex  %n  null %n  Out: 0800 058681 %n {}  
15:56:32.811 [scheduling-1] INFO  ke.tra.com.tsync.services.ToCBSTxns - Final response DE 39: 96 
15:56:32.812 [scheduling-1] INFO  ke.tra.com.tsync.services.ToCBSTxns - ~~~~~~ End  ~~~~~~ 
15:58:12.821 [scheduling-1] INFO  k.t.c.t.utils.FlexNetworkMessages - Attempting Echo Message to Flex:: Execution Time - 19 2 2020 15:58:12 
15:58:12.827 [scheduling-1] INFO  k.t.c.t.utils.FlexNetworkMessages - Flex Echo Sender SIGNON  
15:58:12.834 [scheduling-1] INFO  ke.tra.com.tsync.services.ToCBSTxns -  flex ip  192.168.1.203 port 9044  
15:58:12.835 [scheduling-1] INFO  k.t.com.tsync.utils.FlexChannelUtil - flexChannelUtil already initialized  192.168.1.203 
15:58:12.835 [scheduling-1] INFO  ke.tra.com.tsync.services.ToCBSTxns - TOCBS flecconn not connected ..to reconnected to flex at  Wed Feb 19 15:58:12 EAT 2020 
15:58:12.839 [scheduling-1] INFO  ke.tra.com.tsync.services.ToCBSTxns - FLEX REQUEST RAW : 
  MTI : 0800
Field-7 : 0219035812
Field-11 : 058682
Field-70 : 001
 
15:58:13.053 [scheduling-1] INFO  ke.tra.com.tsync.services.ToCBSTxns - IO Exception connection Errod Flex  %n  null %n  Out: 0800 058682 %n {}  
15:58:13.054 [scheduling-1] INFO  ke.tra.com.tsync.services.ToCBSTxns - Final response DE 39: 96 
15:58:13.054 [scheduling-1] INFO  ke.tra.com.tsync.services.ToCBSTxns - ~~~~~~ End  ~~~~~~ 
15:59:53.066 [scheduling-1] INFO  k.t.c.t.utils.FlexNetworkMessages - Attempting Echo Message to Flex:: Execution Time - 19 2 2020 15:59:53 
15:59:53.071 [scheduling-1] INFO  k.t.c.t.utils.FlexNetworkMessages - Flex Echo Sender SIGNON  
15:59:53.078 [scheduling-1] INFO  ke.tra.com.tsync.services.ToCBSTxns -  flex ip  192.168.1.203 port 9044  
15:59:53.079 [scheduling-1] INFO  k.t.com.tsync.utils.FlexChannelUtil - flexChannelUtil already initialized  192.168.1.203 
15:59:53.079 [scheduling-1] INFO  ke.tra.com.tsync.services.ToCBSTxns - TOCBS flecconn not connected ..to reconnected to flex at  Wed Feb 19 15:59:53 EAT 2020 
15:59:53.083 [scheduling-1] INFO  ke.tra.com.tsync.services.ToCBSTxns - FLEX REQUEST RAW : 
  MTI : 0800
Field-7 : 0219035953
Field-11 : 058683
Field-70 : 001
 
15:59:53.287 [scheduling-1] INFO  ke.tra.com.tsync.services.ToCBSTxns - IO Exception connection Errod Flex  %n  null %n  Out: 0800 058683 %n {}  
15:59:53.287 [scheduling-1] INFO  ke.tra.com.tsync.services.ToCBSTxns - Final response DE 39: 96 
15:59:53.288 [scheduling-1] INFO  ke.tra.com.tsync.services.ToCBSTxns - ~~~~~~ End  ~~~~~~ 
16:01:33.302 [scheduling-1] INFO  k.t.c.t.utils.FlexNetworkMessages - Attempting Echo Message to Flex:: Execution Time - 19 2 2020 16:01:33 
16:01:33.305 [scheduling-1] INFO  k.t.c.t.utils.FlexNetworkMessages - Flex Echo Sender SIGNON  
16:01:33.311 [scheduling-1] INFO  ke.tra.com.tsync.services.ToCBSTxns -  flex ip  192.168.1.203 port 9044  
16:01:33.312 [scheduling-1] INFO  k.t.com.tsync.utils.FlexChannelUtil - flexChannelUtil already initialized  192.168.1.203 
16:01:33.312 [scheduling-1] INFO  ke.tra.com.tsync.services.ToCBSTxns - TOCBS flecconn not connected ..to reconnected to flex at  Wed Feb 19 16:01:33 EAT 2020 
16:01:33.316 [scheduling-1] INFO  ke.tra.com.tsync.services.ToCBSTxns - FLEX REQUEST RAW : 
  MTI : 0800
Field-7 : 0219040133
Field-11 : 058684
Field-70 : 001
 
16:01:33.521 [scheduling-1] INFO  ke.tra.com.tsync.services.ToCBSTxns - IO Exception connection Errod Flex  %n  null %n  Out: 0800 058684 %n {}  
16:01:33.521 [scheduling-1] INFO  ke.tra.com.tsync.services.ToCBSTxns - Final response DE 39: 96 
16:01:33.521 [scheduling-1] INFO  ke.tra.com.tsync.services.ToCBSTxns - ~~~~~~ End  ~~~~~~ 
16:03:13.527 [scheduling-1] INFO  k.t.c.t.utils.FlexNetworkMessages - Attempting Echo Message to Flex:: Execution Time - 19 2 2020 16:03:13 
16:03:13.531 [scheduling-1] INFO  k.t.c.t.utils.FlexNetworkMessages - Flex Echo Sender SIGNON  
16:03:13.539 [scheduling-1] INFO  ke.tra.com.tsync.services.ToCBSTxns -  flex ip  192.168.1.203 port 9044  
16:03:13.540 [scheduling-1] INFO  k.t.com.tsync.utils.FlexChannelUtil - flexChannelUtil already initialized  192.168.1.203 
16:03:13.540 [scheduling-1] INFO  ke.tra.com.tsync.services.ToCBSTxns - TOCBS flecconn not connected ..to reconnected to flex at  Wed Feb 19 16:03:13 EAT 2020 
16:03:13.544 [scheduling-1] INFO  ke.tra.com.tsync.services.ToCBSTxns - FLEX REQUEST RAW : 
  MTI : 0800
Field-7 : 0219040313
Field-11 : 058685
Field-70 : 001
 
16:03:13.758 [scheduling-1] INFO  ke.tra.com.tsync.services.ToCBSTxns - IO Exception connection Errod Flex  %n  null %n  Out: 0800 058685 %n {}  
16:03:13.758 [scheduling-1] INFO  ke.tra.com.tsync.services.ToCBSTxns - Final response DE 39: 96 
16:03:13.759 [scheduling-1] INFO  ke.tra.com.tsync.services.ToCBSTxns - ~~~~~~ End  ~~~~~~ 
16:04:53.759 [scheduling-1] INFO  k.t.c.t.utils.FlexNetworkMessages - Attempting Echo Message to Flex:: Execution Time - 19 2 2020 16:04:53 
16:04:53.763 [scheduling-1] INFO  k.t.c.t.utils.FlexNetworkMessages - Flex Echo Sender SIGNON  
16:04:53.770 [scheduling-1] INFO  ke.tra.com.tsync.services.ToCBSTxns -  flex ip  192.168.1.203 port 9044  
16:04:53.770 [scheduling-1] INFO  k.t.com.tsync.utils.FlexChannelUtil - flexChannelUtil already initialized  192.168.1.203 
16:04:53.770 [scheduling-1] INFO  ke.tra.com.tsync.services.ToCBSTxns - TOCBS flecconn not connected ..to reconnected to flex at  Wed Feb 19 16:04:53 EAT 2020 
16:04:53.779 [scheduling-1] INFO  ke.tra.com.tsync.services.ToCBSTxns - FLEX REQUEST RAW : 
  MTI : 0800
Field-7 : 0219040453
Field-11 : 058686
Field-70 : 001
 
16:04:53.983 [scheduling-1] INFO  ke.tra.com.tsync.services.ToCBSTxns - IO Exception connection Errod Flex  %n  null %n  Out: 0800 058686 %n {}  
16:04:53.984 [scheduling-1] INFO  ke.tra.com.tsync.services.ToCBSTxns - Final response DE 39: 96 
16:04:53.984 [scheduling-1] INFO  ke.tra.com.tsync.services.ToCBSTxns - ~~~~~~ End  ~~~~~~ 
16:06:33.991 [scheduling-1] INFO  k.t.c.t.utils.FlexNetworkMessages - Attempting Echo Message to Flex:: Execution Time - 19 2 2020 16:06:33 
16:06:33.993 [scheduling-1] INFO  k.t.c.t.utils.FlexNetworkMessages - Flex Echo Sender SIGNON  
16:06:33.998 [scheduling-1] INFO  ke.tra.com.tsync.services.ToCBSTxns -  flex ip  192.168.1.203 port 9044  
16:06:33.998 [scheduling-1] INFO  k.t.com.tsync.utils.FlexChannelUtil - flexChannelUtil already initialized  192.168.1.203 
16:06:33.998 [scheduling-1] INFO  ke.tra.com.tsync.services.ToCBSTxns - TOCBS flecconn not connected ..to reconnected to flex at  Wed Feb 19 16:06:33 EAT 2020 
16:06:34.001 [scheduling-1] INFO  ke.tra.com.tsync.services.ToCBSTxns - FLEX REQUEST RAW : 
  MTI : 0800
Field-7 : 0219040633
Field-11 : 058687
Field-70 : 001
 
16:06:34.207 [scheduling-1] INFO  ke.tra.com.tsync.services.ToCBSTxns - IO Exception connection Errod Flex  %n  null %n  Out: 0800 058687 %n {}  
16:06:34.207 [scheduling-1] INFO  ke.tra.com.tsync.services.ToCBSTxns - Final response DE 39: 96 
16:06:34.207 [scheduling-1] INFO  ke.tra.com.tsync.services.ToCBSTxns - ~~~~~~ End  ~~~~~~ 
16:08:09.290 [main] INFO  ke.tra.com.tsync.TsyncApplication - Starting TsyncApplication on VINCENT-ROG with PID 16840 (C:\Users\Vincent\Desktop\PROJECTS\SBM\TYSNC\sbm_gateway\target\classes started by Vincent in C:\Users\Vincent\Desktop\PROJECTS\SBM\TYSNC\sbm_gateway) 
16:08:09.292 [main] INFO  ke.tra.com.tsync.TsyncApplication - The following profiles are active: dev 
16:08:10.014 [main] INFO  o.s.d.r.c.RepositoryConfigurationDelegate - Bootstrapping Spring Data repositories in DEFAULT mode. 
16:08:10.184 [main] INFO  o.s.d.r.c.RepositoryConfigurationDelegate - Finished Spring Data repository scanning in 158ms. Found 7 repository interfaces. 
16:08:10.185 [main] INFO  o.s.d.r.c.RepositoryConfigurationDelegate - Bootstrapping Spring Data repositories in DEFAULT mode. 
16:08:10.193 [main] INFO  o.s.d.r.c.RepositoryConfigurationDelegate - Finished Spring Data repository scanning in 8ms. Found 1 repository interfaces. 
16:08:10.777 [main] INFO  o.s.c.s.PostProcessorRegistrationDelegate$BeanPostProcessorChecker - Bean 'org.springframework.transaction.annotation.ProxyTransactionManagementConfiguration' of type [org.springframework.transaction.annotation.ProxyTransactionManagementConfiguration$$EnhancerBySpringCGLIB$$cdf58cd] is not eligible for getting processed by all BeanPostProcessors (for example: not eligible for auto-proxying) 
16:08:11.084 [main] INFO  o.s.b.w.e.tomcat.TomcatWebServer - Tomcat initialized with port(s): 8094 (http) 
16:08:11.110 [main] INFO  o.a.coyote.http11.Http11NioProtocol - Initializing ProtocolHandler ["http-nio-8094"] 
16:08:11.284 [main] INFO  o.a.catalina.core.StandardService - Starting service [Tomcat] 
16:08:11.284 [main] INFO  o.a.catalina.core.StandardEngine - Starting Servlet engine: [Apache Tomcat/9.0.19] 
16:08:11.410 [main] INFO  o.a.c.c.C.[Tomcat].[localhost].[/] - Initializing Spring embedded WebApplicationContext 
16:08:11.410 [main] INFO  o.s.web.context.ContextLoader - Root WebApplicationContext: initialization completed in 2073 ms 
16:08:11.615 [main] INFO  com.zaxxer.hikari.HikariDataSource - HikariPool-1 - Starting... 
16:08:12.057 [main] INFO  com.zaxxer.hikari.HikariDataSource - HikariPool-1 - Start completed. 
16:08:12.202 [main] INFO  org.hibernate.Version - HHH000412: Hibernate Core {5.3.10.Final} 
16:08:12.203 [main] INFO  org.hibernate.cfg.Environment - HHH000206: hibernate.properties not found 
16:08:12.360 [main] INFO  o.h.annotations.common.Version - HCANN000001: Hibernate Commons Annotations {5.0.4.Final} 
16:08:12.622 [main] INFO  org.hibernate.dialect.Dialect - HHH000400: Using dialect: org.hibernate.dialect.Oracle12cDialect 
16:08:12.800 [main] INFO  o.hibernate.type.BasicTypeRegistry - HHH000270: Type registration [byte[]] overrides previous : org.hibernate.type.BinaryType@1838d03d 
16:08:12.800 [main] INFO  o.hibernate.type.BasicTypeRegistry - HHH000270: Type registration [[B] overrides previous : org.hibernate.type.BinaryType@1838d03d 
16:08:12.801 [main] INFO  o.hibernate.type.BasicTypeRegistry - HHH000270: Type registration [Byte[]] overrides previous : org.hibernate.type.WrapperBinaryType@4fb51cde 
16:08:12.801 [main] INFO  o.hibernate.type.BasicTypeRegistry - HHH000270: Type registration [[Ljava.lang.Byte;] overrides previous : org.hibernate.type.WrapperBinaryType@4fb51cde 
16:08:15.670 [main] INFO  o.h.h.i.QueryTranslatorFactoryInitiator - HHH000397: Using ASTQueryTranslatorFactory 
16:08:15.889 [main] INFO  o.s.o.j.LocalContainerEntityManagerFactoryBean - Initialized JPA EntityManagerFactory for persistence unit 'maindb' 
16:08:15.980 [main] INFO  com.zaxxer.hikari.HikariDataSource - HikariPool-2 - Starting... 
16:08:16.173 [main] INFO  com.zaxxer.hikari.HikariDataSource - HikariPool-2 - Start completed. 
16:08:16.176 [main] INFO  org.hibernate.dialect.Dialect - HHH000400: Using dialect: org.hibernate.dialect.Oracle12cDialect 
16:08:16.213 [main] INFO  o.hibernate.type.BasicTypeRegistry - HHH000270: Type registration [byte[]] overrides previous : org.hibernate.type.BinaryType@1838d03d 
16:08:16.213 [main] INFO  o.hibernate.type.BasicTypeRegistry - HHH000270: Type registration [[B] overrides previous : org.hibernate.type.BinaryType@1838d03d 
16:08:16.214 [main] INFO  o.hibernate.type.BasicTypeRegistry - HHH000270: Type registration [Byte[]] overrides previous : org.hibernate.type.WrapperBinaryType@4fb51cde 
16:08:16.214 [main] INFO  o.hibernate.type.BasicTypeRegistry - HHH000270: Type registration [[Ljava.lang.Byte;] overrides previous : org.hibernate.type.WrapperBinaryType@4fb51cde 
16:08:16.238 [main] INFO  o.s.o.j.LocalContainerEntityManagerFactoryBean - Initialized JPA EntityManagerFactory for persistence unit 'h2db' 
16:08:16.849 [main] INFO  k.tra.com.tsync.config.ProjectSetUp - Start Iso server 
16:08:17.078 [main] INFO  o.s.s.c.ThreadPoolTaskExecutor - Initializing ExecutorService 'applicationTaskExecutor' 
16:08:17.299 [main] INFO  o.s.s.c.ThreadPoolTaskScheduler - Initializing ExecutorService 'taskScheduler' 
16:08:17.354 [main] INFO  o.a.coyote.http11.Http11NioProtocol - Starting ProtocolHandler ["http-nio-8094"] 
16:08:17.385 [main] INFO  o.s.b.w.e.tomcat.TomcatWebServer - Tomcat started on port(s): 8094 (http) with context path '' 
16:08:17.389 [main] INFO  ke.tra.com.tsync.TsyncApplication - Started TsyncApplication in 8.693 seconds (JVM running for 36.405) 
16:08:17.422 [main] INFO  ke.tra.com.tsync.TsyncApplication -  ~~~~ ISO8583 Server started ~~~~  
16:08:17.422 [main] INFO  ke.tra.com.tsync.TsyncApplication - Application started successfully 
16:08:22.356 [scheduling-1] INFO  k.t.c.t.utils.FlexNetworkMessages - Attempting Echo Message to Flex:: Execution Time - 19 2 2020 16:08:22 
16:08:22.493 [scheduling-1] INFO  k.t.c.t.utils.FlexNetworkMessages - Flex Echo Sender SIGNON  
16:08:22.596 [scheduling-1] INFO  ke.tra.com.tsync.services.ToCBSTxns -  flex ip  192.168.1.203 port 9044  
16:08:22.597 [scheduling-1] INFO  k.t.com.tsync.utils.FlexChannelUtil - initializing FlexChannelUtil 
16:08:22.600 [scheduling-1] INFO  k.t.com.tsync.utils.FlexChannelUtil - initializing channel details: IP  192.168.1.203 PORT  9044 
16:08:22.604 [scheduling-1] INFO  k.t.com.tsync.utils.FlexChannelUtil - Connection test to flex UP ..   Flex ---  with : IP  192.168.1.203 PORT  9044 
16:08:22.604 [scheduling-1] INFO  ke.tra.com.tsync.services.ToCBSTxns - TOCBS Already connected to flex at  Wed Feb 19 16:08:22 EAT 2020 
16:08:22.617 [scheduling-1] INFO  ke.tra.com.tsync.services.ToCBSTxns - FLEX REQUEST RAW : 
  MTI : 0800
Field-7 : 0219040822
Field-11 : 058688
Field-70 : 001
 
16:08:22.829 [scheduling-1] INFO  ke.tra.com.tsync.services.ToCBSTxns - IO Exception connection Errod Flex  %n  null %n  Out: 0800 058688 %n {}  
16:08:22.829 [scheduling-1] INFO  ke.tra.com.tsync.services.ToCBSTxns - Final response DE 39: 96 
16:08:22.829 [scheduling-1] INFO  ke.tra.com.tsync.services.ToCBSTxns - ~~~~~~ End  ~~~~~~ 
16:10:24.716 [main] INFO  ke.tra.com.tsync.TsyncApplication - Starting TsyncApplication on VINCENT-ROG with PID 1472 (C:\Users\Vincent\Desktop\PROJECTS\SBM\TYSNC\sbm_gateway\target\classes started by Vincent in C:\Users\Vincent\Desktop\PROJECTS\SBM\TYSNC\sbm_gateway) 
16:10:24.719 [main] INFO  ke.tra.com.tsync.TsyncApplication - The following profiles are active: dev 
16:10:25.409 [main] INFO  o.s.d.r.c.RepositoryConfigurationDelegate - Bootstrapping Spring Data repositories in DEFAULT mode. 
16:10:25.579 [main] INFO  o.s.d.r.c.RepositoryConfigurationDelegate - Finished Spring Data repository scanning in 154ms. Found 7 repository interfaces. 
16:10:25.580 [main] INFO  o.s.d.r.c.RepositoryConfigurationDelegate - Bootstrapping Spring Data repositories in DEFAULT mode. 
16:10:25.588 [main] INFO  o.s.d.r.c.RepositoryConfigurationDelegate - Finished Spring Data repository scanning in 7ms. Found 1 repository interfaces. 
16:10:26.148 [main] INFO  o.s.c.s.PostProcessorRegistrationDelegate$BeanPostProcessorChecker - Bean 'org.springframework.transaction.annotation.ProxyTransactionManagementConfiguration' of type [org.springframework.transaction.annotation.ProxyTransactionManagementConfiguration$$EnhancerBySpringCGLIB$$8585d048] is not eligible for getting processed by all BeanPostProcessors (for example: not eligible for auto-proxying) 
16:10:26.426 [main] INFO  o.s.b.w.e.tomcat.TomcatWebServer - Tomcat initialized with port(s): 8094 (http) 
16:10:26.452 [main] INFO  o.a.coyote.http11.Http11NioProtocol - Initializing ProtocolHandler ["http-nio-8094"] 
16:10:26.620 [main] INFO  o.a.catalina.core.StandardService - Starting service [Tomcat] 
16:10:26.620 [main] INFO  o.a.catalina.core.StandardEngine - Starting Servlet engine: [Apache Tomcat/9.0.19] 
16:10:26.758 [main] INFO  o.a.c.c.C.[Tomcat].[localhost].[/] - Initializing Spring embedded WebApplicationContext 
16:10:26.758 [main] INFO  o.s.web.context.ContextLoader - Root WebApplicationContext: initialization completed in 1997 ms 
16:10:26.969 [main] INFO  com.zaxxer.hikari.HikariDataSource - HikariPool-1 - Starting... 
16:10:27.394 [main] INFO  com.zaxxer.hikari.HikariDataSource - HikariPool-1 - Start completed. 
16:10:27.536 [main] INFO  org.hibernate.Version - HHH000412: Hibernate Core {5.3.10.Final} 
16:10:27.537 [main] INFO  org.hibernate.cfg.Environment - HHH000206: hibernate.properties not found 
16:10:27.680 [main] INFO  o.h.annotations.common.Version - HCANN000001: Hibernate Commons Annotations {5.0.4.Final} 
16:10:27.898 [main] INFO  org.hibernate.dialect.Dialect - HHH000400: Using dialect: org.hibernate.dialect.Oracle12cDialect 
16:10:28.091 [main] INFO  o.hibernate.type.BasicTypeRegistry - HHH000270: Type registration [byte[]] overrides previous : org.hibernate.type.BinaryType@76eadadd 
16:10:28.091 [main] INFO  o.hibernate.type.BasicTypeRegistry - HHH000270: Type registration [[B] overrides previous : org.hibernate.type.BinaryType@76eadadd 
16:10:28.092 [main] INFO  o.hibernate.type.BasicTypeRegistry - HHH000270: Type registration [Byte[]] overrides previous : org.hibernate.type.WrapperBinaryType@28c7078a 
16:10:28.092 [main] INFO  o.hibernate.type.BasicTypeRegistry - HHH000270: Type registration [[Ljava.lang.Byte;] overrides previous : org.hibernate.type.WrapperBinaryType@28c7078a 
16:10:31.122 [main] INFO  o.h.h.i.QueryTranslatorFactoryInitiator - HHH000397: Using ASTQueryTranslatorFactory 
16:10:31.326 [main] INFO  o.s.o.j.LocalContainerEntityManagerFactoryBean - Initialized JPA EntityManagerFactory for persistence unit 'maindb' 
16:10:31.421 [main] INFO  com.zaxxer.hikari.HikariDataSource - HikariPool-2 - Starting... 
16:10:31.629 [main] INFO  com.zaxxer.hikari.HikariDataSource - HikariPool-2 - Start completed. 
16:10:31.632 [main] INFO  org.hibernate.dialect.Dialect - HHH000400: Using dialect: org.hibernate.dialect.Oracle12cDialect 
16:10:31.667 [main] INFO  o.hibernate.type.BasicTypeRegistry - HHH000270: Type registration [byte[]] overrides previous : org.hibernate.type.BinaryType@76eadadd 
16:10:31.667 [main] INFO  o.hibernate.type.BasicTypeRegistry - HHH000270: Type registration [[B] overrides previous : org.hibernate.type.BinaryType@76eadadd 
16:10:31.667 [main] INFO  o.hibernate.type.BasicTypeRegistry - HHH000270: Type registration [Byte[]] overrides previous : org.hibernate.type.WrapperBinaryType@28c7078a 
16:10:31.667 [main] INFO  o.hibernate.type.BasicTypeRegistry - HHH000270: Type registration [[Ljava.lang.Byte;] overrides previous : org.hibernate.type.WrapperBinaryType@28c7078a 
16:10:31.685 [main] INFO  o.s.o.j.LocalContainerEntityManagerFactoryBean - Initialized JPA EntityManagerFactory for persistence unit 'h2db' 
16:10:32.231 [main] INFO  k.tra.com.tsync.config.ProjectSetUp - Start Iso server 
16:10:32.451 [main] INFO  o.s.s.c.ThreadPoolTaskExecutor - Initializing ExecutorService 'applicationTaskExecutor' 
16:10:32.655 [main] INFO  o.s.s.c.ThreadPoolTaskScheduler - Initializing ExecutorService 'taskScheduler' 
16:10:32.706 [main] INFO  o.a.coyote.http11.Http11NioProtocol - Starting ProtocolHandler ["http-nio-8094"] 
16:10:32.731 [main] INFO  o.s.b.w.e.tomcat.TomcatWebServer - Tomcat started on port(s): 8094 (http) with context path '' 
16:10:32.735 [main] INFO  ke.tra.com.tsync.TsyncApplication - Started TsyncApplication in 8.51 seconds (JVM running for 19.304) 
16:10:32.763 [main] INFO  ke.tra.com.tsync.TsyncApplication -  ~~~~ ISO8583 Server started ~~~~  
16:10:32.763 [main] INFO  ke.tra.com.tsync.TsyncApplication - Application started successfully 
16:10:37.709 [scheduling-1] INFO  k.t.c.t.utils.FlexNetworkMessages - Attempting Echo Message to Flex:: Execution Time - 19 2 2020 16:10:37 
16:10:37.823 [scheduling-1] INFO  k.t.c.t.utils.FlexNetworkMessages - Flex Echo Sender SIGNON  
16:10:37.927 [scheduling-1] INFO  ke.tra.com.tsync.services.ToCBSTxns -  flex ip  192.168.1.203 port 9044  
16:10:37.928 [scheduling-1] INFO  k.t.com.tsync.utils.FlexChannelUtil - initializing FlexChannelUtil 
16:10:37.932 [scheduling-1] INFO  k.t.com.tsync.utils.FlexChannelUtil - initializing channel details: IP  192.168.1.203 PORT  9044 
16:10:37.935 [scheduling-1] INFO  k.t.com.tsync.utils.FlexChannelUtil - Connection test to flex UP ..   Flex ---  with : IP  192.168.1.203 PORT  9044 
16:10:37.935 [scheduling-1] INFO  ke.tra.com.tsync.services.ToCBSTxns - TOCBS Already connected to flex at  Wed Feb 19 16:10:37 EAT 2020 
16:10:37.948 [scheduling-1] INFO  ke.tra.com.tsync.services.ToCBSTxns - FLEX REQUEST RAW : 
  MTI : 0800
Field-7 : 0219041037
Field-11 : 058689
Field-70 : 001
 
16:10:38.162 [scheduling-1] INFO  ke.tra.com.tsync.services.ToCBSTxns - IO Exception connection Errod Flex  %n  null %n  Out: 0800 058689 %n {}  
16:10:38.162 [scheduling-1] INFO  ke.tra.com.tsync.services.ToCBSTxns - Final response DE 39: 96 
16:10:38.162 [scheduling-1] INFO  ke.tra.com.tsync.services.ToCBSTxns - ~~~~~~ End  ~~~~~~ 
16:12:18.165 [scheduling-1] INFO  k.t.c.t.utils.FlexNetworkMessages - Attempting Echo Message to Flex:: Execution Time - 19 2 2020 16:12:18 
16:12:18.169 [scheduling-1] INFO  k.t.c.t.utils.FlexNetworkMessages - Flex Echo Sender SIGNON  
16:12:18.176 [scheduling-1] INFO  ke.tra.com.tsync.services.ToCBSTxns -  flex ip  192.168.1.203 port 9044  
16:12:18.176 [scheduling-1] INFO  k.t.com.tsync.utils.FlexChannelUtil - flexChannelUtil already initialized  192.168.1.203 
16:12:18.177 [scheduling-1] INFO  ke.tra.com.tsync.services.ToCBSTxns - TOCBS flecconn not connected ..to reconnected to flex at  Wed Feb 19 16:12:18 EAT 2020 
16:12:18.181 [scheduling-1] INFO  ke.tra.com.tsync.services.ToCBSTxns - FLEX REQUEST RAW : 
  MTI : 0800
Field-7 : 0219041218
Field-11 : 058690
Field-70 : 001
 
16:12:18.389 [scheduling-1] INFO  ke.tra.com.tsync.services.ToCBSTxns - IO Exception connection Errod Flex  %n  null %n  Out: 0800 058690 %n {}  
16:12:18.389 [scheduling-1] INFO  ke.tra.com.tsync.services.ToCBSTxns - Final response DE 39: 96 
16:12:18.389 [scheduling-1] INFO  ke.tra.com.tsync.services.ToCBSTxns - ~~~~~~ End  ~~~~~~ 
16:13:58.402 [scheduling-1] INFO  k.t.c.t.utils.FlexNetworkMessages - Attempting Echo Message to Flex:: Execution Time - 19 2 2020 16:13:58 
16:13:58.407 [scheduling-1] INFO  k.t.c.t.utils.FlexNetworkMessages - Flex Echo Sender SIGNON  
16:13:58.413 [scheduling-1] INFO  ke.tra.com.tsync.services.ToCBSTxns -  flex ip  192.168.1.203 port 9044  
16:13:58.414 [scheduling-1] INFO  k.t.com.tsync.utils.FlexChannelUtil - flexChannelUtil already initialized  192.168.1.203 
16:13:58.414 [scheduling-1] INFO  ke.tra.com.tsync.services.ToCBSTxns - TOCBS flecconn not connected ..to reconnected to flex at  Wed Feb 19 16:13:58 EAT 2020 
16:13:58.418 [scheduling-1] INFO  ke.tra.com.tsync.services.ToCBSTxns - FLEX REQUEST RAW : 
  MTI : 0800
Field-7 : 0219041358
Field-11 : 058691
Field-70 : 001
 
16:13:58.633 [scheduling-1] INFO  ke.tra.com.tsync.services.ToCBSTxns - IO Exception connection Errod Flex  %n  null %n  Out: 0800 058691 %n {}  
16:13:58.633 [scheduling-1] INFO  ke.tra.com.tsync.services.ToCBSTxns - Final response DE 39: 96 
16:13:58.633 [scheduling-1] INFO  ke.tra.com.tsync.services.ToCBSTxns - ~~~~~~ End  ~~~~~~ 
