09:45:23.739 [main] INFO  k.t.com.tsync.TsyncApplicationTests - Starting TsyncApplicationTests on VINCENT-ROG with PID 12984 (started by Vincent in C:\Users\Vincent\Desktop\PROJECTS\SBM\TYSNC\sbm_gateway) 
09:45:23.742 [main] INFO  k.t.com.tsync.TsyncApplicationTests - The following profiles are active: dev 
09:45:24.750 [main] INFO  o.s.d.r.c.RepositoryConfigurationDelegate - Bootstrapping Spring Data repositories in DEFAULT mode. 
09:45:24.861 [main] INFO  o.s.d.r.c.RepositoryConfigurationDelegate - Finished Spring Data repository scanning in 97ms. Found 9 repository interfaces. 
09:45:24.861 [main] INFO  o.s.d.r.c.RepositoryConfigurationDelegate - Bootstrapping Spring Data repositories in DEFAULT mode. 
09:45:24.868 [main] INFO  o.s.d.r.c.RepositoryConfigurationDelegate - Finished Spring Data repository scanning in 6ms. Found 1 repository interfaces. 
09:45:25.442 [main] INFO  o.s.c.s.PostProcessorRegistrationDelegate$BeanPostProcessorChecker - Bean 'org.springframework.transaction.annotation.ProxyTransactionManagementConfiguration' of type [org.springframework.transaction.annotation.ProxyTransactionManagementConfiguration$$EnhancerBySpringCGLIB$$79b73a5c] is not eligible for getting processed by all BeanPostProcessors (for example: not eligible for auto-proxying) 
09:45:25.688 [main] INFO  com.zaxxer.hikari.HikariDataSource - HikariPool-1 - Starting... 
09:45:26.256 [main] INFO  com.zaxxer.hikari.HikariDataSource - HikariPool-1 - Start completed. 
09:45:26.457 [main] INFO  org.hibernate.Version - HHH000412: Hibernate Core {5.3.10.Final} 
09:45:26.460 [main] INFO  org.hibernate.cfg.Environment - HHH000206: hibernate.properties not found 
09:45:26.684 [main] INFO  o.h.annotations.common.Version - HCANN000001: Hibernate Commons Annotations {5.0.4.Final} 
09:45:26.990 [main] INFO  org.hibernate.dialect.Dialect - HHH000400: Using dialect: org.hibernate.dialect.Oracle12cDialect 
09:45:27.163 [main] INFO  o.hibernate.type.BasicTypeRegistry - HHH000270: Type registration [byte[]] overrides previous : org.hibernate.type.BinaryType@2a99ca99 
09:45:27.164 [main] INFO  o.hibernate.type.BasicTypeRegistry - HHH000270: Type registration [[B] overrides previous : org.hibernate.type.BinaryType@2a99ca99 
09:45:27.165 [main] INFO  o.hibernate.type.BasicTypeRegistry - HHH000270: Type registration [Byte[]] overrides previous : org.hibernate.type.WrapperBinaryType@73e1ecd0 
09:45:27.165 [main] INFO  o.hibernate.type.BasicTypeRegistry - HHH000270: Type registration [[Ljava.lang.Byte;] overrides previous : org.hibernate.type.WrapperBinaryType@73e1ecd0 
09:45:29.841 [main] INFO  o.h.h.i.QueryTranslatorFactoryInitiator - HHH000397: Using ASTQueryTranslatorFactory 
09:45:30.041 [main] INFO  o.s.o.j.LocalContainerEntityManagerFactoryBean - Initialized JPA EntityManagerFactory for persistence unit 'maindb' 
09:45:30.079 [main] INFO  com.zaxxer.hikari.HikariDataSource - HikariPool-2 - Starting... 
09:45:30.279 [main] INFO  com.zaxxer.hikari.HikariDataSource - HikariPool-2 - Start completed. 
09:45:30.279 [main] INFO  org.hibernate.dialect.Dialect - HHH000400: Using dialect: org.hibernate.dialect.Oracle12cDialect 
09:45:30.311 [main] INFO  o.hibernate.type.BasicTypeRegistry - HHH000270: Type registration [byte[]] overrides previous : org.hibernate.type.BinaryType@2a99ca99 
09:45:30.311 [main] INFO  o.hibernate.type.BasicTypeRegistry - HHH000270: Type registration [[B] overrides previous : org.hibernate.type.BinaryType@2a99ca99 
09:45:30.311 [main] INFO  o.hibernate.type.BasicTypeRegistry - HHH000270: Type registration [Byte[]] overrides previous : org.hibernate.type.WrapperBinaryType@73e1ecd0 
09:45:30.311 [main] INFO  o.hibernate.type.BasicTypeRegistry - HHH000270: Type registration [[Ljava.lang.Byte;] overrides previous : org.hibernate.type.WrapperBinaryType@73e1ecd0 
09:45:30.342 [main] INFO  o.s.o.j.LocalContainerEntityManagerFactoryBean - Initialized JPA EntityManagerFactory for persistence unit 'h2db' 
09:45:31.001 [main] INFO  k.tra.com.tsync.config.ProjectSetUp - Start Iso server 
09:45:31.512 [main] INFO  o.s.s.c.ThreadPoolTaskExecutor - Initializing ExecutorService 'applicationTaskExecutor' 
09:45:31.984 [main] INFO  o.s.b.a.s.s.UserDetailsServiceAutoConfiguration - 

Using generated security password: 7818e8a6-ac31-4896-ba51-109b7d2c3ff9
 
09:45:32.158 [main] INFO  o.s.s.w.DefaultSecurityFilterChain - Creating filter chain: any request, [org.springframework.security.web.context.request.async.WebAsyncManagerIntegrationFilter@2c7d64c1, org.springframework.security.web.context.SecurityContextPersistenceFilter@d6f69f6, org.springframework.security.web.header.HeaderWriterFilter@6b04770d, org.springframework.security.web.csrf.CsrfFilter@5614901, org.springframework.security.web.authentication.logout.LogoutFilter@5db488ca, org.springframework.security.web.authentication.UsernamePasswordAuthenticationFilter@508b3a48, org.springframework.security.web.authentication.ui.DefaultLoginPageGeneratingFilter@1b5473a4, org.springframework.security.web.authentication.ui.DefaultLogoutPageGeneratingFilter@49b9aab1, org.springframework.security.web.authentication.www.BasicAuthenticationFilter@98a8418, org.springframework.security.web.savedrequest.RequestCacheAwareFilter@13dba07a, org.springframework.security.web.servletapi.SecurityContextHolderAwareRequestFilter@59b31f2a, org.springframework.security.web.authentication.AnonymousAuthenticationFilter@4e7125e0, org.springframework.security.web.session.SessionManagementFilter@34380041, org.springframework.security.web.access.ExceptionTranslationFilter@3a4e78e, org.springframework.security.web.access.intercept.FilterSecurityInterceptor@3a8db320] 
09:45:32.211 [main] INFO  o.s.s.c.ThreadPoolTaskScheduler - Initializing ExecutorService 'taskScheduler' 
09:45:32.272 [main] INFO  k.t.com.tsync.TsyncApplicationTests - Started TsyncApplicationTests in 9.017 seconds (JVM running for 9.797) 
09:45:32.323 [Thread-5] INFO  o.s.s.c.ThreadPoolTaskScheduler - Shutting down ExecutorService 'taskScheduler' 
09:45:32.326 [Thread-5] INFO  o.s.s.c.ThreadPoolTaskExecutor - Shutting down ExecutorService 'applicationTaskExecutor' 
09:45:32.328 [Thread-5] INFO  o.s.o.j.LocalContainerEntityManagerFactoryBean - Closing JPA EntityManagerFactory for persistence unit 'h2db' 
09:45:32.330 [Thread-5] INFO  com.zaxxer.hikari.HikariDataSource - HikariPool-2 - Shutdown initiated... 
09:45:32.335 [Thread-5] INFO  com.zaxxer.hikari.HikariDataSource - HikariPool-2 - Shutdown completed. 
09:45:32.335 [Thread-5] INFO  o.s.o.j.LocalContainerEntityManagerFactoryBean - Closing JPA EntityManagerFactory for persistence unit 'maindb' 
09:45:32.336 [Thread-5] INFO  com.zaxxer.hikari.HikariDataSource - HikariPool-1 - Shutdown initiated... 
09:45:32.426 [Thread-5] INFO  com.zaxxer.hikari.HikariDataSource - HikariPool-1 - Shutdown completed. 
