10:31:45.333 [main] INFO  ke.tra.com.tsync.TsyncApplication - Starting TsyncApplication on DESKTOP-41KACUO with PID 18980 (E:\projects\gateways\crdb_tsync\target\classes started by cotuoma in E:\projects\gateways\crdb_tsync) 
10:31:45.336 [main] INFO  ke.tra.com.tsync.TsyncApplication - The following profiles are active: test 
10:31:54.656 [main] INFO  o.s.d.r.c.RepositoryConfigurationDelegate - Bootstrapping Spring Data repositories in DEFAULT mode. 
10:31:55.015 [main] INFO  o.s.d.r.c.RepositoryConfigurationDelegate - Finished Spring Data repository scanning in 315ms. Found 31 repository interfaces. 
10:31:55.726 [main] INFO  o.s.c.s.PostProcessorRegistrationDelegate$BeanPostProcessorChecker - Bean 'org.springframework.transaction.annotation.ProxyTransactionManagementConfiguration' of type [org.springframework.transaction.annotation.ProxyTransactionManagementConfiguration$$EnhancerBySpringCGLIB$$c96afa95] is not eligible for getting processed by all BeanPostProcessors (for example: not eligible for auto-proxying) 
10:31:56.145 [main] INFO  o.s.b.w.e.tomcat.TomcatWebServer - Tomcat initialized with port(s): 8094 (http) 
10:31:56.211 [main] INFO  o.a.coyote.http11.Http11NioProtocol - Initializing ProtocolHandler ["http-nio-8094"] 
10:31:56.332 [main] INFO  o.a.catalina.core.StandardService - Starting service [Tomcat] 
10:31:56.332 [main] INFO  o.a.catalina.core.StandardEngine - Starting Servlet engine: [Apache Tomcat/9.0.19] 
10:31:56.656 [main] INFO  o.a.c.c.C.[Tomcat].[localhost].[/] - Initializing Spring embedded WebApplicationContext 
10:31:56.656 [main] INFO  o.s.web.context.ContextLoader - Root WebApplicationContext: initialization completed in 11040 ms 
10:31:57.673 [main] INFO  com.zaxxer.hikari.HikariDataSource - HikariPool-1 - Starting... 
10:32:05.226 [main] INFO  ke.tra.com.tsync.TsyncApplication - Starting TsyncApplication on DESKTOP-41KACUO with PID 27800 (E:\projects\gateways\crdb_tsync\target\classes started by cotuoma in E:\projects\gateways\crdb_tsync) 
10:32:05.227 [main] INFO  ke.tra.com.tsync.TsyncApplication - The following profiles are active: remote 
10:32:06.496 [main] INFO  o.s.d.r.c.RepositoryConfigurationDelegate - Bootstrapping Spring Data repositories in DEFAULT mode. 
10:32:06.895 [main] INFO  o.s.d.r.c.RepositoryConfigurationDelegate - Finished Spring Data repository scanning in 381ms. Found 31 repository interfaces. 
10:32:07.215 [main] INFO  o.s.c.s.PostProcessorRegistrationDelegate$BeanPostProcessorChecker - Bean 'org.springframework.transaction.annotation.ProxyTransactionManagementConfiguration' of type [org.springframework.transaction.annotation.ProxyTransactionManagementConfiguration$$EnhancerBySpringCGLIB$$64a14d4] is not eligible for getting processed by all BeanPostProcessors (for example: not eligible for auto-proxying) 
10:32:07.469 [main] INFO  o.s.b.w.e.tomcat.TomcatWebServer - Tomcat initialized with port(s): 8094 (http) 
10:32:07.483 [main] INFO  o.a.coyote.http11.Http11NioProtocol - Initializing ProtocolHandler ["http-nio-8094"] 
10:32:07.611 [main] INFO  o.a.catalina.core.StandardService - Starting service [Tomcat] 
10:32:07.611 [main] INFO  o.a.catalina.core.StandardEngine - Starting Servlet engine: [Apache Tomcat/9.0.19] 
10:32:07.787 [main] INFO  o.a.c.c.C.[Tomcat].[localhost].[/] - Initializing Spring embedded WebApplicationContext 
10:32:07.787 [main] INFO  o.s.web.context.ContextLoader - Root WebApplicationContext: initialization completed in 2535 ms 
10:32:08.213 [main] INFO  com.zaxxer.hikari.HikariDataSource - HikariPool-1 - Starting... 
10:32:09.294 [main] INFO  com.zaxxer.hikari.HikariDataSource - HikariPool-1 - Start completed. 
10:32:10.040 [main] INFO  org.hibernate.Version - HHH000412: Hibernate Core {5.3.10.Final} 
10:32:10.041 [main] INFO  org.hibernate.cfg.Environment - HHH000206: hibernate.properties not found 
10:32:10.523 [main] INFO  o.h.annotations.common.Version - HCANN000001: Hibernate Commons Annotations {5.0.4.Final} 
10:32:10.901 [main] INFO  org.hibernate.dialect.Dialect - HHH000400: Using dialect: org.hibernate.dialect.OracleDialect 
10:32:16.386 [main] INFO  o.h.h.i.QueryTranslatorFactoryInitiator - HHH000397: Using ASTQueryTranslatorFactory 
10:32:16.705 [main] INFO  o.s.o.j.LocalContainerEntityManagerFactoryBean - Initialized JPA EntityManagerFactory for persistence unit 'default' 
10:32:18.830 [main] INFO  ke.tra.com.tsync.TsyncApplication - Attempting fetchSessionNumber from PIP:: Execution Time - Wed Sep 30 10:32:18 EAT 2020 
10:32:18.887 [main] INFO  k.t.c.t.s.crdb.CRDBPipService - crdbSessionWrp Req GetCRDBSessionWrp(password=930738240272, partnerID=PIP6372158461, code=SESSION)  
10:32:40.134 [main] INFO  k.t.c.t.s.crdb.CRDBPipService - getSessionDetails {} 
org.springframework.web.client.ResourceAccessException: I/O error on POST request for "http://41.215.130.247:9069/partneruat/api/service/session": Connection timed out: connect; nested exception is java.net.ConnectException: Connection timed out: connect
	at org.springframework.web.client.RestTemplate.doExecute(RestTemplate.java:744)
	at org.springframework.web.client.RestTemplate.execute(RestTemplate.java:670)
	at org.springframework.web.client.RestTemplate.exchange(RestTemplate.java:608)
	at ke.tra.com.tsync.services.crdb.CRDBPipService.getSessionDetailsOnline(CRDBPipService.java:98)
	at ke.tra.com.tsync.TsyncApplication.getSessionKeyIni(TsyncApplication.java:75)
	at ke.tra.com.tsync.TsyncApplication.initAppCfgs(TsyncApplication.java:61)
	at java.base/jdk.internal.reflect.NativeMethodAccessorImpl.invoke0(Native Method)
	at java.base/jdk.internal.reflect.NativeMethodAccessorImpl.invoke(NativeMethodAccessorImpl.java:62)
	at java.base/jdk.internal.reflect.DelegatingMethodAccessorImpl.invoke(DelegatingMethodAccessorImpl.java:43)
	at java.base/java.lang.reflect.Method.invoke(Method.java:566)
	at org.springframework.beans.factory.annotation.InitDestroyAnnotationBeanPostProcessor$LifecycleElement.invoke(InitDestroyAnnotationBeanPostProcessor.java:363)
	at org.springframework.beans.factory.annotation.InitDestroyAnnotationBeanPostProcessor$LifecycleMetadata.invokeInitMethods(InitDestroyAnnotationBeanPostProcessor.java:307)
	at org.springframework.beans.factory.annotation.InitDestroyAnnotationBeanPostProcessor.postProcessBeforeInitialization(InitDestroyAnnotationBeanPostProcessor.java:136)
	at org.springframework.beans.factory.support.AbstractAutowireCapableBeanFactory.applyBeanPostProcessorsBeforeInitialization(AbstractAutowireCapableBeanFactory.java:414)
	at org.springframework.beans.factory.support.AbstractAutowireCapableBeanFactory.initializeBean(AbstractAutowireCapableBeanFactory.java:1770)
	at org.springframework.beans.factory.support.AbstractAutowireCapableBeanFactory.doCreateBean(AbstractAutowireCapableBeanFactory.java:593)
	at org.springframework.beans.factory.support.AbstractAutowireCapableBeanFactory.createBean(AbstractAutowireCapableBeanFactory.java:515)
	at org.springframework.beans.factory.support.AbstractBeanFactory.lambda$doGetBean$0(AbstractBeanFactory.java:320)
	at org.springframework.beans.factory.support.DefaultSingletonBeanRegistry.getSingleton(DefaultSingletonBeanRegistry.java:222)
	at org.springframework.beans.factory.support.AbstractBeanFactory.doGetBean(AbstractBeanFactory.java:318)
	at org.springframework.beans.factory.support.AbstractBeanFactory.getBean(AbstractBeanFactory.java:199)
	at org.springframework.beans.factory.support.DefaultListableBeanFactory.preInstantiateSingletons(DefaultListableBeanFactory.java:843)
	at org.springframework.context.support.AbstractApplicationContext.finishBeanFactoryInitialization(AbstractApplicationContext.java:877)
	at org.springframework.context.support.AbstractApplicationContext.refresh(AbstractApplicationContext.java:549)
	at org.springframework.boot.web.servlet.context.ServletWebServerApplicationContext.refresh(ServletWebServerApplicationContext.java:142)
	at org.springframework.boot.SpringApplication.refresh(SpringApplication.java:775)
	at org.springframework.boot.SpringApplication.refreshContext(SpringApplication.java:397)
	at org.springframework.boot.SpringApplication.run(SpringApplication.java:316)
	at ke.tra.com.tsync.TsyncApplication.main(TsyncApplication.java:52)
Caused by: java.net.ConnectException: Connection timed out: connect
	at java.base/java.net.PlainSocketImpl.connect0(Native Method)
	at java.base/java.net.PlainSocketImpl.socketConnect(PlainSocketImpl.java:101)
	at java.base/java.net.AbstractPlainSocketImpl.doConnect(AbstractPlainSocketImpl.java:399)
	at java.base/java.net.AbstractPlainSocketImpl.connectToAddress(AbstractPlainSocketImpl.java:242)
	at java.base/java.net.AbstractPlainSocketImpl.connect(AbstractPlainSocketImpl.java:224)
	at java.base/java.net.Socket.connect(Socket.java:591)
	at java.base/java.net.Socket.connect(Socket.java:540)
	at java.base/sun.net.NetworkClient.doConnect(NetworkClient.java:182)
	at java.base/sun.net.www.http.HttpClient.openServer(HttpClient.java:474)
	at java.base/sun.net.www.http.HttpClient.openServer(HttpClient.java:569)
	at java.base/sun.net.www.http.HttpClient.<init>(HttpClient.java:242)
	at java.base/sun.net.www.http.HttpClient.New(HttpClient.java:341)
	at java.base/sun.net.www.http.HttpClient.New(HttpClient.java:362)
	at java.base/sun.net.www.protocol.http.HttpURLConnection.getNewHttpClient(HttpURLConnection.java:1248)
	at java.base/sun.net.www.protocol.http.HttpURLConnection.plainConnect0(HttpURLConnection.java:1187)
	at java.base/sun.net.www.protocol.http.HttpURLConnection.plainConnect(HttpURLConnection.java:1081)
	at java.base/sun.net.www.protocol.http.HttpURLConnection.connect(HttpURLConnection.java:1015)
	at org.springframework.http.client.SimpleBufferingClientHttpRequest.executeInternal(SimpleBufferingClientHttpRequest.java:76)
	at org.springframework.http.client.AbstractBufferingClientHttpRequest.executeInternal(AbstractBufferingClientHttpRequest.java:48)
	at org.springframework.http.client.AbstractClientHttpRequest.execute(AbstractClientHttpRequest.java:53)
	at org.springframework.web.client.RestTemplate.doExecute(RestTemplate.java:735)
	... 28 common frames omitted
10:32:40.137 [main] INFO  ke.tra.com.tsync.TsyncApplication - sessionStr   
10:32:42.586 [main] INFO  k.tra.com.tsync.config.ProjectSetUp - Start Iso server 
10:32:42.998 [main] INFO  o.s.s.c.ThreadPoolTaskExecutor - Initializing ExecutorService 'applicationTaskExecutor' 
10:32:43.608 [main] INFO  o.s.b.a.s.s.UserDetailsServiceAutoConfiguration - 

Using generated security password: a10e87a8-99be-4836-bb68-1fcb385bedc4
 
10:32:43.714 [main] INFO  o.s.s.w.DefaultSecurityFilterChain - Creating filter chain: any request, [org.springframework.security.web.context.request.async.WebAsyncManagerIntegrationFilter@26a04ce7, org.springframework.security.web.context.SecurityContextPersistenceFilter@500bae0b, org.springframework.security.web.header.HeaderWriterFilter@7be4f55, org.springframework.security.web.csrf.CsrfFilter@74f0bfba, org.springframework.security.web.authentication.logout.LogoutFilter@3b4004cd, org.springframework.security.web.authentication.UsernamePasswordAuthenticationFilter@16867cdf, org.springframework.security.web.authentication.ui.DefaultLoginPageGeneratingFilter@21d856ee, org.springframework.security.web.authentication.ui.DefaultLogoutPageGeneratingFilter@7f8a2f71, org.springframework.security.web.authentication.www.BasicAuthenticationFilter@3cea551d, org.springframework.security.web.savedrequest.RequestCacheAwareFilter@21002025, org.springframework.security.web.servletapi.SecurityContextHolderAwareRequestFilter@4f7cf154, org.springframework.security.web.authentication.AnonymousAuthenticationFilter@7c018b33, org.springframework.security.web.session.SessionManagementFilter@76c944ce, org.springframework.security.web.access.ExceptionTranslationFilter@6ae2d1e2, org.springframework.security.web.access.intercept.FilterSecurityInterceptor@18a6acfe] 
10:32:43.808 [main] INFO  o.s.b.a.e.web.EndpointLinksResolver - Exposing 1 endpoint(s) beneath base path '/actuator' 
10:32:43.835 [main] INFO  o.s.s.c.ThreadPoolTaskScheduler - Initializing ExecutorService 'taskScheduler' 
10:32:43.926 [main] INFO  o.a.coyote.http11.Http11NioProtocol - Starting ProtocolHandler ["http-nio-8094"] 
10:32:43.965 [main] INFO  o.s.b.w.e.tomcat.TomcatWebServer - Tomcat started on port(s): 8094 (http) with context path '' 
10:32:43.968 [main] INFO  ke.tra.com.tsync.TsyncApplication - Started TsyncApplication in 39.103 seconds (JVM running for 40.245) 
10:32:44.096 [main] INFO  ke.tra.com.tsync.TsyncApplication -  ~~~~ ISO8583 Server started ~~~~  
10:32:44.097 [main] INFO  ke.tra.com.tsync.TsyncApplication - Application started successfully 
10:40:04.164 [ISOServer-ThreadPool.PooledThread-0-running] INFO  ke.tra.com.tsync.RequestHandlers - 
~^~^~^^~^~^~^ Server receive request time 30/09/20 10:40:04 164 +0300    MTI  :  1100    procode 001110 ref 304020104004  
10:40:04.286 [ISOServer-ThreadPool.PooledThread-0-running] INFO  ke.tra.com.tsync.RequestHandlers -  HERE WE ARE00 
10:40:04.287 [ISOServer-ThreadPool.PooledThread-0-running] INFO  k.t.c.t.s.CoreProcessorService -  processTransactionsbyMTI : 001110 
10:40:04.328 [ISOServer-ThreadPool.PooledThread-0-running] INFO  k.t.c.t.s.CoreProcessorService - ++++++++++++ HERE 
10:40:04.329 [ISOServer-ThreadPool.PooledThread-0-running] INFO  k.t.c.t.s.CoreProcessorService -  fieldDataMap  : PosUserWrapper(firstName=null, otherName=null, idNumber=null, phoneNumber=null, password=null, serialNumber=161277313221017301065310, username=CoolKid2, MID=null, TID=null, pin=null, confirmPin=null, terminationReason=null, currentPin=null, tidMids=null, appVersion=null, gender=null, email=null, userAccessCode=null, Workgroup=null) 
10:40:04.369 [ISOServer-ThreadPool.PooledThread-0-running] INFO  k.t.c.t.s.CoreProcessorService -  STEP INQUIRY  : 1100 F37304020104004 
10:40:04.379 [ISOServer-ThreadPool.PooledThread-0-running] INFO  k.t.com.tsync.services.UserService - ******************---0CoolKid2 
10:40:04.765 [ISOServer-ThreadPool.PooledThread-0-running] INFO  k.t.com.tsync.services.UserService - **** 
10:40:04.765 [ISOServer-ThreadPool.PooledThread-0-running] INFO  k.t.com.tsync.services.UserService - 161277313221017301065310 
10:40:04.765 [ISOServer-ThreadPool.PooledThread-0-running] INFO  k.t.com.tsync.services.UserService - ****1 
10:40:04.765 [ISOServer-ThreadPool.PooledThread-0-running] INFO  k.t.com.tsync.services.UserService - **** 4  
10:40:04.887 [ISOServer-ThreadPool.PooledThread-0-running] INFO  k.t.c.t.s.CoreProcessorService - ~~~~~~~~~ saveOnlineActivity  
10:40:04.984 [ISOServer-ThreadPool.PooledThread-0-running] INFO  k.t.c.t.services.ISOMsgTOEntityImp - convertIsoToPojo 
10:40:05.047 [ISOServer-ThreadPool.PooledThread-0-running] INFO  ke.tra.com.tsync.RequestHandlers - 

 ~^~^~^^~^~^~^ Server Response time 30/09/20 10:40:05 047 +0300    MTI  :  1100    procode 001110  Ref 304020104004  RESPONSE CODE 34 

 
10:44:42.580 [ISOServer-ThreadPool.PooledThread-0-running] INFO  ke.tra.com.tsync.RequestHandlers - 
~^~^~^^~^~^~^ Server receive request time 30/09/20 10:44:42 580 +0300    MTI  :  1100    procode 001110 ref 304420104442  
10:44:42.726 [ISOServer-ThreadPool.PooledThread-0-running] INFO  ke.tra.com.tsync.RequestHandlers -  HERE WE ARE00 
10:44:42.726 [ISOServer-ThreadPool.PooledThread-0-running] INFO  k.t.c.t.s.CoreProcessorService -  processTransactionsbyMTI : 001110 
10:44:42.726 [ISOServer-ThreadPool.PooledThread-0-running] INFO  k.t.c.t.s.CoreProcessorService - ++++++++++++ HERE 
10:44:42.727 [ISOServer-ThreadPool.PooledThread-0-running] INFO  k.t.c.t.s.CoreProcessorService -  fieldDataMap  : PosUserWrapper(firstName=null, otherName=null, idNumber=null, phoneNumber=null, password=null, serialNumber=161277313221017301065279, username=CoolKid2, MID=null, TID=null, pin=null, confirmPin=null, terminationReason=null, currentPin=null, tidMids=null, appVersion=null, gender=null, email=null, userAccessCode=null, Workgroup=null) 
10:44:42.730 [ISOServer-ThreadPool.PooledThread-0-running] INFO  k.t.c.t.s.CoreProcessorService -  STEP INQUIRY  : 1100 F37304420104442 
10:44:42.731 [ISOServer-ThreadPool.PooledThread-0-running] INFO  k.t.com.tsync.services.UserService - ******************---0CoolKid2 
10:44:44.460 [ISOServer-ThreadPool.PooledThread-0-running] INFO  k.t.com.tsync.services.UserService - **** 
10:44:44.460 [ISOServer-ThreadPool.PooledThread-0-running] INFO  k.t.com.tsync.services.UserService - 161277313221017301065279 
10:44:44.460 [ISOServer-ThreadPool.PooledThread-0-running] INFO  k.t.com.tsync.services.UserService - ****1 
10:44:44.460 [ISOServer-ThreadPool.PooledThread-0-running] INFO  k.t.com.tsync.services.UserService - **** 5 
10:44:44.983 [ISOServer-ThreadPool.PooledThread-0-running] INFO  k.t.c.t.s.CoreProcessorService - ~~~~~~~~~ saveOnlineActivity  
10:44:44.991 [ISOServer-ThreadPool.PooledThread-0-running] INFO  k.t.c.t.services.ISOMsgTOEntityImp - convertIsoToPojo 
10:44:45.269 [ISOServer-ThreadPool.PooledThread-0-running] INFO  ke.tra.com.tsync.RequestHandlers - 

 ~^~^~^^~^~^~^ Server Response time 30/09/20 10:44:45 269 +0300    MTI  :  1100    procode 001110  Ref 304420104442  RESPONSE CODE 00 

 
10:46:18.359 [main] INFO  k.t.com.tsync.TsyncApplicationTests - Starting TsyncApplicationTests on DESKTOP-41KACUO with PID 26660 (started by cotuoma in E:\projects\gateways\crdb_tsync) 
10:46:18.360 [main] INFO  k.t.com.tsync.TsyncApplicationTests - The following profiles are active: remote 
10:46:20.683 [main] INFO  o.s.d.r.c.RepositoryConfigurationDelegate - Bootstrapping Spring Data repositories in DEFAULT mode. 
10:46:20.997 [main] INFO  o.s.d.r.c.RepositoryConfigurationDelegate - Finished Spring Data repository scanning in 297ms. Found 31 repository interfaces. 
10:46:21.785 [main] INFO  o.s.c.s.PostProcessorRegistrationDelegate$BeanPostProcessorChecker - Bean 'org.springframework.transaction.annotation.ProxyTransactionManagementConfiguration' of type [org.springframework.transaction.annotation.ProxyTransactionManagementConfiguration$$EnhancerBySpringCGLIB$$3f2e5e78] is not eligible for getting processed by all BeanPostProcessors (for example: not eligible for auto-proxying) 
10:46:22.345 [main] INFO  com.zaxxer.hikari.HikariDataSource - HikariPool-1 - Starting... 
10:46:23.528 [main] INFO  com.zaxxer.hikari.HikariDataSource - HikariPool-1 - Start completed. 
10:46:23.736 [main] INFO  org.hibernate.Version - HHH000412: Hibernate Core {5.3.10.Final} 
10:46:23.739 [main] INFO  org.hibernate.cfg.Environment - HHH000206: hibernate.properties not found 
10:46:23.961 [main] INFO  o.h.annotations.common.Version - HCANN000001: Hibernate Commons Annotations {5.0.4.Final} 
10:46:24.374 [main] INFO  org.hibernate.dialect.Dialect - HHH000400: Using dialect: org.hibernate.dialect.OracleDialect 
10:46:28.920 [main] INFO  o.h.h.i.QueryTranslatorFactoryInitiator - HHH000397: Using ASTQueryTranslatorFactory 
10:46:29.448 [main] INFO  o.s.o.j.LocalContainerEntityManagerFactoryBean - Initialized JPA EntityManagerFactory for persistence unit 'default' 
10:46:30.482 [main] INFO  ke.tra.com.tsync.TsyncApplication - Attempting fetchSessionNumber from PIP:: Execution Time - Wed Sep 30 10:46:30 EAT 2020 
10:46:30.500 [main] INFO  k.t.c.t.s.crdb.CRDBPipService - crdbSessionWrp Req GetCRDBSessionWrp(password=930738240272, partnerID=PIP6372158461, code=SESSION)  
10:46:51.639 [main] INFO  k.t.c.t.s.crdb.CRDBPipService - getSessionDetails {} 
org.springframework.web.client.ResourceAccessException: I/O error on POST request for "http://41.215.130.247:9069/partneruat/api/service/session": Connection timed out: connect; nested exception is java.net.ConnectException: Connection timed out: connect
	at org.springframework.web.client.RestTemplate.doExecute(RestTemplate.java:744)
	at org.springframework.web.client.RestTemplate.execute(RestTemplate.java:670)
	at org.springframework.web.client.RestTemplate.exchange(RestTemplate.java:608)
	at ke.tra.com.tsync.services.crdb.CRDBPipService.getSessionDetailsOnline(CRDBPipService.java:98)
	at ke.tra.com.tsync.TsyncApplication.getSessionKeyIni(TsyncApplication.java:75)
	at ke.tra.com.tsync.TsyncApplication.initAppCfgs(TsyncApplication.java:61)
	at java.base/jdk.internal.reflect.NativeMethodAccessorImpl.invoke0(Native Method)
	at java.base/jdk.internal.reflect.NativeMethodAccessorImpl.invoke(NativeMethodAccessorImpl.java:62)
	at java.base/jdk.internal.reflect.DelegatingMethodAccessorImpl.invoke(DelegatingMethodAccessorImpl.java:43)
	at java.base/java.lang.reflect.Method.invoke(Method.java:566)
	at org.springframework.beans.factory.annotation.InitDestroyAnnotationBeanPostProcessor$LifecycleElement.invoke(InitDestroyAnnotationBeanPostProcessor.java:363)
	at org.springframework.beans.factory.annotation.InitDestroyAnnotationBeanPostProcessor$LifecycleMetadata.invokeInitMethods(InitDestroyAnnotationBeanPostProcessor.java:307)
	at org.springframework.beans.factory.annotation.InitDestroyAnnotationBeanPostProcessor.postProcessBeforeInitialization(InitDestroyAnnotationBeanPostProcessor.java:136)
	at org.springframework.beans.factory.support.AbstractAutowireCapableBeanFactory.applyBeanPostProcessorsBeforeInitialization(AbstractAutowireCapableBeanFactory.java:414)
	at org.springframework.beans.factory.support.AbstractAutowireCapableBeanFactory.initializeBean(AbstractAutowireCapableBeanFactory.java:1770)
	at org.springframework.beans.factory.support.AbstractAutowireCapableBeanFactory.doCreateBean(AbstractAutowireCapableBeanFactory.java:593)
	at org.springframework.beans.factory.support.AbstractAutowireCapableBeanFactory.createBean(AbstractAutowireCapableBeanFactory.java:515)
	at org.springframework.beans.factory.support.AbstractBeanFactory.lambda$doGetBean$0(AbstractBeanFactory.java:320)
	at org.springframework.beans.factory.support.DefaultSingletonBeanRegistry.getSingleton(DefaultSingletonBeanRegistry.java:222)
	at org.springframework.beans.factory.support.AbstractBeanFactory.doGetBean(AbstractBeanFactory.java:318)
	at org.springframework.beans.factory.support.AbstractBeanFactory.getBean(AbstractBeanFactory.java:199)
	at org.springframework.beans.factory.support.DefaultListableBeanFactory.preInstantiateSingletons(DefaultListableBeanFactory.java:843)
	at org.springframework.context.support.AbstractApplicationContext.finishBeanFactoryInitialization(AbstractApplicationContext.java:877)
	at org.springframework.context.support.AbstractApplicationContext.refresh(AbstractApplicationContext.java:549)
	at org.springframework.boot.SpringApplication.refresh(SpringApplication.java:775)
	at org.springframework.boot.SpringApplication.refreshContext(SpringApplication.java:397)
	at org.springframework.boot.SpringApplication.run(SpringApplication.java:316)
	at org.springframework.boot.test.context.SpringBootContextLoader.loadContext(SpringBootContextLoader.java:127)
	at org.springframework.test.context.cache.DefaultCacheAwareContextLoaderDelegate.loadContextInternal(DefaultCacheAwareContextLoaderDelegate.java:99)
	at org.springframework.test.context.cache.DefaultCacheAwareContextLoaderDelegate.loadContext(DefaultCacheAwareContextLoaderDelegate.java:117)
	at org.springframework.test.context.support.DefaultTestContext.getApplicationContext(DefaultTestContext.java:108)
	at org.springframework.test.context.web.ServletTestExecutionListener.setUpRequestContextIfNecessary(ServletTestExecutionListener.java:190)
	at org.springframework.test.context.web.ServletTestExecutionListener.prepareTestInstance(ServletTestExecutionListener.java:132)
	at org.springframework.test.context.TestContextManager.prepareTestInstance(TestContextManager.java:246)
	at org.springframework.test.context.junit4.SpringJUnit4ClassRunner.createTest(SpringJUnit4ClassRunner.java:227)
	at org.springframework.test.context.junit4.SpringJUnit4ClassRunner$1.runReflectiveCall(SpringJUnit4ClassRunner.java:289)
	at org.junit.internal.runners.model.ReflectiveCallable.run(ReflectiveCallable.java:12)
	at org.springframework.test.context.junit4.SpringJUnit4ClassRunner.methodBlock(SpringJUnit4ClassRunner.java:291)
	at org.springframework.test.context.junit4.SpringJUnit4ClassRunner.runChild(SpringJUnit4ClassRunner.java:246)
	at org.springframework.test.context.junit4.SpringJUnit4ClassRunner.runChild(SpringJUnit4ClassRunner.java:97)
	at org.junit.runners.ParentRunner$3.run(ParentRunner.java:290)
	at org.junit.runners.ParentRunner$1.schedule(ParentRunner.java:71)
	at org.junit.runners.ParentRunner.runChildren(ParentRunner.java:288)
	at org.junit.runners.ParentRunner.access$000(ParentRunner.java:58)
	at org.junit.runners.ParentRunner$2.evaluate(ParentRunner.java:268)
	at org.springframework.test.context.junit4.statements.RunBeforeTestClassCallbacks.evaluate(RunBeforeTestClassCallbacks.java:61)
	at org.springframework.test.context.junit4.statements.RunAfterTestClassCallbacks.evaluate(RunAfterTestClassCallbacks.java:70)
	at org.junit.runners.ParentRunner.run(ParentRunner.java:363)
	at org.springframework.test.context.junit4.SpringJUnit4ClassRunner.run(SpringJUnit4ClassRunner.java:190)
	at org.apache.maven.surefire.junit4.JUnit4Provider.execute(JUnit4Provider.java:365)
	at org.apache.maven.surefire.junit4.JUnit4Provider.executeWithRerun(JUnit4Provider.java:273)
	at org.apache.maven.surefire.junit4.JUnit4Provider.executeTestSet(JUnit4Provider.java:238)
	at org.apache.maven.surefire.junit4.JUnit4Provider.invoke(JUnit4Provider.java:159)
	at org.apache.maven.surefire.booter.ForkedBooter.invokeProviderInSameClassLoader(ForkedBooter.java:384)
	at org.apache.maven.surefire.booter.ForkedBooter.runSuitesInProcess(ForkedBooter.java:345)
	at org.apache.maven.surefire.booter.ForkedBooter.execute(ForkedBooter.java:126)
	at org.apache.maven.surefire.booter.ForkedBooter.main(ForkedBooter.java:418)
Caused by: java.net.ConnectException: Connection timed out: connect
	at java.base/java.net.PlainSocketImpl.connect0(Native Method)
	at java.base/java.net.PlainSocketImpl.socketConnect(PlainSocketImpl.java:101)
	at java.base/java.net.AbstractPlainSocketImpl.doConnect(AbstractPlainSocketImpl.java:399)
	at java.base/java.net.AbstractPlainSocketImpl.connectToAddress(AbstractPlainSocketImpl.java:242)
	at java.base/java.net.AbstractPlainSocketImpl.connect(AbstractPlainSocketImpl.java:224)
	at java.base/java.net.Socket.connect(Socket.java:591)
	at java.base/java.net.Socket.connect(Socket.java:540)
	at java.base/sun.net.NetworkClient.doConnect(NetworkClient.java:182)
	at java.base/sun.net.www.http.HttpClient.openServer(HttpClient.java:474)
	at java.base/sun.net.www.http.HttpClient.openServer(HttpClient.java:569)
	at java.base/sun.net.www.http.HttpClient.<init>(HttpClient.java:242)
	at java.base/sun.net.www.http.HttpClient.New(HttpClient.java:341)
	at java.base/sun.net.www.http.HttpClient.New(HttpClient.java:362)
	at java.base/sun.net.www.protocol.http.HttpURLConnection.getNewHttpClient(HttpURLConnection.java:1248)
	at java.base/sun.net.www.protocol.http.HttpURLConnection.plainConnect0(HttpURLConnection.java:1187)
	at java.base/sun.net.www.protocol.http.HttpURLConnection.plainConnect(HttpURLConnection.java:1081)
	at java.base/sun.net.www.protocol.http.HttpURLConnection.connect(HttpURLConnection.java:1015)
	at org.springframework.http.client.SimpleBufferingClientHttpRequest.executeInternal(SimpleBufferingClientHttpRequest.java:76)
	at org.springframework.http.client.AbstractBufferingClientHttpRequest.executeInternal(AbstractBufferingClientHttpRequest.java:48)
	at org.springframework.http.client.AbstractClientHttpRequest.execute(AbstractClientHttpRequest.java:53)
	at org.springframework.web.client.RestTemplate.doExecute(RestTemplate.java:735)
	... 56 common frames omitted
10:46:51.642 [main] INFO  ke.tra.com.tsync.TsyncApplication - sessionStr   
10:46:52.854 [main] INFO  k.tra.com.tsync.config.ProjectSetUp - Start Iso server 
10:46:54.197 [main] INFO  o.s.s.c.ThreadPoolTaskExecutor - Initializing ExecutorService 'applicationTaskExecutor' 
10:46:55.365 [main] INFO  o.s.b.a.s.s.UserDetailsServiceAutoConfiguration - 

Using generated security password: dc647cc1-f7aa-4c20-99ec-58b349c232c8
 
10:46:55.562 [main] INFO  o.s.s.w.DefaultSecurityFilterChain - Creating filter chain: any request, [org.springframework.security.web.context.request.async.WebAsyncManagerIntegrationFilter@5ea3f373, org.springframework.security.web.context.SecurityContextPersistenceFilter@7671026, org.springframework.security.web.header.HeaderWriterFilter@310e0749, org.springframework.security.web.csrf.CsrfFilter@52de93f1, org.springframework.security.web.authentication.logout.LogoutFilter@5305e9cc, org.springframework.security.web.authentication.UsernamePasswordAuthenticationFilter@14189fcc, org.springframework.security.web.authentication.ui.DefaultLoginPageGeneratingFilter@2d320a24, org.springframework.security.web.authentication.ui.DefaultLogoutPageGeneratingFilter@7b857cc8, org.springframework.security.web.authentication.www.BasicAuthenticationFilter@311a46ae, org.springframework.security.web.savedrequest.RequestCacheAwareFilter@6a74f6be, org.springframework.security.web.servletapi.SecurityContextHolderAwareRequestFilter@3c6d4c15, org.springframework.security.web.authentication.AnonymousAuthenticationFilter@5d4369c5, org.springframework.security.web.session.SessionManagementFilter@42630ea9, org.springframework.security.web.access.ExceptionTranslationFilter@996ed93, org.springframework.security.web.access.intercept.FilterSecurityInterceptor@36c9698e] 
10:46:55.734 [main] INFO  o.s.b.a.e.web.EndpointLinksResolver - Exposing 1 endpoint(s) beneath base path '/actuator' 
10:46:55.793 [main] INFO  o.s.s.c.ThreadPoolTaskScheduler - Initializing ExecutorService 'taskScheduler' 
10:46:55.892 [main] INFO  k.t.com.tsync.TsyncApplicationTests - Started TsyncApplicationTests in 38.014 seconds (JVM running for 39.503) 
10:46:55.996 [Thread-6] INFO  o.s.s.c.ThreadPoolTaskScheduler - Shutting down ExecutorService 'taskScheduler' 
10:46:56.000 [Thread-6] INFO  o.s.s.c.ThreadPoolTaskExecutor - Shutting down ExecutorService 'applicationTaskExecutor' 
10:46:56.010 [Thread-6] INFO  o.s.o.j.LocalContainerEntityManagerFactoryBean - Closing JPA EntityManagerFactory for persistence unit 'default' 
10:46:56.013 [Thread-6] INFO  com.zaxxer.hikari.HikariDataSource - HikariPool-1 - Shutdown initiated... 
10:46:56.439 [Thread-6] INFO  com.zaxxer.hikari.HikariDataSource - HikariPool-1 - Shutdown completed. 
16:19:49.330 [main] INFO  k.t.com.tsync.TsyncApplicationTests - Starting TsyncApplicationTests on DESKTOP-41KACUO with PID 37532 (started by cotuoma in E:\projects\gateways\crdb_tsync) 
16:19:49.332 [main] INFO  k.t.com.tsync.TsyncApplicationTests - The following profiles are active: test 
16:19:51.579 [main] INFO  o.s.d.r.c.RepositoryConfigurationDelegate - Bootstrapping Spring Data repositories in DEFAULT mode. 
16:19:51.993 [main] INFO  o.s.d.r.c.RepositoryConfigurationDelegate - Finished Spring Data repository scanning in 388ms. Found 31 repository interfaces. 
16:19:53.183 [main] INFO  o.s.c.s.PostProcessorRegistrationDelegate$BeanPostProcessorChecker - Bean 'org.springframework.transaction.annotation.ProxyTransactionManagementConfiguration' of type [org.springframework.transaction.annotation.ProxyTransactionManagementConfiguration$$EnhancerBySpringCGLIB$$53dbd9d3] is not eligible for getting processed by all BeanPostProcessors (for example: not eligible for auto-proxying) 
16:19:53.765 [main] INFO  com.zaxxer.hikari.HikariDataSource - HikariPool-1 - Starting... 
16:20:23.766 [main] INFO  org.hibernate.Version - HHH000412: Hibernate Core {5.3.10.Final} 
16:20:23.770 [main] INFO  org.hibernate.cfg.Environment - HHH000206: hibernate.properties not found 
16:20:23.899 [main] INFO  o.h.annotations.common.Version - HCANN000001: Hibernate Commons Annotations {5.0.4.Final} 
16:20:24.176 [main] INFO  com.zaxxer.hikari.HikariDataSource - HikariPool-1 - Starting... 
16:20:46.223 [main] INFO  org.hibernate.dialect.Dialect - HHH000400: Using dialect: org.hibernate.dialect.OracleDialect 
16:20:46.239 [main] INFO  o.h.e.j.e.i.LobCreatorBuilderImpl - HHH000422: Disabling contextual LOB creation as connection was null 
16:20:50.013 [main] INFO  com.zaxxer.hikari.HikariDataSource - HikariPool-1 - Starting... 
16:21:12.049 [main] INFO  o.h.h.i.QueryTranslatorFactoryInitiator - HHH000397: Using ASTQueryTranslatorFactory 
16:21:12.511 [main] INFO  o.s.o.j.LocalContainerEntityManagerFactoryBean - Initialized JPA EntityManagerFactory for persistence unit 'default' 
16:21:12.894 [main] INFO  com.zaxxer.hikari.HikariDataSource - HikariPool-1 - Starting... 
16:21:34.920 [main] INFO  o.s.o.j.LocalContainerEntityManagerFactoryBean - Closing JPA EntityManagerFactory for persistence unit 'default' 
16:33:34.347 [main] INFO  k.t.com.tsync.TsyncApplicationTests - Starting TsyncApplicationTests on DESKTOP-41KACUO with PID 10492 (started by cotuoma in E:\projects\gateways\crdb_tsync) 
16:33:34.348 [main] INFO  k.t.com.tsync.TsyncApplicationTests - The following profiles are active: remote 
16:33:36.443 [main] INFO  o.s.d.r.c.RepositoryConfigurationDelegate - Bootstrapping Spring Data repositories in DEFAULT mode. 
16:33:36.727 [main] INFO  o.s.d.r.c.RepositoryConfigurationDelegate - Finished Spring Data repository scanning in 268ms. Found 31 repository interfaces. 
16:33:37.342 [main] INFO  o.s.c.s.PostProcessorRegistrationDelegate$BeanPostProcessorChecker - Bean 'org.springframework.transaction.annotation.ProxyTransactionManagementConfiguration' of type [org.springframework.transaction.annotation.ProxyTransactionManagementConfiguration$$EnhancerBySpringCGLIB$$53dbd9d3] is not eligible for getting processed by all BeanPostProcessors (for example: not eligible for auto-proxying) 
16:33:37.735 [main] INFO  com.zaxxer.hikari.HikariDataSource - HikariPool-1 - Starting... 
16:33:39.030 [main] INFO  com.zaxxer.hikari.HikariDataSource - HikariPool-1 - Start completed. 
16:33:39.204 [main] INFO  org.hibernate.Version - HHH000412: Hibernate Core {5.3.10.Final} 
16:33:39.207 [main] INFO  org.hibernate.cfg.Environment - HHH000206: hibernate.properties not found 
16:33:39.361 [main] INFO  o.h.annotations.common.Version - HCANN000001: Hibernate Commons Annotations {5.0.4.Final} 
16:33:39.702 [main] INFO  org.hibernate.dialect.Dialect - HHH000400: Using dialect: org.hibernate.dialect.OracleDialect 
16:33:44.109 [main] INFO  o.h.h.i.QueryTranslatorFactoryInitiator - HHH000397: Using ASTQueryTranslatorFactory 
16:33:44.529 [main] INFO  o.s.o.j.LocalContainerEntityManagerFactoryBean - Initialized JPA EntityManagerFactory for persistence unit 'default' 
16:33:45.439 [main] INFO  ke.tra.com.tsync.TsyncApplication - Attempting fetchSessionNumber from PIP:: Execution Time - Wed Sep 30 16:33:45 EAT 2020 
16:33:45.469 [main] INFO  k.t.c.t.s.crdb.CRDBPipService - crdbSessionWrp Req GetCRDBSessionWrp(password=930738240272, partnerID=PIP6372158461, code=SESSION)  
16:34:06.627 [main] INFO  k.t.c.t.s.crdb.CRDBPipService - getSessionDetails {} 
org.springframework.web.client.ResourceAccessException: I/O error on POST request for "http://41.215.130.247:9069/partneruat/api/service/session": Connection timed out: connect; nested exception is java.net.ConnectException: Connection timed out: connect
	at org.springframework.web.client.RestTemplate.doExecute(RestTemplate.java:744)
	at org.springframework.web.client.RestTemplate.execute(RestTemplate.java:670)
	at org.springframework.web.client.RestTemplate.exchange(RestTemplate.java:608)
	at ke.tra.com.tsync.services.crdb.CRDBPipService.getSessionDetailsOnline(CRDBPipService.java:98)
	at ke.tra.com.tsync.TsyncApplication.getSessionKeyIni(TsyncApplication.java:75)
	at ke.tra.com.tsync.TsyncApplication.initAppCfgs(TsyncApplication.java:61)
	at java.base/jdk.internal.reflect.NativeMethodAccessorImpl.invoke0(Native Method)
	at java.base/jdk.internal.reflect.NativeMethodAccessorImpl.invoke(NativeMethodAccessorImpl.java:62)
	at java.base/jdk.internal.reflect.DelegatingMethodAccessorImpl.invoke(DelegatingMethodAccessorImpl.java:43)
	at java.base/java.lang.reflect.Method.invoke(Method.java:566)
	at org.springframework.beans.factory.annotation.InitDestroyAnnotationBeanPostProcessor$LifecycleElement.invoke(InitDestroyAnnotationBeanPostProcessor.java:363)
	at org.springframework.beans.factory.annotation.InitDestroyAnnotationBeanPostProcessor$LifecycleMetadata.invokeInitMethods(InitDestroyAnnotationBeanPostProcessor.java:307)
	at org.springframework.beans.factory.annotation.InitDestroyAnnotationBeanPostProcessor.postProcessBeforeInitialization(InitDestroyAnnotationBeanPostProcessor.java:136)
	at org.springframework.beans.factory.support.AbstractAutowireCapableBeanFactory.applyBeanPostProcessorsBeforeInitialization(AbstractAutowireCapableBeanFactory.java:414)
	at org.springframework.beans.factory.support.AbstractAutowireCapableBeanFactory.initializeBean(AbstractAutowireCapableBeanFactory.java:1770)
	at org.springframework.beans.factory.support.AbstractAutowireCapableBeanFactory.doCreateBean(AbstractAutowireCapableBeanFactory.java:593)
	at org.springframework.beans.factory.support.AbstractAutowireCapableBeanFactory.createBean(AbstractAutowireCapableBeanFactory.java:515)
	at org.springframework.beans.factory.support.AbstractBeanFactory.lambda$doGetBean$0(AbstractBeanFactory.java:320)
	at org.springframework.beans.factory.support.DefaultSingletonBeanRegistry.getSingleton(DefaultSingletonBeanRegistry.java:222)
	at org.springframework.beans.factory.support.AbstractBeanFactory.doGetBean(AbstractBeanFactory.java:318)
	at org.springframework.beans.factory.support.AbstractBeanFactory.getBean(AbstractBeanFactory.java:199)
	at org.springframework.beans.factory.support.DefaultListableBeanFactory.preInstantiateSingletons(DefaultListableBeanFactory.java:843)
	at org.springframework.context.support.AbstractApplicationContext.finishBeanFactoryInitialization(AbstractApplicationContext.java:877)
	at org.springframework.context.support.AbstractApplicationContext.refresh(AbstractApplicationContext.java:549)
	at org.springframework.boot.SpringApplication.refresh(SpringApplication.java:775)
	at org.springframework.boot.SpringApplication.refreshContext(SpringApplication.java:397)
	at org.springframework.boot.SpringApplication.run(SpringApplication.java:316)
	at org.springframework.boot.test.context.SpringBootContextLoader.loadContext(SpringBootContextLoader.java:127)
	at org.springframework.test.context.cache.DefaultCacheAwareContextLoaderDelegate.loadContextInternal(DefaultCacheAwareContextLoaderDelegate.java:99)
	at org.springframework.test.context.cache.DefaultCacheAwareContextLoaderDelegate.loadContext(DefaultCacheAwareContextLoaderDelegate.java:117)
	at org.springframework.test.context.support.DefaultTestContext.getApplicationContext(DefaultTestContext.java:108)
	at org.springframework.test.context.web.ServletTestExecutionListener.setUpRequestContextIfNecessary(ServletTestExecutionListener.java:190)
	at org.springframework.test.context.web.ServletTestExecutionListener.prepareTestInstance(ServletTestExecutionListener.java:132)
	at org.springframework.test.context.TestContextManager.prepareTestInstance(TestContextManager.java:246)
	at org.springframework.test.context.junit4.SpringJUnit4ClassRunner.createTest(SpringJUnit4ClassRunner.java:227)
	at org.springframework.test.context.junit4.SpringJUnit4ClassRunner$1.runReflectiveCall(SpringJUnit4ClassRunner.java:289)
	at org.junit.internal.runners.model.ReflectiveCallable.run(ReflectiveCallable.java:12)
	at org.springframework.test.context.junit4.SpringJUnit4ClassRunner.methodBlock(SpringJUnit4ClassRunner.java:291)
	at org.springframework.test.context.junit4.SpringJUnit4ClassRunner.runChild(SpringJUnit4ClassRunner.java:246)
	at org.springframework.test.context.junit4.SpringJUnit4ClassRunner.runChild(SpringJUnit4ClassRunner.java:97)
	at org.junit.runners.ParentRunner$3.run(ParentRunner.java:290)
	at org.junit.runners.ParentRunner$1.schedule(ParentRunner.java:71)
	at org.junit.runners.ParentRunner.runChildren(ParentRunner.java:288)
	at org.junit.runners.ParentRunner.access$000(ParentRunner.java:58)
	at org.junit.runners.ParentRunner$2.evaluate(ParentRunner.java:268)
	at org.springframework.test.context.junit4.statements.RunBeforeTestClassCallbacks.evaluate(RunBeforeTestClassCallbacks.java:61)
	at org.springframework.test.context.junit4.statements.RunAfterTestClassCallbacks.evaluate(RunAfterTestClassCallbacks.java:70)
	at org.junit.runners.ParentRunner.run(ParentRunner.java:363)
	at org.springframework.test.context.junit4.SpringJUnit4ClassRunner.run(SpringJUnit4ClassRunner.java:190)
	at org.apache.maven.surefire.junit4.JUnit4Provider.execute(JUnit4Provider.java:365)
	at org.apache.maven.surefire.junit4.JUnit4Provider.executeWithRerun(JUnit4Provider.java:273)
	at org.apache.maven.surefire.junit4.JUnit4Provider.executeTestSet(JUnit4Provider.java:238)
	at org.apache.maven.surefire.junit4.JUnit4Provider.invoke(JUnit4Provider.java:159)
	at org.apache.maven.surefire.booter.ForkedBooter.invokeProviderInSameClassLoader(ForkedBooter.java:384)
	at org.apache.maven.surefire.booter.ForkedBooter.runSuitesInProcess(ForkedBooter.java:345)
	at org.apache.maven.surefire.booter.ForkedBooter.execute(ForkedBooter.java:126)
	at org.apache.maven.surefire.booter.ForkedBooter.main(ForkedBooter.java:418)
Caused by: java.net.ConnectException: Connection timed out: connect
	at java.base/java.net.PlainSocketImpl.connect0(Native Method)
	at java.base/java.net.PlainSocketImpl.socketConnect(PlainSocketImpl.java:101)
	at java.base/java.net.AbstractPlainSocketImpl.doConnect(AbstractPlainSocketImpl.java:399)
	at java.base/java.net.AbstractPlainSocketImpl.connectToAddress(AbstractPlainSocketImpl.java:242)
	at java.base/java.net.AbstractPlainSocketImpl.connect(AbstractPlainSocketImpl.java:224)
	at java.base/java.net.Socket.connect(Socket.java:591)
	at java.base/java.net.Socket.connect(Socket.java:540)
	at java.base/sun.net.NetworkClient.doConnect(NetworkClient.java:182)
	at java.base/sun.net.www.http.HttpClient.openServer(HttpClient.java:474)
	at java.base/sun.net.www.http.HttpClient.openServer(HttpClient.java:569)
	at java.base/sun.net.www.http.HttpClient.<init>(HttpClient.java:242)
	at java.base/sun.net.www.http.HttpClient.New(HttpClient.java:341)
	at java.base/sun.net.www.http.HttpClient.New(HttpClient.java:362)
	at java.base/sun.net.www.protocol.http.HttpURLConnection.getNewHttpClient(HttpURLConnection.java:1248)
	at java.base/sun.net.www.protocol.http.HttpURLConnection.plainConnect0(HttpURLConnection.java:1187)
	at java.base/sun.net.www.protocol.http.HttpURLConnection.plainConnect(HttpURLConnection.java:1081)
	at java.base/sun.net.www.protocol.http.HttpURLConnection.connect(HttpURLConnection.java:1015)
	at org.springframework.http.client.SimpleBufferingClientHttpRequest.executeInternal(SimpleBufferingClientHttpRequest.java:76)
	at org.springframework.http.client.AbstractBufferingClientHttpRequest.executeInternal(AbstractBufferingClientHttpRequest.java:48)
	at org.springframework.http.client.AbstractClientHttpRequest.execute(AbstractClientHttpRequest.java:53)
	at org.springframework.web.client.RestTemplate.doExecute(RestTemplate.java:735)
	... 56 common frames omitted
16:34:06.632 [main] INFO  ke.tra.com.tsync.TsyncApplication - sessionStr   
16:34:08.002 [main] INFO  k.tra.com.tsync.config.ProjectSetUp - Start Iso server 
16:34:09.021 [main] INFO  o.s.s.c.ThreadPoolTaskExecutor - Initializing ExecutorService 'applicationTaskExecutor' 
16:34:10.644 [main] INFO  o.s.b.a.s.s.UserDetailsServiceAutoConfiguration - 

Using generated security password: f6b09e3f-70a5-4db2-af6b-2675cb8dcefc
 
16:34:10.886 [main] INFO  o.s.s.w.DefaultSecurityFilterChain - Creating filter chain: any request, [org.springframework.security.web.context.request.async.WebAsyncManagerIntegrationFilter@2ad077c8, org.springframework.security.web.context.SecurityContextPersistenceFilter@62df22d5, org.springframework.security.web.header.HeaderWriterFilter@25dc0c61, org.springframework.security.web.csrf.CsrfFilter@64b67763, org.springframework.security.web.authentication.logout.LogoutFilter@1f829ef1, org.springframework.security.web.authentication.UsernamePasswordAuthenticationFilter@76cbf191, org.springframework.security.web.authentication.ui.DefaultLoginPageGeneratingFilter@51eade15, org.springframework.security.web.authentication.ui.DefaultLogoutPageGeneratingFilter@6c500fdf, org.springframework.security.web.authentication.www.BasicAuthenticationFilter@1019e14, org.springframework.security.web.savedrequest.RequestCacheAwareFilter@53b7580, org.springframework.security.web.servletapi.SecurityContextHolderAwareRequestFilter@36c9698e, org.springframework.security.web.authentication.AnonymousAuthenticationFilter@419046e3, org.springframework.security.web.session.SessionManagementFilter@14a7acd8, org.springframework.security.web.access.ExceptionTranslationFilter@1edef11, org.springframework.security.web.access.intercept.FilterSecurityInterceptor@4a6ed38] 
16:34:11.081 [main] INFO  o.s.b.a.e.web.EndpointLinksResolver - Exposing 1 endpoint(s) beneath base path '/actuator' 
16:34:11.168 [main] INFO  o.s.s.c.ThreadPoolTaskScheduler - Initializing ExecutorService 'taskScheduler' 
16:34:11.326 [main] INFO  k.t.com.tsync.TsyncApplicationTests - Started TsyncApplicationTests in 37.389 seconds (JVM running for 38.227) 
16:34:11.389 [Thread-6] INFO  o.s.s.c.ThreadPoolTaskScheduler - Shutting down ExecutorService 'taskScheduler' 
16:34:11.392 [Thread-6] INFO  o.s.s.c.ThreadPoolTaskExecutor - Shutting down ExecutorService 'applicationTaskExecutor' 
16:34:11.399 [Thread-6] INFO  o.s.o.j.LocalContainerEntityManagerFactoryBean - Closing JPA EntityManagerFactory for persistence unit 'default' 
16:34:11.401 [Thread-6] INFO  com.zaxxer.hikari.HikariDataSource - HikariPool-1 - Shutdown initiated... 
16:34:11.589 [Thread-6] INFO  com.zaxxer.hikari.HikariDataSource - HikariPool-1 - Shutdown completed. 
