11:36:37.863 [main] INFO  ke.tra.com.tsync.TsyncApplication - Starting TsyncApplication on VINCENT-ROG with PID 1548 (C:\Users\Vincent\Desktop\PROJECTS\CRDB\crdb_gateway\target\classes started by Vincent in C:\Users\Vincent\Desktop\PROJECTS\CRDB\crdb_gateway) 
11:36:37.867 [main] INFO  ke.tra.com.tsync.TsyncApplication - The following profiles are active: prod 
11:36:38.500 [main] INFO  o.s.d.r.c.RepositoryConfigurationDelegate - Bootstrapping Spring Data repositories in DEFAULT mode. 
11:36:38.577 [main] INFO  o.s.d.r.c.RepositoryConfigurationDelegate - Finished Spring Data repository scanning in 67ms. Found 9 repository interfaces. 
11:36:38.577 [main] INFO  o.s.d.r.c.RepositoryConfigurationDelegate - Bootstrapping Spring Data repositories in DEFAULT mode. 
11:36:38.583 [main] INFO  o.s.d.r.c.RepositoryConfigurationDelegate - Finished Spring Data repository scanning in 6ms. Found 1 repository interfaces. 
11:36:38.979 [main] INFO  o.s.c.s.PostProcessorRegistrationDelegate$BeanPostProcessorChecker - Bean 'org.springframework.transaction.annotation.ProxyTransactionManagementConfiguration' of type [org.springframework.transaction.annotation.ProxyTransactionManagementConfiguration$$EnhancerBySpringCGLIB$$27566c3c] is not eligible for getting processed by all BeanPostProcessors (for example: not eligible for auto-proxying) 
11:36:39.177 [main] INFO  o.s.b.w.e.tomcat.TomcatWebServer - Tomcat initialized with port(s): 8094 (http) 
11:36:39.195 [main] INFO  o.a.coyote.http11.Http11NioProtocol - Initializing ProtocolHandler ["http-nio-8094"] 
11:36:39.323 [main] INFO  o.a.catalina.core.StandardService - Starting service [Tomcat] 
11:36:39.323 [main] INFO  o.a.catalina.core.StandardEngine - Starting Servlet engine: [Apache Tomcat/9.0.19] 
11:36:39.442 [main] INFO  o.a.c.c.C.[Tomcat].[localhost].[/] - Initializing Spring embedded WebApplicationContext 
11:36:39.443 [main] INFO  o.s.web.context.ContextLoader - Root WebApplicationContext: initialization completed in 1537 ms 
11:36:39.565 [main] INFO  com.zaxxer.hikari.HikariDataSource - HikariPool-1 - Starting... 
11:36:39.679 [main] INFO  com.zaxxer.hikari.HikariDataSource - HikariPool-1 - Start completed. 
11:36:39.797 [main] INFO  org.hibernate.Version - HHH000412: Hibernate Core {5.3.10.Final} 
11:36:39.799 [main] INFO  org.hibernate.cfg.Environment - HHH000206: hibernate.properties not found 
11:36:39.941 [main] INFO  o.h.annotations.common.Version - HCANN000001: Hibernate Commons Annotations {5.0.4.Final} 
11:36:40.149 [main] INFO  org.hibernate.dialect.Dialect - HHH000400: Using dialect: org.hibernate.dialect.OracleDialect 
11:36:42.682 [main] INFO  o.h.h.i.QueryTranslatorFactoryInitiator - HHH000397: Using ASTQueryTranslatorFactory 
11:36:42.858 [main] INFO  o.s.o.j.LocalContainerEntityManagerFactoryBean - Initialized JPA EntityManagerFactory for persistence unit 'maindb' 
11:36:42.962 [main] INFO  com.zaxxer.hikari.HikariDataSource - HikariPool-2 - Starting... 
11:36:42.963 [main] INFO  com.zaxxer.hikari.HikariDataSource - HikariPool-2 - Start completed. 
11:36:42.963 [main] INFO  org.hibernate.dialect.Dialect - HHH000400: Using dialect: org.hibernate.dialect.OracleDialect 
11:36:42.979 [main] INFO  o.s.o.j.LocalContainerEntityManagerFactoryBean - Initialized JPA EntityManagerFactory for persistence unit 'h2db' 
11:36:42.994 [main] INFO  o.s.o.j.LocalContainerEntityManagerFactoryBean - Closing JPA EntityManagerFactory for persistence unit 'h2db' 
11:36:42.994 [main] INFO  com.zaxxer.hikari.HikariDataSource - HikariPool-2 - Shutdown initiated... 
11:36:42.996 [main] INFO  com.zaxxer.hikari.HikariDataSource - HikariPool-2 - Shutdown completed. 
11:36:42.997 [main] INFO  o.s.o.j.LocalContainerEntityManagerFactoryBean - Closing JPA EntityManagerFactory for persistence unit 'maindb' 
11:36:42.997 [main] INFO  com.zaxxer.hikari.HikariDataSource - HikariPool-1 - Shutdown initiated... 
11:36:43.001 [main] INFO  com.zaxxer.hikari.HikariDataSource - HikariPool-1 - Shutdown completed. 
11:36:43.003 [main] INFO  o.a.catalina.core.StandardService - Stopping service [Tomcat] 
12:55:33.600 [main] INFO  ke.tra.com.tsync.TsyncApplication - Starting TsyncApplication on VINCENT-ROG with PID 18372 (C:\Users\Vincent\Desktop\PROJECTS\CRDB\crdb_gateway\target\classes started by Vincent in C:\Users\Vincent\Desktop\PROJECTS\CRDB\crdb_gateway) 
12:55:33.602 [main] INFO  ke.tra.com.tsync.TsyncApplication - The following profiles are active: prod 
12:55:34.210 [main] INFO  o.s.d.r.c.RepositoryConfigurationDelegate - Bootstrapping Spring Data repositories in DEFAULT mode. 
12:55:34.278 [main] INFO  o.s.d.r.c.RepositoryConfigurationDelegate - Finished Spring Data repository scanning in 60ms. Found 9 repository interfaces. 
12:55:34.278 [main] INFO  o.s.d.r.c.RepositoryConfigurationDelegate - Bootstrapping Spring Data repositories in DEFAULT mode. 
12:55:34.284 [main] INFO  o.s.d.r.c.RepositoryConfigurationDelegate - Finished Spring Data repository scanning in 6ms. Found 1 repository interfaces. 
12:55:34.595 [main] INFO  o.s.c.s.PostProcessorRegistrationDelegate$BeanPostProcessorChecker - Bean 'org.springframework.transaction.annotation.ProxyTransactionManagementConfiguration' of type [org.springframework.transaction.annotation.ProxyTransactionManagementConfiguration$$EnhancerBySpringCGLIB$$b2e8f906] is not eligible for getting processed by all BeanPostProcessors (for example: not eligible for auto-proxying) 
12:55:34.768 [main] INFO  o.s.b.w.e.tomcat.TomcatWebServer - Tomcat initialized with port(s): 8094 (http) 
12:55:34.785 [main] INFO  o.a.coyote.http11.Http11NioProtocol - Initializing ProtocolHandler ["http-nio-8094"] 
12:55:34.922 [main] INFO  o.a.catalina.core.StandardService - Starting service [Tomcat] 
12:55:34.922 [main] INFO  o.a.catalina.core.StandardEngine - Starting Servlet engine: [Apache Tomcat/9.0.19] 
12:55:35.031 [main] INFO  o.a.c.c.C.[Tomcat].[localhost].[/] - Initializing Spring embedded WebApplicationContext 
12:55:35.032 [main] INFO  o.s.web.context.ContextLoader - Root WebApplicationContext: initialization completed in 1406 ms 
12:55:35.142 [main] INFO  com.zaxxer.hikari.HikariDataSource - HikariPool-1 - Starting... 
12:55:35.221 [main] INFO  com.zaxxer.hikari.HikariDataSource - HikariPool-1 - Start completed. 
12:55:35.304 [main] INFO  org.hibernate.Version - HHH000412: Hibernate Core {5.3.10.Final} 
12:55:35.304 [main] INFO  org.hibernate.cfg.Environment - HHH000206: hibernate.properties not found 
12:55:35.383 [main] INFO  o.h.annotations.common.Version - HCANN000001: Hibernate Commons Annotations {5.0.4.Final} 
12:55:35.558 [main] INFO  org.hibernate.dialect.Dialect - HHH000400: Using dialect: org.hibernate.dialect.OracleDialect 
12:55:37.929 [main] INFO  o.h.h.i.QueryTranslatorFactoryInitiator - HHH000397: Using ASTQueryTranslatorFactory 
12:55:38.079 [main] INFO  o.s.o.j.LocalContainerEntityManagerFactoryBean - Initialized JPA EntityManagerFactory for persistence unit 'maindb' 
12:55:38.197 [main] INFO  com.zaxxer.hikari.HikariDataSource - HikariPool-2 - Starting... 
12:55:38.198 [main] INFO  com.zaxxer.hikari.HikariDataSource - HikariPool-2 - Start completed. 
12:55:38.199 [main] INFO  org.hibernate.dialect.Dialect - HHH000400: Using dialect: org.hibernate.dialect.OracleDialect 
12:55:38.218 [main] INFO  o.s.o.j.LocalContainerEntityManagerFactoryBean - Initialized JPA EntityManagerFactory for persistence unit 'h2db' 
12:55:38.237 [main] INFO  o.s.o.j.LocalContainerEntityManagerFactoryBean - Closing JPA EntityManagerFactory for persistence unit 'h2db' 
12:55:38.237 [main] INFO  com.zaxxer.hikari.HikariDataSource - HikariPool-2 - Shutdown initiated... 
12:55:38.240 [main] INFO  com.zaxxer.hikari.HikariDataSource - HikariPool-2 - Shutdown completed. 
12:55:38.240 [main] INFO  o.s.o.j.LocalContainerEntityManagerFactoryBean - Closing JPA EntityManagerFactory for persistence unit 'maindb' 
12:55:38.240 [main] INFO  com.zaxxer.hikari.HikariDataSource - HikariPool-1 - Shutdown initiated... 
12:55:38.245 [main] INFO  com.zaxxer.hikari.HikariDataSource - HikariPool-1 - Shutdown completed. 
12:55:38.248 [main] INFO  o.a.catalina.core.StandardService - Stopping service [Tomcat] 
