10:09:45.600 [main] INFO  ke.tra.com.tsync.TsyncApplication - Starting TsyncApplication on OBED with PID 10876 (C:\Users\mkamoni\Desktop\Projects\TYSNC\sbm_gateway\target\classes started by mkamoni in C:\Users\mkamoni\Desktop\Projects\TYSNC\sbm_gateway) 
10:09:45.632 [main] INFO  ke.tra.com.tsync.TsyncApplication - The following profiles are active: dev 
10:09:49.500 [main] INFO  o.s.d.r.c.RepositoryConfigurationDelegate - Bootstrapping Spring Data repositories in DEFAULT mode. 
10:09:49.734 [main] INFO  o.s.d.r.c.RepositoryConfigurationDelegate - Finished Spring Data repository scanning in 234ms. Found 7 repository interfaces. 
10:09:49.734 [main] INFO  o.s.d.r.c.RepositoryConfigurationDelegate - Bootstrapping Spring Data repositories in DEFAULT mode. 
10:09:49.781 [main] INFO  o.s.d.r.c.RepositoryConfigurationDelegate - Finished Spring Data repository scanning in 47ms. Found 1 repository interfaces. 
10:09:50.839 [main] INFO  o.s.c.s.PostProcessorRegistrationDelegate$BeanPostProcessorChecker - Bean 'org.springframework.transaction.annotation.ProxyTransactionManagementConfiguration' of type [org.springframework.transaction.annotation.ProxyTransactionManagementConfiguration$$EnhancerBySpringCGLIB$$3863ff20] is not eligible for getting processed by all BeanPostProcessors (for example: not eligible for auto-proxying) 
10:09:51.471 [main] INFO  o.s.b.w.e.tomcat.TomcatWebServer - Tomcat initialized with port(s): 8094 (http) 
10:09:52.038 [main] INFO  o.a.coyote.http11.Http11NioProtocol - Initializing ProtocolHandler ["http-nio-8094"] 
10:09:52.498 [main] INFO  o.a.catalina.core.StandardService - Starting service [Tomcat] 
10:09:52.498 [main] INFO  o.a.catalina.core.StandardEngine - Starting Servlet engine: [Apache Tomcat/9.0.19] 
10:09:52.663 [main] INFO  o.a.c.c.C.[Tomcat].[localhost].[/] - Initializing Spring embedded WebApplicationContext 
10:09:52.663 [main] INFO  o.s.web.context.ContextLoader - Root WebApplicationContext: initialization completed in 6697 ms 
10:09:52.826 [main] INFO  com.zaxxer.hikari.HikariDataSource - HikariPool-1 - Starting... 
10:09:55.243 [main] INFO  org.hibernate.Version - HHH000412: Hibernate Core {5.3.10.Final} 
10:09:55.244 [main] INFO  org.hibernate.cfg.Environment - HHH000206: hibernate.properties not found 
10:09:55.324 [main] INFO  o.h.annotations.common.Version - HCANN000001: Hibernate Commons Annotations {5.0.4.Final} 
10:09:55.562 [main] INFO  com.zaxxer.hikari.HikariDataSource - HikariPool-1 - Starting... 
10:09:57.570 [main] INFO  o.a.catalina.core.StandardService - Stopping service [Tomcat] 
10:12:48.287 [main] INFO  k.t.com.tsync.TsyncApplicationTests - Starting TsyncApplicationTests on OBED with PID 4996 (started by mkamoni in C:\Users\mkamoni\Desktop\Projects\TYSNC\sbm_gateway) 
10:12:48.288 [main] INFO  k.t.com.tsync.TsyncApplicationTests - The following profiles are active: dev 
10:12:49.548 [main] INFO  o.s.d.r.c.RepositoryConfigurationDelegate - Bootstrapping Spring Data repositories in DEFAULT mode. 
10:12:49.706 [main] INFO  o.s.d.r.c.RepositoryConfigurationDelegate - Finished Spring Data repository scanning in 137ms. Found 7 repository interfaces. 
10:12:49.707 [main] INFO  o.s.d.r.c.RepositoryConfigurationDelegate - Bootstrapping Spring Data repositories in DEFAULT mode. 
10:12:49.721 [main] INFO  o.s.d.r.c.RepositoryConfigurationDelegate - Finished Spring Data repository scanning in 14ms. Found 1 repository interfaces. 
10:12:50.676 [main] INFO  o.s.c.s.PostProcessorRegistrationDelegate$BeanPostProcessorChecker - Bean 'org.springframework.transaction.annotation.ProxyTransactionManagementConfiguration' of type [org.springframework.transaction.annotation.ProxyTransactionManagementConfiguration$$EnhancerBySpringCGLIB$$7d4f7c20] is not eligible for getting processed by all BeanPostProcessors (for example: not eligible for auto-proxying) 
10:12:51.124 [main] INFO  com.zaxxer.hikari.HikariDataSource - HikariPool-1 - Starting... 
10:12:53.494 [main] INFO  org.hibernate.Version - HHH000412: Hibernate Core {5.3.10.Final} 
10:12:53.495 [main] INFO  org.hibernate.cfg.Environment - HHH000206: hibernate.properties not found 
10:12:53.664 [main] INFO  o.h.annotations.common.Version - HCANN000001: Hibernate Commons Annotations {5.0.4.Final} 
10:12:53.990 [main] INFO  com.zaxxer.hikari.HikariDataSource - HikariPool-1 - Starting... 
10:17:35.186 [main] INFO  k.t.com.tsync.TsyncApplicationTests - Starting TsyncApplicationTests on OBED with PID 15188 (started by mkamoni in C:\Users\mkamoni\Desktop\Projects\TYSNC\sbm_gateway) 
10:17:35.189 [main] INFO  k.t.com.tsync.TsyncApplicationTests - The following profiles are active: dev 
10:17:36.527 [main] INFO  o.s.d.r.c.RepositoryConfigurationDelegate - Bootstrapping Spring Data repositories in DEFAULT mode. 
10:17:36.691 [main] INFO  o.s.d.r.c.RepositoryConfigurationDelegate - Finished Spring Data repository scanning in 140ms. Found 7 repository interfaces. 
10:17:36.693 [main] INFO  o.s.d.r.c.RepositoryConfigurationDelegate - Bootstrapping Spring Data repositories in DEFAULT mode. 
10:17:36.706 [main] INFO  o.s.d.r.c.RepositoryConfigurationDelegate - Finished Spring Data repository scanning in 13ms. Found 1 repository interfaces. 
10:17:37.625 [main] INFO  o.s.c.s.PostProcessorRegistrationDelegate$BeanPostProcessorChecker - Bean 'org.springframework.transaction.annotation.ProxyTransactionManagementConfiguration' of type [org.springframework.transaction.annotation.ProxyTransactionManagementConfiguration$$EnhancerBySpringCGLIB$$259609bd] is not eligible for getting processed by all BeanPostProcessors (for example: not eligible for auto-proxying) 
10:17:38.144 [main] INFO  com.zaxxer.hikari.HikariDataSource - HikariPool-1 - Starting... 
10:17:40.515 [main] INFO  org.hibernate.Version - HHH000412: Hibernate Core {5.3.10.Final} 
10:17:40.516 [main] INFO  org.hibernate.cfg.Environment - HHH000206: hibernate.properties not found 
10:17:40.651 [main] INFO  o.h.annotations.common.Version - HCANN000001: Hibernate Commons Annotations {5.0.4.Final} 
10:17:40.968 [main] INFO  com.zaxxer.hikari.HikariDataSource - HikariPool-1 - Starting... 
10:19:24.989 [main] INFO  ke.tra.com.tsync.TsyncApplication - Starting TsyncApplication on OBED with PID 14864 (C:\Users\mkamoni\Desktop\Projects\TYSNC\sbm_gateway\target\classes started by mkamoni in C:\Users\mkamoni\Desktop\Projects\TYSNC\sbm_gateway) 
10:19:24.992 [main] INFO  ke.tra.com.tsync.TsyncApplication - The following profiles are active: dev 
10:19:25.747 [main] INFO  o.s.d.r.c.RepositoryConfigurationDelegate - Bootstrapping Spring Data repositories in DEFAULT mode. 
10:19:25.822 [main] INFO  o.s.d.r.c.RepositoryConfigurationDelegate - Finished Spring Data repository scanning in 66ms. Found 7 repository interfaces. 
10:19:25.822 [main] INFO  o.s.d.r.c.RepositoryConfigurationDelegate - Bootstrapping Spring Data repositories in DEFAULT mode. 
10:19:25.829 [main] INFO  o.s.d.r.c.RepositoryConfigurationDelegate - Finished Spring Data repository scanning in 6ms. Found 1 repository interfaces. 
10:19:26.229 [main] INFO  o.s.c.s.PostProcessorRegistrationDelegate$BeanPostProcessorChecker - Bean 'org.springframework.transaction.annotation.ProxyTransactionManagementConfiguration' of type [org.springframework.transaction.annotation.ProxyTransactionManagementConfiguration$$EnhancerBySpringCGLIB$$aea4ed38] is not eligible for getting processed by all BeanPostProcessors (for example: not eligible for auto-proxying) 
10:19:26.481 [main] INFO  o.s.b.w.e.tomcat.TomcatWebServer - Tomcat initialized with port(s): 8094 (http) 
10:19:27.070 [main] INFO  o.a.coyote.http11.Http11NioProtocol - Initializing ProtocolHandler ["http-nio-8094"] 
10:19:27.526 [main] INFO  o.a.catalina.core.StandardService - Starting service [Tomcat] 
10:19:27.526 [main] INFO  o.a.catalina.core.StandardEngine - Starting Servlet engine: [Apache Tomcat/9.0.19] 
10:19:27.699 [main] INFO  o.a.c.c.C.[Tomcat].[localhost].[/] - Initializing Spring embedded WebApplicationContext 
10:19:27.699 [main] INFO  o.s.web.context.ContextLoader - Root WebApplicationContext: initialization completed in 2657 ms 
10:19:27.844 [main] INFO  com.zaxxer.hikari.HikariDataSource - HikariPool-1 - Starting... 
10:19:29.997 [main] INFO  org.hibernate.Version - HHH000412: Hibernate Core {5.3.10.Final} 
10:19:29.998 [main] INFO  org.hibernate.cfg.Environment - HHH000206: hibernate.properties not found 
10:19:30.072 [main] INFO  o.h.annotations.common.Version - HCANN000001: Hibernate Commons Annotations {5.0.4.Final} 
10:19:30.225 [main] INFO  com.zaxxer.hikari.HikariDataSource - HikariPool-1 - Starting... 
10:19:32.232 [main] INFO  o.a.catalina.core.StandardService - Stopping service [Tomcat] 
10:28:32.628 [main] INFO  ke.tra.com.tsync.TsyncApplication - Starting TsyncApplication on OBED with PID 14256 (C:\Users\mkamoni\Desktop\Projects\TYSNC\sbm_gateway\target\classes started by mkamoni in C:\Users\mkamoni\Desktop\Projects\TYSNC\sbm_gateway) 
10:28:32.630 [main] INFO  ke.tra.com.tsync.TsyncApplication - The following profiles are active: dev 
10:28:33.440 [main] INFO  o.s.d.r.c.RepositoryConfigurationDelegate - Bootstrapping Spring Data repositories in DEFAULT mode. 
10:28:33.518 [main] INFO  o.s.d.r.c.RepositoryConfigurationDelegate - Finished Spring Data repository scanning in 70ms. Found 7 repository interfaces. 
10:28:33.519 [main] INFO  o.s.d.r.c.RepositoryConfigurationDelegate - Bootstrapping Spring Data repositories in DEFAULT mode. 
10:28:33.526 [main] INFO  o.s.d.r.c.RepositoryConfigurationDelegate - Finished Spring Data repository scanning in 7ms. Found 1 repository interfaces. 
10:28:34.172 [main] INFO  o.s.c.s.PostProcessorRegistrationDelegate$BeanPostProcessorChecker - Bean 'org.springframework.transaction.annotation.ProxyTransactionManagementConfiguration' of type [org.springframework.transaction.annotation.ProxyTransactionManagementConfiguration$$EnhancerBySpringCGLIB$$4dd4bea2] is not eligible for getting processed by all BeanPostProcessors (for example: not eligible for auto-proxying) 
10:28:34.685 [main] INFO  o.s.b.w.e.tomcat.TomcatWebServer - Tomcat initialized with port(s): 8094 (http) 
10:28:36.842 [main] INFO  o.a.coyote.http11.Http11NioProtocol - Initializing ProtocolHandler ["http-nio-8094"] 
10:28:38.222 [main] INFO  o.a.catalina.core.StandardService - Starting service [Tomcat] 
10:28:38.223 [main] INFO  o.a.catalina.core.StandardEngine - Starting Servlet engine: [Apache Tomcat/9.0.19] 
10:28:38.467 [main] INFO  o.a.c.c.C.[Tomcat].[localhost].[/] - Initializing Spring embedded WebApplicationContext 
10:28:38.467 [main] INFO  o.s.web.context.ContextLoader - Root WebApplicationContext: initialization completed in 5790 ms 
10:28:38.635 [main] INFO  com.zaxxer.hikari.HikariDataSource - HikariPool-1 - Starting... 
10:28:40.798 [main] INFO  org.hibernate.Version - HHH000412: Hibernate Core {5.3.10.Final} 
10:28:40.799 [main] INFO  org.hibernate.cfg.Environment - HHH000206: hibernate.properties not found 
10:28:40.885 [main] INFO  o.h.annotations.common.Version - HCANN000001: Hibernate Commons Annotations {5.0.4.Final} 
10:28:41.109 [main] INFO  com.zaxxer.hikari.HikariDataSource - HikariPool-1 - Starting... 
10:28:43.118 [main] INFO  o.a.catalina.core.StandardService - Stopping service [Tomcat] 
