12:06:14.826 [main] INFO  ke.tra.com.tsync.TsyncApplication - Starting TsyncApplication on VINCENT-ROG with PID 14764 (C:\Users\Vincent\Desktop\PROJECTS\CRDB\crdb_gateway\target\classes started by Vincent in C:\Users\Vincent\Desktop\PROJECTS\CRDB\crdb_gateway) 
12:06:14.829 [main] INFO  ke.tra.com.tsync.TsyncApplication - The following profiles are active: prod 
12:06:15.507 [main] INFO  o.s.d.r.c.RepositoryConfigurationDelegate - Bootstrapping Spring Data repositories in DEFAULT mode. 
12:06:15.584 [main] INFO  o.s.d.r.c.RepositoryConfigurationDelegate - Finished Spring Data repository scanning in 69ms. Found 9 repository interfaces. 
12:06:15.584 [main] INFO  o.s.d.r.c.RepositoryConfigurationDelegate - Bootstrapping Spring Data repositories in DEFAULT mode. 
12:06:15.589 [main] INFO  o.s.d.r.c.RepositoryConfigurationDelegate - Finished Spring Data repository scanning in 4ms. Found 1 repository interfaces. 
12:06:15.926 [main] INFO  o.s.c.s.PostProcessorRegistrationDelegate$BeanPostProcessorChecker - Bean 'org.springframework.transaction.annotation.ProxyTransactionManagementConfiguration' of type [org.springframework.transaction.annotation.ProxyTransactionManagementConfiguration$$EnhancerBySpringCGLIB$$f34b1d2c] is not eligible for getting processed by all BeanPostProcessors (for example: not eligible for auto-proxying) 
12:06:16.121 [main] INFO  o.s.b.w.e.tomcat.TomcatWebServer - Tomcat initialized with port(s): 8094 (http) 
12:06:16.139 [main] INFO  o.a.coyote.http11.Http11NioProtocol - Initializing ProtocolHandler ["http-nio-8094"] 
12:06:16.272 [main] INFO  o.a.catalina.core.StandardService - Starting service [Tomcat] 
12:06:16.272 [main] INFO  o.a.catalina.core.StandardEngine - Starting Servlet engine: [Apache Tomcat/9.0.19] 
12:06:16.406 [main] INFO  o.a.c.c.C.[Tomcat].[localhost].[/] - Initializing Spring embedded WebApplicationContext 
12:06:16.406 [main] INFO  o.s.web.context.ContextLoader - Root WebApplicationContext: initialization completed in 1547 ms 
12:06:16.525 [main] INFO  com.zaxxer.hikari.HikariDataSource - HikariPool-1 - Starting... 
12:06:16.642 [main] INFO  com.zaxxer.hikari.HikariDataSource - HikariPool-1 - Start completed. 
12:06:16.760 [main] INFO  org.hibernate.Version - HHH000412: Hibernate Core {5.3.10.Final} 
12:06:16.761 [main] INFO  org.hibernate.cfg.Environment - HHH000206: hibernate.properties not found 
12:06:16.905 [main] INFO  o.h.annotations.common.Version - HCANN000001: Hibernate Commons Annotations {5.0.4.Final} 
12:06:17.115 [main] INFO  org.hibernate.dialect.Dialect - HHH000400: Using dialect: org.hibernate.dialect.OracleDialect 
12:06:19.552 [main] INFO  o.h.h.i.QueryTranslatorFactoryInitiator - HHH000397: Using ASTQueryTranslatorFactory 
12:06:19.677 [main] INFO  o.s.o.j.LocalContainerEntityManagerFactoryBean - Initialized JPA EntityManagerFactory for persistence unit 'maindb' 
12:06:19.775 [main] INFO  com.zaxxer.hikari.HikariDataSource - HikariPool-2 - Starting... 
12:06:19.775 [main] INFO  com.zaxxer.hikari.HikariDataSource - HikariPool-2 - Start completed. 
12:06:19.776 [main] INFO  org.hibernate.dialect.Dialect - HHH000400: Using dialect: org.hibernate.dialect.OracleDialect 
12:06:19.793 [main] INFO  o.s.o.j.LocalContainerEntityManagerFactoryBean - Initialized JPA EntityManagerFactory for persistence unit 'h2db' 
12:06:20.213 [main] INFO  k.tra.com.tsync.config.ProjectSetUp - Start Iso server 
12:06:20.351 [main] INFO  o.s.s.c.ThreadPoolTaskExecutor - Initializing ExecutorService 'applicationTaskExecutor' 
12:06:20.534 [main] INFO  o.s.b.a.s.s.UserDetailsServiceAutoConfiguration - 

Using generated security password: 431366ab-613e-48f7-8dd2-3cca89353343
 
12:06:20.606 [main] INFO  o.s.s.w.DefaultSecurityFilterChain - Creating filter chain: any request, [org.springframework.security.web.context.request.async.WebAsyncManagerIntegrationFilter@37a0c2e0, org.springframework.security.web.context.SecurityContextPersistenceFilter@57d211ba, org.springframework.security.web.header.HeaderWriterFilter@5748c473, org.springframework.security.web.csrf.CsrfFilter@4c9f442e, org.springframework.security.web.authentication.logout.LogoutFilter@629fd6f8, org.springframework.security.web.authentication.UsernamePasswordAuthenticationFilter@7a298ff3, org.springframework.security.web.authentication.ui.DefaultLoginPageGeneratingFilter@20797cb8, org.springframework.security.web.authentication.ui.DefaultLogoutPageGeneratingFilter@5673a62d, org.springframework.security.web.authentication.www.BasicAuthenticationFilter@2ca1c0c9, org.springframework.security.web.savedrequest.RequestCacheAwareFilter@6d1902d6, org.springframework.security.web.servletapi.SecurityContextHolderAwareRequestFilter@44c1ef00, org.springframework.security.web.authentication.AnonymousAuthenticationFilter@4259588, org.springframework.security.web.session.SessionManagementFilter@94efc28, org.springframework.security.web.access.ExceptionTranslationFilter@3df53090, org.springframework.security.web.access.intercept.FilterSecurityInterceptor@1f0f4d9f] 
12:06:20.617 [main] INFO  o.s.s.c.ThreadPoolTaskScheduler - Initializing ExecutorService 'taskScheduler' 
12:06:20.652 [main] INFO  o.a.coyote.http11.Http11NioProtocol - Starting ProtocolHandler ["http-nio-8094"] 
12:06:20.669 [main] INFO  o.s.b.w.e.tomcat.TomcatWebServer - Tomcat started on port(s): 8094 (http) with context path '' 
12:06:20.671 [main] INFO  ke.tra.com.tsync.TsyncApplication - Started TsyncApplication in 6.235 seconds (JVM running for 6.958) 
12:06:20.687 [main] INFO  ke.tra.com.tsync.TsyncApplication -  ~~~~ ISO8583 Server started ~~~~  
12:06:20.687 [main] INFO  ke.tra.com.tsync.TsyncApplication - Application started successfully 
15:10:35.689 [main] INFO  ke.tra.com.tsync.TsyncApplication - Starting TsyncApplication on VINCENT-ROG with PID 18788 (C:\Users\Vincent\Desktop\PROJECTS\CRDB\crdb_gateway\target\classes started by Vincent in C:\Users\Vincent\Desktop\PROJECTS\CRDB\crdb_gateway) 
15:10:35.691 [main] INFO  ke.tra.com.tsync.TsyncApplication - The following profiles are active: prod 
15:10:36.302 [main] INFO  o.s.d.r.c.RepositoryConfigurationDelegate - Bootstrapping Spring Data repositories in DEFAULT mode. 
15:10:36.364 [main] INFO  o.s.d.r.c.RepositoryConfigurationDelegate - Finished Spring Data repository scanning in 54ms. Found 9 repository interfaces. 
15:10:36.364 [main] INFO  o.s.d.r.c.RepositoryConfigurationDelegate - Bootstrapping Spring Data repositories in DEFAULT mode. 
15:10:36.369 [main] INFO  o.s.d.r.c.RepositoryConfigurationDelegate - Finished Spring Data repository scanning in 5ms. Found 1 repository interfaces. 
15:10:36.678 [main] INFO  o.s.c.s.PostProcessorRegistrationDelegate$BeanPostProcessorChecker - Bean 'org.springframework.transaction.annotation.ProxyTransactionManagementConfiguration' of type [org.springframework.transaction.annotation.ProxyTransactionManagementConfiguration$$EnhancerBySpringCGLIB$$cf9d3eea] is not eligible for getting processed by all BeanPostProcessors (for example: not eligible for auto-proxying) 
15:10:36.849 [main] INFO  o.s.b.w.e.tomcat.TomcatWebServer - Tomcat initialized with port(s): 8094 (http) 
15:10:36.866 [main] INFO  o.a.coyote.http11.Http11NioProtocol - Initializing ProtocolHandler ["http-nio-8094"] 
15:10:37.002 [main] INFO  o.a.catalina.core.StandardService - Starting service [Tomcat] 
15:10:37.002 [main] INFO  o.a.catalina.core.StandardEngine - Starting Servlet engine: [Apache Tomcat/9.0.19] 
15:10:37.130 [main] INFO  o.a.c.c.C.[Tomcat].[localhost].[/] - Initializing Spring embedded WebApplicationContext 
15:10:37.130 [main] INFO  o.s.web.context.ContextLoader - Root WebApplicationContext: initialization completed in 1411 ms 
15:10:37.248 [main] INFO  com.zaxxer.hikari.HikariDataSource - HikariPool-1 - Starting... 
15:10:37.327 [main] INFO  com.zaxxer.hikari.HikariDataSource - HikariPool-1 - Start completed. 
15:10:37.410 [main] INFO  org.hibernate.Version - HHH000412: Hibernate Core {5.3.10.Final} 
15:10:37.411 [main] INFO  org.hibernate.cfg.Environment - HHH000206: hibernate.properties not found 
15:10:37.488 [main] INFO  o.h.annotations.common.Version - HCANN000001: Hibernate Commons Annotations {5.0.4.Final} 
15:10:37.660 [main] INFO  org.hibernate.dialect.Dialect - HHH000400: Using dialect: org.hibernate.dialect.OracleDialect 
15:10:40.024 [main] INFO  o.h.h.i.QueryTranslatorFactoryInitiator - HHH000397: Using ASTQueryTranslatorFactory 
15:10:40.190 [main] INFO  o.s.o.j.LocalContainerEntityManagerFactoryBean - Initialized JPA EntityManagerFactory for persistence unit 'maindb' 
15:10:40.297 [main] INFO  com.zaxxer.hikari.HikariDataSource - HikariPool-2 - Starting... 
15:10:40.298 [main] INFO  com.zaxxer.hikari.HikariDataSource - HikariPool-2 - Start completed. 
15:10:40.298 [main] INFO  org.hibernate.dialect.Dialect - HHH000400: Using dialect: org.hibernate.dialect.OracleDialect 
15:10:40.313 [main] INFO  o.s.o.j.LocalContainerEntityManagerFactoryBean - Initialized JPA EntityManagerFactory for persistence unit 'h2db' 
15:10:40.325 [main] INFO  o.s.o.j.LocalContainerEntityManagerFactoryBean - Closing JPA EntityManagerFactory for persistence unit 'h2db' 
15:10:40.326 [main] INFO  com.zaxxer.hikari.HikariDataSource - HikariPool-2 - Shutdown initiated... 
15:10:40.327 [main] INFO  com.zaxxer.hikari.HikariDataSource - HikariPool-2 - Shutdown completed. 
15:10:40.327 [main] INFO  o.s.o.j.LocalContainerEntityManagerFactoryBean - Closing JPA EntityManagerFactory for persistence unit 'maindb' 
15:10:40.327 [main] INFO  com.zaxxer.hikari.HikariDataSource - HikariPool-1 - Shutdown initiated... 
15:10:40.331 [main] INFO  com.zaxxer.hikari.HikariDataSource - HikariPool-1 - Shutdown completed. 
15:10:40.333 [main] INFO  o.a.catalina.core.StandardService - Stopping service [Tomcat] 
15:11:06.177 [main] INFO  ke.tra.com.tsync.TsyncApplication - Starting TsyncApplication on VINCENT-ROG with PID 15116 (C:\Users\Vincent\Desktop\PROJECTS\CRDB\crdb_gateway\target\classes started by Vincent in C:\Users\Vincent\Desktop\PROJECTS\CRDB\crdb_gateway) 
15:11:06.178 [main] INFO  ke.tra.com.tsync.TsyncApplication - The following profiles are active: prod 
15:11:06.749 [main] INFO  o.s.d.r.c.RepositoryConfigurationDelegate - Bootstrapping Spring Data repositories in DEFAULT mode. 
15:11:06.820 [main] INFO  o.s.d.r.c.RepositoryConfigurationDelegate - Finished Spring Data repository scanning in 58ms. Found 9 repository interfaces. 
15:11:06.821 [main] INFO  o.s.d.r.c.RepositoryConfigurationDelegate - Bootstrapping Spring Data repositories in DEFAULT mode. 
15:11:06.825 [main] INFO  o.s.d.r.c.RepositoryConfigurationDelegate - Finished Spring Data repository scanning in 4ms. Found 1 repository interfaces. 
15:11:07.151 [main] INFO  o.s.c.s.PostProcessorRegistrationDelegate$BeanPostProcessorChecker - Bean 'org.springframework.transaction.annotation.ProxyTransactionManagementConfiguration' of type [org.springframework.transaction.annotation.ProxyTransactionManagementConfiguration$$EnhancerBySpringCGLIB$$ced33d47] is not eligible for getting processed by all BeanPostProcessors (for example: not eligible for auto-proxying) 
15:11:07.315 [main] INFO  o.s.b.w.e.tomcat.TomcatWebServer - Tomcat initialized with port(s): 8094 (http) 
15:11:07.330 [main] INFO  o.a.coyote.http11.Http11NioProtocol - Initializing ProtocolHandler ["http-nio-8094"] 
15:11:07.457 [main] INFO  o.a.catalina.core.StandardService - Starting service [Tomcat] 
15:11:07.457 [main] INFO  o.a.catalina.core.StandardEngine - Starting Servlet engine: [Apache Tomcat/9.0.19] 
15:11:07.578 [main] INFO  o.a.c.c.C.[Tomcat].[localhost].[/] - Initializing Spring embedded WebApplicationContext 
15:11:07.578 [main] INFO  o.s.web.context.ContextLoader - Root WebApplicationContext: initialization completed in 1373 ms 
15:11:07.689 [main] INFO  com.zaxxer.hikari.HikariDataSource - HikariPool-1 - Starting... 
15:11:07.767 [main] INFO  com.zaxxer.hikari.HikariDataSource - HikariPool-1 - Start completed. 
15:11:07.850 [main] INFO  org.hibernate.Version - HHH000412: Hibernate Core {5.3.10.Final} 
15:11:07.851 [main] INFO  org.hibernate.cfg.Environment - HHH000206: hibernate.properties not found 
15:11:07.931 [main] INFO  o.h.annotations.common.Version - HCANN000001: Hibernate Commons Annotations {5.0.4.Final} 
15:11:08.118 [main] INFO  org.hibernate.dialect.Dialect - HHH000400: Using dialect: org.hibernate.dialect.OracleDialect 
15:11:10.384 [main] INFO  o.h.h.i.QueryTranslatorFactoryInitiator - HHH000397: Using ASTQueryTranslatorFactory 
15:11:10.494 [main] INFO  o.s.o.j.LocalContainerEntityManagerFactoryBean - Initialized JPA EntityManagerFactory for persistence unit 'maindb' 
15:11:10.592 [main] INFO  com.zaxxer.hikari.HikariDataSource - HikariPool-2 - Starting... 
15:11:10.593 [main] INFO  com.zaxxer.hikari.HikariDataSource - HikariPool-2 - Start completed. 
15:11:10.593 [main] INFO  org.hibernate.dialect.Dialect - HHH000400: Using dialect: org.hibernate.dialect.OracleDialect 
15:11:10.608 [main] INFO  o.s.o.j.LocalContainerEntityManagerFactoryBean - Initialized JPA EntityManagerFactory for persistence unit 'h2db' 
15:11:10.620 [main] INFO  o.s.o.j.LocalContainerEntityManagerFactoryBean - Closing JPA EntityManagerFactory for persistence unit 'h2db' 
15:11:10.620 [main] INFO  com.zaxxer.hikari.HikariDataSource - HikariPool-2 - Shutdown initiated... 
15:11:10.622 [main] INFO  com.zaxxer.hikari.HikariDataSource - HikariPool-2 - Shutdown completed. 
15:11:10.623 [main] INFO  o.s.o.j.LocalContainerEntityManagerFactoryBean - Closing JPA EntityManagerFactory for persistence unit 'maindb' 
15:11:10.623 [main] INFO  com.zaxxer.hikari.HikariDataSource - HikariPool-1 - Shutdown initiated... 
15:11:10.627 [main] INFO  com.zaxxer.hikari.HikariDataSource - HikariPool-1 - Shutdown completed. 
15:11:10.629 [main] INFO  o.a.catalina.core.StandardService - Stopping service [Tomcat] 
15:11:15.150 [main] INFO  ke.tra.com.tsync.TsyncApplication - Starting TsyncApplication on VINCENT-ROG with PID 19040 (C:\Users\Vincent\Desktop\PROJECTS\CRDB\crdb_gateway\target\classes started by Vincent in C:\Users\Vincent\Desktop\PROJECTS\CRDB\crdb_gateway) 
15:11:15.152 [main] INFO  ke.tra.com.tsync.TsyncApplication - The following profiles are active: prod 
15:11:15.737 [main] INFO  o.s.d.r.c.RepositoryConfigurationDelegate - Bootstrapping Spring Data repositories in DEFAULT mode. 
15:11:15.805 [main] INFO  o.s.d.r.c.RepositoryConfigurationDelegate - Finished Spring Data repository scanning in 60ms. Found 9 repository interfaces. 
15:11:15.805 [main] INFO  o.s.d.r.c.RepositoryConfigurationDelegate - Bootstrapping Spring Data repositories in DEFAULT mode. 
15:11:15.810 [main] INFO  o.s.d.r.c.RepositoryConfigurationDelegate - Finished Spring Data repository scanning in 5ms. Found 1 repository interfaces. 
15:11:16.148 [main] INFO  o.s.c.s.PostProcessorRegistrationDelegate$BeanPostProcessorChecker - Bean 'org.springframework.transaction.annotation.ProxyTransactionManagementConfiguration' of type [org.springframework.transaction.annotation.ProxyTransactionManagementConfiguration$$EnhancerBySpringCGLIB$$713dd396] is not eligible for getting processed by all BeanPostProcessors (for example: not eligible for auto-proxying) 
15:11:16.316 [main] INFO  o.s.b.w.e.tomcat.TomcatWebServer - Tomcat initialized with port(s): 8094 (http) 
15:11:16.332 [main] INFO  o.a.coyote.http11.Http11NioProtocol - Initializing ProtocolHandler ["http-nio-8094"] 
15:11:16.456 [main] INFO  o.a.catalina.core.StandardService - Starting service [Tomcat] 
15:11:16.456 [main] INFO  o.a.catalina.core.StandardEngine - Starting Servlet engine: [Apache Tomcat/9.0.19] 
15:11:16.576 [main] INFO  o.a.c.c.C.[Tomcat].[localhost].[/] - Initializing Spring embedded WebApplicationContext 
15:11:16.576 [main] INFO  o.s.web.context.ContextLoader - Root WebApplicationContext: initialization completed in 1397 ms 
15:11:16.684 [main] INFO  com.zaxxer.hikari.HikariDataSource - HikariPool-1 - Starting... 
15:11:16.761 [main] INFO  com.zaxxer.hikari.HikariDataSource - HikariPool-1 - Start completed. 
15:11:16.841 [main] INFO  org.hibernate.Version - HHH000412: Hibernate Core {5.3.10.Final} 
15:11:16.842 [main] INFO  org.hibernate.cfg.Environment - HHH000206: hibernate.properties not found 
15:11:16.920 [main] INFO  o.h.annotations.common.Version - HCANN000001: Hibernate Commons Annotations {5.0.4.Final} 
15:11:17.089 [main] INFO  org.hibernate.dialect.Dialect - HHH000400: Using dialect: org.hibernate.dialect.OracleDialect 
15:11:19.381 [main] INFO  o.h.h.i.QueryTranslatorFactoryInitiator - HHH000397: Using ASTQueryTranslatorFactory 
15:11:19.500 [main] INFO  o.s.o.j.LocalContainerEntityManagerFactoryBean - Initialized JPA EntityManagerFactory for persistence unit 'maindb' 
15:11:19.599 [main] INFO  com.zaxxer.hikari.HikariDataSource - HikariPool-2 - Starting... 
15:11:19.600 [main] INFO  com.zaxxer.hikari.HikariDataSource - HikariPool-2 - Start completed. 
15:11:19.600 [main] INFO  org.hibernate.dialect.Dialect - HHH000400: Using dialect: org.hibernate.dialect.OracleDialect 
15:11:19.615 [main] INFO  o.s.o.j.LocalContainerEntityManagerFactoryBean - Initialized JPA EntityManagerFactory for persistence unit 'h2db' 
15:11:19.627 [main] INFO  o.s.o.j.LocalContainerEntityManagerFactoryBean - Closing JPA EntityManagerFactory for persistence unit 'h2db' 
15:11:19.628 [main] INFO  com.zaxxer.hikari.HikariDataSource - HikariPool-2 - Shutdown initiated... 
15:11:19.630 [main] INFO  com.zaxxer.hikari.HikariDataSource - HikariPool-2 - Shutdown completed. 
15:11:19.630 [main] INFO  o.s.o.j.LocalContainerEntityManagerFactoryBean - Closing JPA EntityManagerFactory for persistence unit 'maindb' 
15:11:19.631 [main] INFO  com.zaxxer.hikari.HikariDataSource - HikariPool-1 - Shutdown initiated... 
15:11:19.634 [main] INFO  com.zaxxer.hikari.HikariDataSource - HikariPool-1 - Shutdown completed. 
15:11:19.636 [main] INFO  o.a.catalina.core.StandardService - Stopping service [Tomcat] 
15:11:23.542 [main] INFO  ke.tra.com.tsync.TsyncApplication - Starting TsyncApplication on VINCENT-ROG with PID 14304 (C:\Users\Vincent\Desktop\PROJECTS\CRDB\crdb_gateway\target\classes started by Vincent in C:\Users\Vincent\Desktop\PROJECTS\CRDB\crdb_gateway) 
15:11:23.543 [main] INFO  ke.tra.com.tsync.TsyncApplication - The following profiles are active: prod 
15:11:24.114 [main] INFO  o.s.d.r.c.RepositoryConfigurationDelegate - Bootstrapping Spring Data repositories in DEFAULT mode. 
15:11:24.178 [main] INFO  o.s.d.r.c.RepositoryConfigurationDelegate - Finished Spring Data repository scanning in 57ms. Found 9 repository interfaces. 
15:11:24.178 [main] INFO  o.s.d.r.c.RepositoryConfigurationDelegate - Bootstrapping Spring Data repositories in DEFAULT mode. 
15:11:24.183 [main] INFO  o.s.d.r.c.RepositoryConfigurationDelegate - Finished Spring Data repository scanning in 4ms. Found 1 repository interfaces. 
15:11:24.513 [main] INFO  o.s.c.s.PostProcessorRegistrationDelegate$BeanPostProcessorChecker - Bean 'org.springframework.transaction.annotation.ProxyTransactionManagementConfiguration' of type [org.springframework.transaction.annotation.ProxyTransactionManagementConfiguration$$EnhancerBySpringCGLIB$$7adfaa0a] is not eligible for getting processed by all BeanPostProcessors (for example: not eligible for auto-proxying) 
15:11:24.683 [main] INFO  o.s.b.w.e.tomcat.TomcatWebServer - Tomcat initialized with port(s): 8094 (http) 
15:11:24.699 [main] INFO  o.a.coyote.http11.Http11NioProtocol - Initializing ProtocolHandler ["http-nio-8094"] 
15:11:24.833 [main] INFO  o.a.catalina.core.StandardService - Starting service [Tomcat] 
15:11:24.833 [main] INFO  o.a.catalina.core.StandardEngine - Starting Servlet engine: [Apache Tomcat/9.0.19] 
15:11:24.955 [main] INFO  o.a.c.c.C.[Tomcat].[localhost].[/] - Initializing Spring embedded WebApplicationContext 
15:11:24.955 [main] INFO  o.s.web.context.ContextLoader - Root WebApplicationContext: initialization completed in 1385 ms 
15:11:25.065 [main] INFO  com.zaxxer.hikari.HikariDataSource - HikariPool-1 - Starting... 
15:11:25.141 [main] INFO  com.zaxxer.hikari.HikariDataSource - HikariPool-1 - Start completed. 
15:11:25.222 [main] INFO  org.hibernate.Version - HHH000412: Hibernate Core {5.3.10.Final} 
15:11:25.223 [main] INFO  org.hibernate.cfg.Environment - HHH000206: hibernate.properties not found 
15:11:25.302 [main] INFO  o.h.annotations.common.Version - HCANN000001: Hibernate Commons Annotations {5.0.4.Final} 
15:11:25.483 [main] INFO  org.hibernate.dialect.Dialect - HHH000400: Using dialect: org.hibernate.dialect.OracleDialect 
15:11:27.822 [main] INFO  o.h.h.i.QueryTranslatorFactoryInitiator - HHH000397: Using ASTQueryTranslatorFactory 
15:11:27.946 [main] INFO  o.s.o.j.LocalContainerEntityManagerFactoryBean - Initialized JPA EntityManagerFactory for persistence unit 'maindb' 
15:11:28.046 [main] INFO  com.zaxxer.hikari.HikariDataSource - HikariPool-2 - Starting... 
15:11:28.046 [main] INFO  com.zaxxer.hikari.HikariDataSource - HikariPool-2 - Start completed. 
15:11:28.047 [main] INFO  org.hibernate.dialect.Dialect - HHH000400: Using dialect: org.hibernate.dialect.OracleDialect 
15:11:28.062 [main] INFO  o.s.o.j.LocalContainerEntityManagerFactoryBean - Initialized JPA EntityManagerFactory for persistence unit 'h2db' 
15:11:28.075 [main] INFO  o.s.o.j.LocalContainerEntityManagerFactoryBean - Closing JPA EntityManagerFactory for persistence unit 'h2db' 
15:11:28.075 [main] INFO  com.zaxxer.hikari.HikariDataSource - HikariPool-2 - Shutdown initiated... 
15:11:28.077 [main] INFO  com.zaxxer.hikari.HikariDataSource - HikariPool-2 - Shutdown completed. 
15:11:28.078 [main] INFO  o.s.o.j.LocalContainerEntityManagerFactoryBean - Closing JPA EntityManagerFactory for persistence unit 'maindb' 
15:11:28.078 [main] INFO  com.zaxxer.hikari.HikariDataSource - HikariPool-1 - Shutdown initiated... 
15:11:28.081 [main] INFO  com.zaxxer.hikari.HikariDataSource - HikariPool-1 - Shutdown completed. 
15:11:28.083 [main] INFO  o.a.catalina.core.StandardService - Stopping service [Tomcat] 
15:15:15.975 [main] INFO  ke.tra.com.tsync.TsyncApplication - Starting TsyncApplication on VINCENT-ROG with PID 9228 (C:\Users\Vincent\Desktop\PROJECTS\CRDB\crdb_gateway\target\classes started by Vincent in C:\Users\Vincent\Desktop\PROJECTS\CRDB\crdb_gateway) 
15:15:15.977 [main] INFO  ke.tra.com.tsync.TsyncApplication - The following profiles are active: prod 
15:15:16.532 [main] INFO  o.s.d.r.c.RepositoryConfigurationDelegate - Bootstrapping Spring Data repositories in DEFAULT mode. 
15:15:16.598 [main] INFO  o.s.d.r.c.RepositoryConfigurationDelegate - Finished Spring Data repository scanning in 59ms. Found 9 repository interfaces. 
15:15:16.599 [main] INFO  o.s.d.r.c.RepositoryConfigurationDelegate - Bootstrapping Spring Data repositories in DEFAULT mode. 
15:15:16.603 [main] INFO  o.s.d.r.c.RepositoryConfigurationDelegate - Finished Spring Data repository scanning in 4ms. Found 1 repository interfaces. 
15:15:16.965 [main] INFO  o.s.c.s.PostProcessorRegistrationDelegate$BeanPostProcessorChecker - Bean 'org.springframework.transaction.annotation.ProxyTransactionManagementConfiguration' of type [org.springframework.transaction.annotation.ProxyTransactionManagementConfiguration$$EnhancerBySpringCGLIB$$2d581732] is not eligible for getting processed by all BeanPostProcessors (for example: not eligible for auto-proxying) 
15:15:17.138 [main] INFO  o.s.b.w.e.tomcat.TomcatWebServer - Tomcat initialized with port(s): 8094 (http) 
15:15:17.154 [main] INFO  o.a.coyote.http11.Http11NioProtocol - Initializing ProtocolHandler ["http-nio-8094"] 
15:15:17.286 [main] INFO  o.a.catalina.core.StandardService - Starting service [Tomcat] 
15:15:17.286 [main] INFO  o.a.catalina.core.StandardEngine - Starting Servlet engine: [Apache Tomcat/9.0.19] 
15:15:17.402 [main] INFO  o.a.c.c.C.[Tomcat].[localhost].[/] - Initializing Spring embedded WebApplicationContext 
15:15:17.402 [main] INFO  o.s.web.context.ContextLoader - Root WebApplicationContext: initialization completed in 1399 ms 
15:15:17.514 [main] INFO  com.zaxxer.hikari.HikariDataSource - HikariPool-1 - Starting... 
15:15:17.590 [main] INFO  com.zaxxer.hikari.HikariDataSource - HikariPool-1 - Start completed. 
15:15:17.675 [main] INFO  org.hibernate.Version - HHH000412: Hibernate Core {5.3.10.Final} 
15:15:17.676 [main] INFO  org.hibernate.cfg.Environment - HHH000206: hibernate.properties not found 
15:15:17.757 [main] INFO  o.h.annotations.common.Version - HCANN000001: Hibernate Commons Annotations {5.0.4.Final} 
15:15:17.940 [main] INFO  org.hibernate.dialect.Dialect - HHH000400: Using dialect: org.hibernate.dialect.OracleDialect 
15:15:20.280 [main] INFO  o.h.h.i.QueryTranslatorFactoryInitiator - HHH000397: Using ASTQueryTranslatorFactory 
15:15:20.393 [main] INFO  o.s.o.j.LocalContainerEntityManagerFactoryBean - Initialized JPA EntityManagerFactory for persistence unit 'maindb' 
15:15:20.496 [main] INFO  com.zaxxer.hikari.HikariDataSource - HikariPool-2 - Starting... 
15:15:20.497 [main] INFO  com.zaxxer.hikari.HikariDataSource - HikariPool-2 - Start completed. 
15:15:20.497 [main] INFO  org.hibernate.dialect.Dialect - HHH000400: Using dialect: org.hibernate.dialect.OracleDialect 
15:15:20.515 [main] INFO  o.s.o.j.LocalContainerEntityManagerFactoryBean - Initialized JPA EntityManagerFactory for persistence unit 'h2db' 
15:15:20.527 [main] INFO  o.s.o.j.LocalContainerEntityManagerFactoryBean - Closing JPA EntityManagerFactory for persistence unit 'h2db' 
15:15:20.527 [main] INFO  com.zaxxer.hikari.HikariDataSource - HikariPool-2 - Shutdown initiated... 
15:15:20.530 [main] INFO  com.zaxxer.hikari.HikariDataSource - HikariPool-2 - Shutdown completed. 
15:15:20.530 [main] INFO  o.s.o.j.LocalContainerEntityManagerFactoryBean - Closing JPA EntityManagerFactory for persistence unit 'maindb' 
15:15:20.530 [main] INFO  com.zaxxer.hikari.HikariDataSource - HikariPool-1 - Shutdown initiated... 
15:15:20.534 [main] INFO  com.zaxxer.hikari.HikariDataSource - HikariPool-1 - Shutdown completed. 
15:15:20.536 [main] INFO  o.a.catalina.core.StandardService - Stopping service [Tomcat] 
15:20:21.163 [main] INFO  ke.tra.com.tsync.TsyncApplication - Starting TsyncApplication on VINCENT-ROG with PID 17476 (C:\Users\Vincent\Desktop\PROJECTS\CRDB\crdb_gateway\target\classes started by Vincent in C:\Users\Vincent\Desktop\PROJECTS\CRDB\crdb_gateway) 
15:20:21.165 [main] INFO  ke.tra.com.tsync.TsyncApplication - The following profiles are active: prod 
15:20:21.744 [main] INFO  o.s.d.r.c.RepositoryConfigurationDelegate - Bootstrapping Spring Data repositories in DEFAULT mode. 
15:20:21.808 [main] INFO  o.s.d.r.c.RepositoryConfigurationDelegate - Finished Spring Data repository scanning in 57ms. Found 9 repository interfaces. 
15:20:21.809 [main] INFO  o.s.d.r.c.RepositoryConfigurationDelegate - Bootstrapping Spring Data repositories in DEFAULT mode. 
15:20:21.814 [main] INFO  o.s.d.r.c.RepositoryConfigurationDelegate - Finished Spring Data repository scanning in 5ms. Found 1 repository interfaces. 
15:20:22.132 [main] INFO  o.s.c.s.PostProcessorRegistrationDelegate$BeanPostProcessorChecker - Bean 'org.springframework.transaction.annotation.ProxyTransactionManagementConfiguration' of type [org.springframework.transaction.annotation.ProxyTransactionManagementConfiguration$$EnhancerBySpringCGLIB$$5f15fb27] is not eligible for getting processed by all BeanPostProcessors (for example: not eligible for auto-proxying) 
15:20:22.305 [main] INFO  o.s.b.w.e.tomcat.TomcatWebServer - Tomcat initialized with port(s): 8094 (http) 
15:20:22.321 [main] INFO  o.a.coyote.http11.Http11NioProtocol - Initializing ProtocolHandler ["http-nio-8094"] 
15:20:22.459 [main] INFO  o.a.catalina.core.StandardService - Starting service [Tomcat] 
15:20:22.460 [main] INFO  o.a.catalina.core.StandardEngine - Starting Servlet engine: [Apache Tomcat/9.0.19] 
15:20:22.582 [main] INFO  o.a.c.c.C.[Tomcat].[localhost].[/] - Initializing Spring embedded WebApplicationContext 
15:20:22.582 [main] INFO  o.s.web.context.ContextLoader - Root WebApplicationContext: initialization completed in 1391 ms 
15:20:22.695 [main] INFO  com.zaxxer.hikari.HikariDataSource - HikariPool-1 - Starting... 
15:20:22.774 [main] INFO  com.zaxxer.hikari.HikariDataSource - HikariPool-1 - Start completed. 
15:20:22.859 [main] INFO  org.hibernate.Version - HHH000412: Hibernate Core {5.3.10.Final} 
15:20:22.860 [main] INFO  org.hibernate.cfg.Environment - HHH000206: hibernate.properties not found 
15:20:22.948 [main] INFO  o.h.annotations.common.Version - HCANN000001: Hibernate Commons Annotations {5.0.4.Final} 
15:20:23.127 [main] INFO  org.hibernate.dialect.Dialect - HHH000400: Using dialect: org.hibernate.dialect.OracleDialect 
15:20:25.409 [main] INFO  o.h.h.i.QueryTranslatorFactoryInitiator - HHH000397: Using ASTQueryTranslatorFactory 
15:20:25.521 [main] INFO  o.s.o.j.LocalContainerEntityManagerFactoryBean - Initialized JPA EntityManagerFactory for persistence unit 'maindb' 
15:20:25.618 [main] INFO  com.zaxxer.hikari.HikariDataSource - HikariPool-2 - Starting... 
15:20:25.618 [main] INFO  com.zaxxer.hikari.HikariDataSource - HikariPool-2 - Start completed. 
15:20:25.619 [main] INFO  org.hibernate.dialect.Dialect - HHH000400: Using dialect: org.hibernate.dialect.OracleDialect 
15:20:25.633 [main] INFO  o.s.o.j.LocalContainerEntityManagerFactoryBean - Initialized JPA EntityManagerFactory for persistence unit 'h2db' 
15:20:25.644 [main] INFO  o.s.o.j.LocalContainerEntityManagerFactoryBean - Closing JPA EntityManagerFactory for persistence unit 'h2db' 
15:20:25.645 [main] INFO  com.zaxxer.hikari.HikariDataSource - HikariPool-2 - Shutdown initiated... 
15:20:25.647 [main] INFO  com.zaxxer.hikari.HikariDataSource - HikariPool-2 - Shutdown completed. 
15:20:25.648 [main] INFO  o.s.o.j.LocalContainerEntityManagerFactoryBean - Closing JPA EntityManagerFactory for persistence unit 'maindb' 
15:20:25.648 [main] INFO  com.zaxxer.hikari.HikariDataSource - HikariPool-1 - Shutdown initiated... 
15:20:25.652 [main] INFO  com.zaxxer.hikari.HikariDataSource - HikariPool-1 - Shutdown completed. 
15:20:25.654 [main] INFO  o.a.catalina.core.StandardService - Stopping service [Tomcat] 
15:22:06.694 [main] INFO  ke.tra.com.tsync.TsyncApplication - Starting TsyncApplication on VINCENT-ROG with PID 6408 (C:\Users\Vincent\Desktop\PROJECTS\CRDB\crdb_gateway\target\classes started by Vincent in C:\Users\Vincent\Desktop\PROJECTS\CRDB\crdb_gateway) 
15:22:06.695 [main] INFO  ke.tra.com.tsync.TsyncApplication - The following profiles are active: prod 
15:22:07.290 [main] INFO  o.s.d.r.c.RepositoryConfigurationDelegate - Bootstrapping Spring Data repositories in DEFAULT mode. 
15:22:07.356 [main] INFO  o.s.d.r.c.RepositoryConfigurationDelegate - Finished Spring Data repository scanning in 59ms. Found 9 repository interfaces. 
15:22:07.357 [main] INFO  o.s.d.r.c.RepositoryConfigurationDelegate - Bootstrapping Spring Data repositories in DEFAULT mode. 
15:22:07.361 [main] INFO  o.s.d.r.c.RepositoryConfigurationDelegate - Finished Spring Data repository scanning in 4ms. Found 1 repository interfaces. 
15:22:07.687 [main] INFO  o.s.c.s.PostProcessorRegistrationDelegate$BeanPostProcessorChecker - Bean 'org.springframework.transaction.annotation.ProxyTransactionManagementConfiguration' of type [org.springframework.transaction.annotation.ProxyTransactionManagementConfiguration$$EnhancerBySpringCGLIB$$e1997a1] is not eligible for getting processed by all BeanPostProcessors (for example: not eligible for auto-proxying) 
15:22:07.852 [main] INFO  o.s.b.w.e.tomcat.TomcatWebServer - Tomcat initialized with port(s): 8094 (http) 
15:22:07.868 [main] INFO  o.a.coyote.http11.Http11NioProtocol - Initializing ProtocolHandler ["http-nio-8094"] 
15:22:07.996 [main] INFO  o.a.catalina.core.StandardService - Starting service [Tomcat] 
15:22:07.997 [main] INFO  o.a.catalina.core.StandardEngine - Starting Servlet engine: [Apache Tomcat/9.0.19] 
15:22:08.119 [main] INFO  o.a.c.c.C.[Tomcat].[localhost].[/] - Initializing Spring embedded WebApplicationContext 
15:22:08.119 [main] INFO  o.s.web.context.ContextLoader - Root WebApplicationContext: initialization completed in 1400 ms 
15:22:08.229 [main] INFO  com.zaxxer.hikari.HikariDataSource - HikariPool-1 - Starting... 
15:22:08.306 [main] INFO  com.zaxxer.hikari.HikariDataSource - HikariPool-1 - Start completed. 
15:22:08.386 [main] INFO  org.hibernate.Version - HHH000412: Hibernate Core {5.3.10.Final} 
15:22:08.387 [main] INFO  org.hibernate.cfg.Environment - HHH000206: hibernate.properties not found 
15:22:08.468 [main] INFO  o.h.annotations.common.Version - HCANN000001: Hibernate Commons Annotations {5.0.4.Final} 
15:22:08.652 [main] INFO  org.hibernate.dialect.Dialect - HHH000400: Using dialect: org.hibernate.dialect.OracleDialect 
15:22:10.961 [main] INFO  o.h.h.i.QueryTranslatorFactoryInitiator - HHH000397: Using ASTQueryTranslatorFactory 
15:22:11.075 [main] INFO  o.s.o.j.LocalContainerEntityManagerFactoryBean - Initialized JPA EntityManagerFactory for persistence unit 'maindb' 
15:22:11.173 [main] INFO  com.zaxxer.hikari.HikariDataSource - HikariPool-2 - Starting... 
15:22:11.174 [main] INFO  com.zaxxer.hikari.HikariDataSource - HikariPool-2 - Start completed. 
15:22:11.174 [main] INFO  org.hibernate.dialect.Dialect - HHH000400: Using dialect: org.hibernate.dialect.OracleDialect 
15:22:11.189 [main] INFO  o.s.o.j.LocalContainerEntityManagerFactoryBean - Initialized JPA EntityManagerFactory for persistence unit 'h2db' 
15:22:11.201 [main] INFO  o.s.o.j.LocalContainerEntityManagerFactoryBean - Closing JPA EntityManagerFactory for persistence unit 'h2db' 
15:22:11.202 [main] INFO  com.zaxxer.hikari.HikariDataSource - HikariPool-2 - Shutdown initiated... 
15:22:11.204 [main] INFO  com.zaxxer.hikari.HikariDataSource - HikariPool-2 - Shutdown completed. 
15:22:11.204 [main] INFO  o.s.o.j.LocalContainerEntityManagerFactoryBean - Closing JPA EntityManagerFactory for persistence unit 'maindb' 
15:22:11.205 [main] INFO  com.zaxxer.hikari.HikariDataSource - HikariPool-1 - Shutdown initiated... 
15:22:11.209 [main] INFO  com.zaxxer.hikari.HikariDataSource - HikariPool-1 - Shutdown completed. 
15:22:11.211 [main] INFO  o.a.catalina.core.StandardService - Stopping service [Tomcat] 
15:26:53.304 [main] INFO  ke.tra.com.tsync.TsyncApplication - Starting TsyncApplication on VINCENT-ROG with PID 17232 (C:\Users\Vincent\Desktop\PROJECTS\CRDB\crdb_gateway\target\classes started by Vincent in C:\Users\Vincent\Desktop\PROJECTS\CRDB\crdb_gateway) 
15:26:53.305 [main] INFO  ke.tra.com.tsync.TsyncApplication - The following profiles are active: prod 
15:26:53.878 [main] INFO  o.s.d.r.c.RepositoryConfigurationDelegate - Bootstrapping Spring Data repositories in DEFAULT mode. 
15:26:53.947 [main] INFO  o.s.d.r.c.RepositoryConfigurationDelegate - Finished Spring Data repository scanning in 61ms. Found 9 repository interfaces. 
15:26:53.948 [main] INFO  o.s.d.r.c.RepositoryConfigurationDelegate - Bootstrapping Spring Data repositories in DEFAULT mode. 
15:26:53.952 [main] INFO  o.s.d.r.c.RepositoryConfigurationDelegate - Finished Spring Data repository scanning in 4ms. Found 1 repository interfaces. 
15:26:54.261 [main] INFO  o.s.c.s.PostProcessorRegistrationDelegate$BeanPostProcessorChecker - Bean 'org.springframework.transaction.annotation.ProxyTransactionManagementConfiguration' of type [org.springframework.transaction.annotation.ProxyTransactionManagementConfiguration$$EnhancerBySpringCGLIB$$279bbd62] is not eligible for getting processed by all BeanPostProcessors (for example: not eligible for auto-proxying) 
15:26:54.433 [main] INFO  o.s.b.w.e.tomcat.TomcatWebServer - Tomcat initialized with port(s): 8094 (http) 
15:26:54.450 [main] INFO  o.a.coyote.http11.Http11NioProtocol - Initializing ProtocolHandler ["http-nio-8094"] 
15:26:54.585 [main] INFO  o.a.catalina.core.StandardService - Starting service [Tomcat] 
15:26:54.585 [main] INFO  o.a.catalina.core.StandardEngine - Starting Servlet engine: [Apache Tomcat/9.0.19] 
15:26:54.795 [main] INFO  o.a.c.c.C.[Tomcat].[localhost].[/] - Initializing Spring embedded WebApplicationContext 
15:26:54.795 [main] INFO  o.s.web.context.ContextLoader - Root WebApplicationContext: initialization completed in 1466 ms 
15:26:54.907 [main] INFO  com.zaxxer.hikari.HikariDataSource - HikariPool-1 - Starting... 
15:26:54.985 [main] INFO  com.zaxxer.hikari.HikariDataSource - HikariPool-1 - Start completed. 
15:26:55.069 [main] INFO  org.hibernate.Version - HHH000412: Hibernate Core {5.3.10.Final} 
15:26:55.069 [main] INFO  org.hibernate.cfg.Environment - HHH000206: hibernate.properties not found 
15:26:55.145 [main] INFO  o.h.annotations.common.Version - HCANN000001: Hibernate Commons Annotations {5.0.4.Final} 
15:26:55.325 [main] INFO  org.hibernate.dialect.Dialect - HHH000400: Using dialect: org.hibernate.dialect.OracleDialect 
15:26:57.603 [main] INFO  o.h.h.i.QueryTranslatorFactoryInitiator - HHH000397: Using ASTQueryTranslatorFactory 
15:26:57.723 [main] INFO  o.s.o.j.LocalContainerEntityManagerFactoryBean - Initialized JPA EntityManagerFactory for persistence unit 'maindb' 
15:26:57.821 [main] INFO  com.zaxxer.hikari.HikariDataSource - HikariPool-2 - Starting... 
15:26:57.822 [main] INFO  com.zaxxer.hikari.HikariDataSource - HikariPool-2 - Start completed. 
15:26:57.822 [main] INFO  org.hibernate.dialect.Dialect - HHH000400: Using dialect: org.hibernate.dialect.OracleDialect 
15:26:57.836 [main] INFO  o.s.o.j.LocalContainerEntityManagerFactoryBean - Initialized JPA EntityManagerFactory for persistence unit 'h2db' 
15:26:57.849 [main] INFO  o.s.o.j.LocalContainerEntityManagerFactoryBean - Closing JPA EntityManagerFactory for persistence unit 'h2db' 
15:26:57.849 [main] INFO  com.zaxxer.hikari.HikariDataSource - HikariPool-2 - Shutdown initiated... 
15:26:57.851 [main] INFO  com.zaxxer.hikari.HikariDataSource - HikariPool-2 - Shutdown completed. 
15:26:57.851 [main] INFO  o.s.o.j.LocalContainerEntityManagerFactoryBean - Closing JPA EntityManagerFactory for persistence unit 'maindb' 
15:26:57.852 [main] INFO  com.zaxxer.hikari.HikariDataSource - HikariPool-1 - Shutdown initiated... 
15:26:57.856 [main] INFO  com.zaxxer.hikari.HikariDataSource - HikariPool-1 - Shutdown completed. 
15:26:57.858 [main] INFO  o.a.catalina.core.StandardService - Stopping service [Tomcat] 
15:30:24.271 [main] INFO  ke.tra.com.tsync.TsyncApplication - Starting TsyncApplication on VINCENT-ROG with PID 11544 (C:\Users\Vincent\Desktop\PROJECTS\CRDB\crdb_gateway\target\classes started by Vincent in C:\Users\Vincent\Desktop\PROJECTS\CRDB\crdb_gateway) 
15:30:24.273 [main] INFO  ke.tra.com.tsync.TsyncApplication - The following profiles are active: prod 
15:30:24.862 [main] INFO  o.s.d.r.c.RepositoryConfigurationDelegate - Bootstrapping Spring Data repositories in DEFAULT mode. 
15:30:24.932 [main] INFO  o.s.d.r.c.RepositoryConfigurationDelegate - Finished Spring Data repository scanning in 62ms. Found 9 repository interfaces. 
15:30:24.932 [main] INFO  o.s.d.r.c.RepositoryConfigurationDelegate - Bootstrapping Spring Data repositories in DEFAULT mode. 
15:30:24.937 [main] INFO  o.s.d.r.c.RepositoryConfigurationDelegate - Finished Spring Data repository scanning in 5ms. Found 1 repository interfaces. 
15:30:25.260 [main] INFO  o.s.c.s.PostProcessorRegistrationDelegate$BeanPostProcessorChecker - Bean 'org.springframework.transaction.annotation.ProxyTransactionManagementConfiguration' of type [org.springframework.transaction.annotation.ProxyTransactionManagementConfiguration$$EnhancerBySpringCGLIB$$a8e5ef41] is not eligible for getting processed by all BeanPostProcessors (for example: not eligible for auto-proxying) 
15:30:25.428 [main] INFO  o.s.b.w.e.tomcat.TomcatWebServer - Tomcat initialized with port(s): 8094 (http) 
15:30:25.444 [main] INFO  o.a.coyote.http11.Http11NioProtocol - Initializing ProtocolHandler ["http-nio-8094"] 
15:30:25.568 [main] INFO  o.a.catalina.core.StandardService - Starting service [Tomcat] 
15:30:25.569 [main] INFO  o.a.catalina.core.StandardEngine - Starting Servlet engine: [Apache Tomcat/9.0.19] 
15:30:25.689 [main] INFO  o.a.c.c.C.[Tomcat].[localhost].[/] - Initializing Spring embedded WebApplicationContext 
15:30:25.689 [main] INFO  o.s.web.context.ContextLoader - Root WebApplicationContext: initialization completed in 1392 ms 
15:30:25.800 [main] INFO  com.zaxxer.hikari.HikariDataSource - HikariPool-1 - Starting... 
15:30:25.874 [main] INFO  com.zaxxer.hikari.HikariDataSource - HikariPool-1 - Start completed. 
15:30:25.958 [main] INFO  org.hibernate.Version - HHH000412: Hibernate Core {5.3.10.Final} 
15:30:25.959 [main] INFO  org.hibernate.cfg.Environment - HHH000206: hibernate.properties not found 
15:30:26.036 [main] INFO  o.h.annotations.common.Version - HCANN000001: Hibernate Commons Annotations {5.0.4.Final} 
15:30:26.218 [main] INFO  org.hibernate.dialect.Dialect - HHH000400: Using dialect: org.hibernate.dialect.OracleDialect 
15:30:28.551 [main] INFO  o.h.h.i.QueryTranslatorFactoryInitiator - HHH000397: Using ASTQueryTranslatorFactory 
15:30:28.664 [main] INFO  o.s.o.j.LocalContainerEntityManagerFactoryBean - Initialized JPA EntityManagerFactory for persistence unit 'maindb' 
15:30:28.767 [main] INFO  com.zaxxer.hikari.HikariDataSource - HikariPool-2 - Starting... 
15:30:28.768 [main] INFO  com.zaxxer.hikari.HikariDataSource - HikariPool-2 - Start completed. 
15:30:28.768 [main] INFO  org.hibernate.dialect.Dialect - HHH000400: Using dialect: org.hibernate.dialect.OracleDialect 
15:30:28.782 [main] INFO  o.s.o.j.LocalContainerEntityManagerFactoryBean - Initialized JPA EntityManagerFactory for persistence unit 'h2db' 
15:30:28.794 [main] INFO  o.s.o.j.LocalContainerEntityManagerFactoryBean - Closing JPA EntityManagerFactory for persistence unit 'h2db' 
15:30:28.794 [main] INFO  com.zaxxer.hikari.HikariDataSource - HikariPool-2 - Shutdown initiated... 
15:30:28.797 [main] INFO  com.zaxxer.hikari.HikariDataSource - HikariPool-2 - Shutdown completed. 
15:30:28.797 [main] INFO  o.s.o.j.LocalContainerEntityManagerFactoryBean - Closing JPA EntityManagerFactory for persistence unit 'maindb' 
15:30:28.797 [main] INFO  com.zaxxer.hikari.HikariDataSource - HikariPool-1 - Shutdown initiated... 
15:30:28.801 [main] INFO  com.zaxxer.hikari.HikariDataSource - HikariPool-1 - Shutdown completed. 
15:30:28.803 [main] INFO  o.a.catalina.core.StandardService - Stopping service [Tomcat] 
15:32:23.793 [main] INFO  ke.tra.com.tsync.TsyncApplication - Starting TsyncApplication on VINCENT-ROG with PID 16760 (C:\Users\Vincent\Desktop\PROJECTS\CRDB\crdb_gateway\target\classes started by Vincent in C:\Users\Vincent\Desktop\PROJECTS\CRDB\crdb_gateway) 
15:32:23.795 [main] INFO  ke.tra.com.tsync.TsyncApplication - The following profiles are active: prod 
15:32:24.375 [main] INFO  o.s.d.r.c.RepositoryConfigurationDelegate - Bootstrapping Spring Data repositories in DEFAULT mode. 
15:32:24.447 [main] INFO  o.s.d.r.c.RepositoryConfigurationDelegate - Finished Spring Data repository scanning in 63ms. Found 9 repository interfaces. 
15:32:24.447 [main] INFO  o.s.d.r.c.RepositoryConfigurationDelegate - Bootstrapping Spring Data repositories in DEFAULT mode. 
15:32:24.452 [main] INFO  o.s.d.r.c.RepositoryConfigurationDelegate - Finished Spring Data repository scanning in 5ms. Found 1 repository interfaces. 
15:32:24.794 [main] INFO  o.s.c.s.PostProcessorRegistrationDelegate$BeanPostProcessorChecker - Bean 'org.springframework.transaction.annotation.ProxyTransactionManagementConfiguration' of type [org.springframework.transaction.annotation.ProxyTransactionManagementConfiguration$$EnhancerBySpringCGLIB$$9561d5cb] is not eligible for getting processed by all BeanPostProcessors (for example: not eligible for auto-proxying) 
15:32:24.968 [main] INFO  o.s.b.w.e.tomcat.TomcatWebServer - Tomcat initialized with port(s): 8094 (http) 
15:32:24.984 [main] INFO  o.a.coyote.http11.Http11NioProtocol - Initializing ProtocolHandler ["http-nio-8094"] 
15:32:25.108 [main] INFO  o.a.catalina.core.StandardService - Starting service [Tomcat] 
15:32:25.109 [main] INFO  o.a.catalina.core.StandardEngine - Starting Servlet engine: [Apache Tomcat/9.0.19] 
15:32:25.228 [main] INFO  o.a.c.c.C.[Tomcat].[localhost].[/] - Initializing Spring embedded WebApplicationContext 
15:32:25.228 [main] INFO  o.s.web.context.ContextLoader - Root WebApplicationContext: initialization completed in 1411 ms 
15:32:25.335 [main] INFO  com.zaxxer.hikari.HikariDataSource - HikariPool-1 - Starting... 
15:32:25.408 [main] INFO  com.zaxxer.hikari.HikariDataSource - HikariPool-1 - Start completed. 
15:32:25.491 [main] INFO  org.hibernate.Version - HHH000412: Hibernate Core {5.3.10.Final} 
15:32:25.492 [main] INFO  org.hibernate.cfg.Environment - HHH000206: hibernate.properties not found 
15:32:25.569 [main] INFO  o.h.annotations.common.Version - HCANN000001: Hibernate Commons Annotations {5.0.4.Final} 
15:32:25.737 [main] INFO  org.hibernate.dialect.Dialect - HHH000400: Using dialect: org.hibernate.dialect.OracleDialect 
15:32:28.062 [main] INFO  o.h.h.i.QueryTranslatorFactoryInitiator - HHH000397: Using ASTQueryTranslatorFactory 
15:32:28.174 [main] INFO  o.s.o.j.LocalContainerEntityManagerFactoryBean - Initialized JPA EntityManagerFactory for persistence unit 'maindb' 
15:32:28.284 [main] INFO  com.zaxxer.hikari.HikariDataSource - HikariPool-2 - Starting... 
15:32:28.285 [main] INFO  com.zaxxer.hikari.HikariDataSource - HikariPool-2 - Start completed. 
15:32:28.285 [main] INFO  org.hibernate.dialect.Dialect - HHH000400: Using dialect: org.hibernate.dialect.OracleDialect 
15:32:28.300 [main] INFO  o.s.o.j.LocalContainerEntityManagerFactoryBean - Initialized JPA EntityManagerFactory for persistence unit 'h2db' 
15:32:28.313 [main] INFO  o.s.o.j.LocalContainerEntityManagerFactoryBean - Closing JPA EntityManagerFactory for persistence unit 'h2db' 
15:32:28.314 [main] INFO  com.zaxxer.hikari.HikariDataSource - HikariPool-2 - Shutdown initiated... 
15:32:28.316 [main] INFO  com.zaxxer.hikari.HikariDataSource - HikariPool-2 - Shutdown completed. 
15:32:28.316 [main] INFO  o.s.o.j.LocalContainerEntityManagerFactoryBean - Closing JPA EntityManagerFactory for persistence unit 'maindb' 
15:32:28.316 [main] INFO  com.zaxxer.hikari.HikariDataSource - HikariPool-1 - Shutdown initiated... 
15:32:28.320 [main] INFO  com.zaxxer.hikari.HikariDataSource - HikariPool-1 - Shutdown completed. 
15:32:28.321 [main] INFO  o.a.catalina.core.StandardService - Stopping service [Tomcat] 
15:40:36.144 [main] INFO  ke.tra.com.tsync.TsyncApplication - Starting TsyncApplication on VINCENT-ROG with PID 1380 (C:\Users\Vincent\Desktop\PROJECTS\CRDB\crdb_gateway\target\classes started by Vincent in C:\Users\Vincent\Desktop\PROJECTS\CRDB\crdb_gateway) 
15:40:36.146 [main] INFO  ke.tra.com.tsync.TsyncApplication - The following profiles are active: prod 
15:40:36.770 [main] INFO  o.s.d.r.c.RepositoryConfigurationDelegate - Bootstrapping Spring Data repositories in DEFAULT mode. 
15:40:36.836 [main] INFO  o.s.d.r.c.RepositoryConfigurationDelegate - Finished Spring Data repository scanning in 59ms. Found 9 repository interfaces. 
15:40:36.837 [main] INFO  o.s.d.r.c.RepositoryConfigurationDelegate - Bootstrapping Spring Data repositories in DEFAULT mode. 
15:40:36.843 [main] INFO  o.s.d.r.c.RepositoryConfigurationDelegate - Finished Spring Data repository scanning in 6ms. Found 1 repository interfaces. 
15:40:37.173 [main] INFO  o.s.c.s.PostProcessorRegistrationDelegate$BeanPostProcessorChecker - Bean 'org.springframework.transaction.annotation.ProxyTransactionManagementConfiguration' of type [org.springframework.transaction.annotation.ProxyTransactionManagementConfiguration$$EnhancerBySpringCGLIB$$26c31227] is not eligible for getting processed by all BeanPostProcessors (for example: not eligible for auto-proxying) 
15:40:37.340 [main] INFO  o.s.b.w.e.tomcat.TomcatWebServer - Tomcat initialized with port(s): 8094 (http) 
15:40:37.356 [main] INFO  o.a.coyote.http11.Http11NioProtocol - Initializing ProtocolHandler ["http-nio-8094"] 
15:40:37.484 [main] INFO  o.a.catalina.core.StandardService - Starting service [Tomcat] 
15:40:37.485 [main] INFO  o.a.catalina.core.StandardEngine - Starting Servlet engine: [Apache Tomcat/9.0.19] 
15:40:37.606 [main] INFO  o.a.c.c.C.[Tomcat].[localhost].[/] - Initializing Spring embedded WebApplicationContext 
15:40:37.606 [main] INFO  o.s.web.context.ContextLoader - Root WebApplicationContext: initialization completed in 1434 ms 
15:40:37.715 [main] INFO  com.zaxxer.hikari.HikariDataSource - HikariPool-1 - Starting... 
15:40:37.795 [main] INFO  com.zaxxer.hikari.HikariDataSource - HikariPool-1 - Start completed. 
15:40:37.880 [main] INFO  org.hibernate.Version - HHH000412: Hibernate Core {5.3.10.Final} 
15:40:37.881 [main] INFO  org.hibernate.cfg.Environment - HHH000206: hibernate.properties not found 
15:40:37.964 [main] INFO  o.h.annotations.common.Version - HCANN000001: Hibernate Commons Annotations {5.0.4.Final} 
15:40:38.138 [main] INFO  org.hibernate.dialect.Dialect - HHH000400: Using dialect: org.hibernate.dialect.OracleDialect 
15:40:40.451 [main] INFO  o.h.h.i.QueryTranslatorFactoryInitiator - HHH000397: Using ASTQueryTranslatorFactory 
15:40:40.567 [main] INFO  o.s.o.j.LocalContainerEntityManagerFactoryBean - Initialized JPA EntityManagerFactory for persistence unit 'maindb' 
15:40:40.666 [main] INFO  com.zaxxer.hikari.HikariDataSource - HikariPool-2 - Starting... 
15:40:40.667 [main] INFO  com.zaxxer.hikari.HikariDataSource - HikariPool-2 - Start completed. 
15:40:40.667 [main] INFO  org.hibernate.dialect.Dialect - HHH000400: Using dialect: org.hibernate.dialect.OracleDialect 
15:40:40.681 [main] INFO  o.s.o.j.LocalContainerEntityManagerFactoryBean - Initialized JPA EntityManagerFactory for persistence unit 'h2db' 
15:40:40.693 [main] INFO  o.s.o.j.LocalContainerEntityManagerFactoryBean - Closing JPA EntityManagerFactory for persistence unit 'h2db' 
15:40:40.694 [main] INFO  com.zaxxer.hikari.HikariDataSource - HikariPool-2 - Shutdown initiated... 
15:40:40.696 [main] INFO  com.zaxxer.hikari.HikariDataSource - HikariPool-2 - Shutdown completed. 
15:40:40.696 [main] INFO  o.s.o.j.LocalContainerEntityManagerFactoryBean - Closing JPA EntityManagerFactory for persistence unit 'maindb' 
15:40:40.697 [main] INFO  com.zaxxer.hikari.HikariDataSource - HikariPool-1 - Shutdown initiated... 
15:40:40.700 [main] INFO  com.zaxxer.hikari.HikariDataSource - HikariPool-1 - Shutdown completed. 
15:40:40.702 [main] INFO  o.a.catalina.core.StandardService - Stopping service [Tomcat] 
15:46:42.144 [main] INFO  ke.tra.com.tsync.TsyncApplication - Starting TsyncApplication on VINCENT-ROG with PID 10924 (C:\Users\Vincent\Desktop\PROJECTS\CRDB\crdb_gateway\target\classes started by Vincent in C:\Users\Vincent\Desktop\PROJECTS\CRDB\crdb_gateway) 
15:46:42.145 [main] INFO  ke.tra.com.tsync.TsyncApplication - The following profiles are active: prod 
15:46:42.721 [main] INFO  o.s.d.r.c.RepositoryConfigurationDelegate - Bootstrapping Spring Data repositories in DEFAULT mode. 
15:46:42.796 [main] INFO  o.s.d.r.c.RepositoryConfigurationDelegate - Finished Spring Data repository scanning in 68ms. Found 9 repository interfaces. 
15:46:42.797 [main] INFO  o.s.d.r.c.RepositoryConfigurationDelegate - Bootstrapping Spring Data repositories in DEFAULT mode. 
15:46:42.803 [main] INFO  o.s.d.r.c.RepositoryConfigurationDelegate - Finished Spring Data repository scanning in 6ms. Found 1 repository interfaces. 
15:46:43.139 [main] INFO  o.s.c.s.PostProcessorRegistrationDelegate$BeanPostProcessorChecker - Bean 'org.springframework.transaction.annotation.ProxyTransactionManagementConfiguration' of type [org.springframework.transaction.annotation.ProxyTransactionManagementConfiguration$$EnhancerBySpringCGLIB$$197bc0e0] is not eligible for getting processed by all BeanPostProcessors (for example: not eligible for auto-proxying) 
15:46:43.306 [main] INFO  o.s.b.w.e.tomcat.TomcatWebServer - Tomcat initialized with port(s): 8094 (http) 
15:46:43.322 [main] INFO  o.a.coyote.http11.Http11NioProtocol - Initializing ProtocolHandler ["http-nio-8094"] 
15:46:43.446 [main] INFO  o.a.catalina.core.StandardService - Starting service [Tomcat] 
15:46:43.446 [main] INFO  o.a.catalina.core.StandardEngine - Starting Servlet engine: [Apache Tomcat/9.0.19] 
15:46:43.571 [main] INFO  o.a.c.c.C.[Tomcat].[localhost].[/] - Initializing Spring embedded WebApplicationContext 
15:46:43.571 [main] INFO  o.s.web.context.ContextLoader - Root WebApplicationContext: initialization completed in 1400 ms 
15:46:43.681 [main] INFO  com.zaxxer.hikari.HikariDataSource - HikariPool-1 - Starting... 
15:46:43.757 [main] INFO  com.zaxxer.hikari.HikariDataSource - HikariPool-1 - Start completed. 
15:46:43.845 [main] INFO  org.hibernate.Version - HHH000412: Hibernate Core {5.3.10.Final} 
15:46:43.846 [main] INFO  org.hibernate.cfg.Environment - HHH000206: hibernate.properties not found 
15:46:43.928 [main] INFO  o.h.annotations.common.Version - HCANN000001: Hibernate Commons Annotations {5.0.4.Final} 
15:46:44.100 [main] INFO  org.hibernate.dialect.Dialect - HHH000400: Using dialect: org.hibernate.dialect.OracleDialect 
15:46:46.418 [main] INFO  o.h.h.i.QueryTranslatorFactoryInitiator - HHH000397: Using ASTQueryTranslatorFactory 
15:46:46.532 [main] INFO  o.s.o.j.LocalContainerEntityManagerFactoryBean - Initialized JPA EntityManagerFactory for persistence unit 'maindb' 
15:46:46.630 [main] INFO  com.zaxxer.hikari.HikariDataSource - HikariPool-2 - Starting... 
15:46:46.631 [main] INFO  com.zaxxer.hikari.HikariDataSource - HikariPool-2 - Start completed. 
15:46:46.631 [main] INFO  org.hibernate.dialect.Dialect - HHH000400: Using dialect: org.hibernate.dialect.OracleDialect 
15:46:46.645 [main] INFO  o.s.o.j.LocalContainerEntityManagerFactoryBean - Initialized JPA EntityManagerFactory for persistence unit 'h2db' 
15:46:46.657 [main] INFO  o.s.o.j.LocalContainerEntityManagerFactoryBean - Closing JPA EntityManagerFactory for persistence unit 'h2db' 
15:46:46.657 [main] INFO  com.zaxxer.hikari.HikariDataSource - HikariPool-2 - Shutdown initiated... 
15:46:46.659 [main] INFO  com.zaxxer.hikari.HikariDataSource - HikariPool-2 - Shutdown completed. 
15:46:46.660 [main] INFO  o.s.o.j.LocalContainerEntityManagerFactoryBean - Closing JPA EntityManagerFactory for persistence unit 'maindb' 
15:46:46.660 [main] INFO  com.zaxxer.hikari.HikariDataSource - HikariPool-1 - Shutdown initiated... 
15:46:46.664 [main] INFO  com.zaxxer.hikari.HikariDataSource - HikariPool-1 - Shutdown completed. 
15:46:46.665 [main] INFO  o.a.catalina.core.StandardService - Stopping service [Tomcat] 
15:51:30.103 [main] INFO  ke.tra.com.tsync.TsyncApplication - Starting TsyncApplication on VINCENT-ROG with PID 15536 (C:\Users\Vincent\Desktop\PROJECTS\CRDB\crdb_gateway\target\classes started by Vincent in C:\Users\Vincent\Desktop\PROJECTS\CRDB\crdb_gateway) 
15:51:30.104 [main] INFO  ke.tra.com.tsync.TsyncApplication - The following profiles are active: prod 
15:51:30.615 [main] INFO  o.s.d.r.c.RepositoryConfigurationDelegate - Bootstrapping Spring Data repositories in DEFAULT mode. 
15:51:30.679 [main] INFO  o.s.d.r.c.RepositoryConfigurationDelegate - Finished Spring Data repository scanning in 57ms. Found 9 repository interfaces. 
15:51:30.679 [main] INFO  o.s.d.r.c.RepositoryConfigurationDelegate - Bootstrapping Spring Data repositories in DEFAULT mode. 
15:51:30.684 [main] INFO  o.s.d.r.c.RepositoryConfigurationDelegate - Finished Spring Data repository scanning in 4ms. Found 1 repository interfaces. 
15:51:31.012 [main] INFO  o.s.c.s.PostProcessorRegistrationDelegate$BeanPostProcessorChecker - Bean 'org.springframework.transaction.annotation.ProxyTransactionManagementConfiguration' of type [org.springframework.transaction.annotation.ProxyTransactionManagementConfiguration$$EnhancerBySpringCGLIB$$1744ffdb] is not eligible for getting processed by all BeanPostProcessors (for example: not eligible for auto-proxying) 
15:51:31.198 [main] INFO  o.s.b.w.e.tomcat.TomcatWebServer - Tomcat initialized with port(s): 8094 (http) 
15:51:31.215 [main] INFO  o.a.coyote.http11.Http11NioProtocol - Initializing ProtocolHandler ["http-nio-8094"] 
15:51:31.353 [main] INFO  o.a.catalina.core.StandardService - Starting service [Tomcat] 
15:51:31.353 [main] INFO  o.a.catalina.core.StandardEngine - Starting Servlet engine: [Apache Tomcat/9.0.19] 
15:51:31.488 [main] INFO  o.a.c.c.C.[Tomcat].[localhost].[/] - Initializing Spring embedded WebApplicationContext 
15:51:31.488 [main] INFO  o.s.web.context.ContextLoader - Root WebApplicationContext: initialization completed in 1362 ms 
15:51:31.601 [main] INFO  com.zaxxer.hikari.HikariDataSource - HikariPool-1 - Starting... 
15:51:31.680 [main] INFO  com.zaxxer.hikari.HikariDataSource - HikariPool-1 - Start completed. 
15:51:31.777 [main] INFO  org.hibernate.Version - HHH000412: Hibernate Core {5.3.10.Final} 
15:51:31.778 [main] INFO  org.hibernate.cfg.Environment - HHH000206: hibernate.properties not found 
15:51:31.860 [main] INFO  o.h.annotations.common.Version - HCANN000001: Hibernate Commons Annotations {5.0.4.Final} 
15:51:32.032 [main] INFO  org.hibernate.dialect.Dialect - HHH000400: Using dialect: org.hibernate.dialect.OracleDialect 
15:51:34.375 [main] INFO  o.h.h.i.QueryTranslatorFactoryInitiator - HHH000397: Using ASTQueryTranslatorFactory 
15:51:34.488 [main] INFO  o.s.o.j.LocalContainerEntityManagerFactoryBean - Initialized JPA EntityManagerFactory for persistence unit 'maindb' 
15:51:34.590 [main] INFO  com.zaxxer.hikari.HikariDataSource - HikariPool-2 - Starting... 
15:51:34.590 [main] INFO  com.zaxxer.hikari.HikariDataSource - HikariPool-2 - Start completed. 
15:51:34.591 [main] INFO  org.hibernate.dialect.Dialect - HHH000400: Using dialect: org.hibernate.dialect.OracleDialect 
15:51:34.605 [main] INFO  o.s.o.j.LocalContainerEntityManagerFactoryBean - Initialized JPA EntityManagerFactory for persistence unit 'h2db' 
15:51:34.617 [main] INFO  o.s.o.j.LocalContainerEntityManagerFactoryBean - Closing JPA EntityManagerFactory for persistence unit 'h2db' 
15:51:34.617 [main] INFO  com.zaxxer.hikari.HikariDataSource - HikariPool-2 - Shutdown initiated... 
15:51:34.619 [main] INFO  com.zaxxer.hikari.HikariDataSource - HikariPool-2 - Shutdown completed. 
15:51:34.620 [main] INFO  o.s.o.j.LocalContainerEntityManagerFactoryBean - Closing JPA EntityManagerFactory for persistence unit 'maindb' 
15:51:34.620 [main] INFO  com.zaxxer.hikari.HikariDataSource - HikariPool-1 - Shutdown initiated... 
15:51:34.623 [main] INFO  com.zaxxer.hikari.HikariDataSource - HikariPool-1 - Shutdown completed. 
15:51:34.625 [main] INFO  o.a.catalina.core.StandardService - Stopping service [Tomcat] 
15:52:31.012 [main] INFO  ke.tra.com.tsync.TsyncApplication - Starting TsyncApplication on VINCENT-ROG with PID 4212 (C:\Users\Vincent\Desktop\PROJECTS\CRDB\crdb_gateway\target\classes started by Vincent in C:\Users\Vincent\Desktop\PROJECTS\CRDB\crdb_gateway) 
15:52:31.013 [main] INFO  ke.tra.com.tsync.TsyncApplication - The following profiles are active: prod 
15:52:31.581 [main] INFO  o.s.d.r.c.RepositoryConfigurationDelegate - Bootstrapping Spring Data repositories in DEFAULT mode. 
15:52:31.653 [main] INFO  o.s.d.r.c.RepositoryConfigurationDelegate - Finished Spring Data repository scanning in 65ms. Found 9 repository interfaces. 
15:52:31.654 [main] INFO  o.s.d.r.c.RepositoryConfigurationDelegate - Bootstrapping Spring Data repositories in DEFAULT mode. 
15:52:31.659 [main] INFO  o.s.d.r.c.RepositoryConfigurationDelegate - Finished Spring Data repository scanning in 5ms. Found 1 repository interfaces. 
15:52:31.989 [main] INFO  o.s.c.s.PostProcessorRegistrationDelegate$BeanPostProcessorChecker - Bean 'org.springframework.transaction.annotation.ProxyTransactionManagementConfiguration' of type [org.springframework.transaction.annotation.ProxyTransactionManagementConfiguration$$EnhancerBySpringCGLIB$$94c26880] is not eligible for getting processed by all BeanPostProcessors (for example: not eligible for auto-proxying) 
15:52:32.153 [main] INFO  o.s.b.w.e.tomcat.TomcatWebServer - Tomcat initialized with port(s): 8094 (http) 
15:52:32.170 [main] INFO  o.a.coyote.http11.Http11NioProtocol - Initializing ProtocolHandler ["http-nio-8094"] 
15:52:32.296 [main] INFO  o.a.catalina.core.StandardService - Starting service [Tomcat] 
15:52:32.297 [main] INFO  o.a.catalina.core.StandardEngine - Starting Servlet engine: [Apache Tomcat/9.0.19] 
15:52:32.417 [main] INFO  o.a.c.c.C.[Tomcat].[localhost].[/] - Initializing Spring embedded WebApplicationContext 
15:52:32.417 [main] INFO  o.s.web.context.ContextLoader - Root WebApplicationContext: initialization completed in 1380 ms 
15:52:32.523 [main] INFO  com.zaxxer.hikari.HikariDataSource - HikariPool-1 - Starting... 
15:52:32.599 [main] INFO  com.zaxxer.hikari.HikariDataSource - HikariPool-1 - Start completed. 
15:52:32.682 [main] INFO  org.hibernate.Version - HHH000412: Hibernate Core {5.3.10.Final} 
15:52:32.682 [main] INFO  org.hibernate.cfg.Environment - HHH000206: hibernate.properties not found 
15:52:32.759 [main] INFO  o.h.annotations.common.Version - HCANN000001: Hibernate Commons Annotations {5.0.4.Final} 
15:52:32.940 [main] INFO  org.hibernate.dialect.Dialect - HHH000400: Using dialect: org.hibernate.dialect.OracleDialect 
15:52:35.216 [main] INFO  o.h.h.i.QueryTranslatorFactoryInitiator - HHH000397: Using ASTQueryTranslatorFactory 
15:52:35.328 [main] INFO  o.s.o.j.LocalContainerEntityManagerFactoryBean - Initialized JPA EntityManagerFactory for persistence unit 'maindb' 
15:52:35.425 [main] INFO  com.zaxxer.hikari.HikariDataSource - HikariPool-2 - Starting... 
15:52:35.426 [main] INFO  com.zaxxer.hikari.HikariDataSource - HikariPool-2 - Start completed. 
15:52:35.426 [main] INFO  org.hibernate.dialect.Dialect - HHH000400: Using dialect: org.hibernate.dialect.OracleDialect 
15:52:35.440 [main] INFO  o.s.o.j.LocalContainerEntityManagerFactoryBean - Initialized JPA EntityManagerFactory for persistence unit 'h2db' 
15:52:35.453 [main] INFO  o.s.o.j.LocalContainerEntityManagerFactoryBean - Closing JPA EntityManagerFactory for persistence unit 'h2db' 
15:52:35.453 [main] INFO  com.zaxxer.hikari.HikariDataSource - HikariPool-2 - Shutdown initiated... 
15:52:35.455 [main] INFO  com.zaxxer.hikari.HikariDataSource - HikariPool-2 - Shutdown completed. 
15:52:35.455 [main] INFO  o.s.o.j.LocalContainerEntityManagerFactoryBean - Closing JPA EntityManagerFactory for persistence unit 'maindb' 
15:52:35.456 [main] INFO  com.zaxxer.hikari.HikariDataSource - HikariPool-1 - Shutdown initiated... 
15:52:35.460 [main] INFO  com.zaxxer.hikari.HikariDataSource - HikariPool-1 - Shutdown completed. 
15:52:35.461 [main] INFO  o.a.catalina.core.StandardService - Stopping service [Tomcat] 
15:54:03.399 [main] INFO  ke.tra.com.tsync.TsyncApplication - Starting TsyncApplication on VINCENT-ROG with PID 5016 (C:\Users\Vincent\Desktop\PROJECTS\CRDB\crdb_gateway\target\classes started by Vincent in C:\Users\Vincent\Desktop\PROJECTS\CRDB\crdb_gateway) 
15:54:03.400 [main] INFO  ke.tra.com.tsync.TsyncApplication - The following profiles are active: prod 
15:54:03.988 [main] INFO  o.s.d.r.c.RepositoryConfigurationDelegate - Bootstrapping Spring Data repositories in DEFAULT mode. 
15:54:04.053 [main] INFO  o.s.d.r.c.RepositoryConfigurationDelegate - Finished Spring Data repository scanning in 58ms. Found 9 repository interfaces. 
15:54:04.054 [main] INFO  o.s.d.r.c.RepositoryConfigurationDelegate - Bootstrapping Spring Data repositories in DEFAULT mode. 
15:54:04.059 [main] INFO  o.s.d.r.c.RepositoryConfigurationDelegate - Finished Spring Data repository scanning in 5ms. Found 1 repository interfaces. 
15:54:04.368 [main] INFO  o.s.c.s.PostProcessorRegistrationDelegate$BeanPostProcessorChecker - Bean 'org.springframework.transaction.annotation.ProxyTransactionManagementConfiguration' of type [org.springframework.transaction.annotation.ProxyTransactionManagementConfiguration$$EnhancerBySpringCGLIB$$e8cdf4a2] is not eligible for getting processed by all BeanPostProcessors (for example: not eligible for auto-proxying) 
15:54:04.541 [main] INFO  o.s.b.w.e.tomcat.TomcatWebServer - Tomcat initialized with port(s): 8094 (http) 
15:54:04.558 [main] INFO  o.a.coyote.http11.Http11NioProtocol - Initializing ProtocolHandler ["http-nio-8094"] 
15:54:04.693 [main] INFO  o.a.catalina.core.StandardService - Starting service [Tomcat] 
15:54:04.693 [main] INFO  o.a.catalina.core.StandardEngine - Starting Servlet engine: [Apache Tomcat/9.0.19] 
15:54:04.817 [main] INFO  o.a.c.c.C.[Tomcat].[localhost].[/] - Initializing Spring embedded WebApplicationContext 
15:54:04.817 [main] INFO  o.s.web.context.ContextLoader - Root WebApplicationContext: initialization completed in 1390 ms 
15:54:04.928 [main] INFO  com.zaxxer.hikari.HikariDataSource - HikariPool-1 - Starting... 
15:54:05.004 [main] INFO  com.zaxxer.hikari.HikariDataSource - HikariPool-1 - Start completed. 
15:54:05.084 [main] INFO  org.hibernate.Version - HHH000412: Hibernate Core {5.3.10.Final} 
15:54:05.085 [main] INFO  org.hibernate.cfg.Environment - HHH000206: hibernate.properties not found 
15:54:05.161 [main] INFO  o.h.annotations.common.Version - HCANN000001: Hibernate Commons Annotations {5.0.4.Final} 
15:54:05.343 [main] INFO  org.hibernate.dialect.Dialect - HHH000400: Using dialect: org.hibernate.dialect.OracleDialect 
15:54:07.637 [main] INFO  o.h.h.i.QueryTranslatorFactoryInitiator - HHH000397: Using ASTQueryTranslatorFactory 
15:54:07.752 [main] INFO  o.s.o.j.LocalContainerEntityManagerFactoryBean - Initialized JPA EntityManagerFactory for persistence unit 'maindb' 
15:54:07.850 [main] INFO  com.zaxxer.hikari.HikariDataSource - HikariPool-2 - Starting... 
15:54:07.850 [main] INFO  com.zaxxer.hikari.HikariDataSource - HikariPool-2 - Start completed. 
15:54:07.851 [main] INFO  org.hibernate.dialect.Dialect - HHH000400: Using dialect: org.hibernate.dialect.OracleDialect 
15:54:07.865 [main] INFO  o.s.o.j.LocalContainerEntityManagerFactoryBean - Initialized JPA EntityManagerFactory for persistence unit 'h2db' 
15:54:07.878 [main] INFO  o.s.o.j.LocalContainerEntityManagerFactoryBean - Closing JPA EntityManagerFactory for persistence unit 'h2db' 
15:54:07.878 [main] INFO  com.zaxxer.hikari.HikariDataSource - HikariPool-2 - Shutdown initiated... 
15:54:07.880 [main] INFO  com.zaxxer.hikari.HikariDataSource - HikariPool-2 - Shutdown completed. 
15:54:07.880 [main] INFO  o.s.o.j.LocalContainerEntityManagerFactoryBean - Closing JPA EntityManagerFactory for persistence unit 'maindb' 
15:54:07.881 [main] INFO  com.zaxxer.hikari.HikariDataSource - HikariPool-1 - Shutdown initiated... 
15:54:07.884 [main] INFO  com.zaxxer.hikari.HikariDataSource - HikariPool-1 - Shutdown completed. 
15:54:07.886 [main] INFO  o.a.catalina.core.StandardService - Stopping service [Tomcat] 
15:59:02.620 [main] INFO  ke.tra.com.tsync.TsyncApplication - Starting TsyncApplication on VINCENT-ROG with PID 16752 (C:\Users\Vincent\Desktop\PROJECTS\CRDB\crdb_gateway\target\classes started by Vincent in C:\Users\Vincent\Desktop\PROJECTS\CRDB\crdb_gateway) 
15:59:02.621 [main] INFO  ke.tra.com.tsync.TsyncApplication - The following profiles are active: prod 
15:59:03.218 [main] INFO  o.s.d.r.c.RepositoryConfigurationDelegate - Bootstrapping Spring Data repositories in DEFAULT mode. 
15:59:03.284 [main] INFO  o.s.d.r.c.RepositoryConfigurationDelegate - Finished Spring Data repository scanning in 59ms. Found 9 repository interfaces. 
15:59:03.285 [main] INFO  o.s.d.r.c.RepositoryConfigurationDelegate - Bootstrapping Spring Data repositories in DEFAULT mode. 
15:59:03.290 [main] INFO  o.s.d.r.c.RepositoryConfigurationDelegate - Finished Spring Data repository scanning in 5ms. Found 1 repository interfaces. 
15:59:03.614 [main] INFO  o.s.c.s.PostProcessorRegistrationDelegate$BeanPostProcessorChecker - Bean 'org.springframework.transaction.annotation.ProxyTransactionManagementConfiguration' of type [org.springframework.transaction.annotation.ProxyTransactionManagementConfiguration$$EnhancerBySpringCGLIB$$557d03d3] is not eligible for getting processed by all BeanPostProcessors (for example: not eligible for auto-proxying) 
15:59:03.784 [main] INFO  o.s.b.w.e.tomcat.TomcatWebServer - Tomcat initialized with port(s): 8094 (http) 
15:59:03.800 [main] INFO  o.a.coyote.http11.Http11NioProtocol - Initializing ProtocolHandler ["http-nio-8094"] 
15:59:03.926 [main] INFO  o.a.catalina.core.StandardService - Starting service [Tomcat] 
15:59:03.926 [main] INFO  o.a.catalina.core.StandardEngine - Starting Servlet engine: [Apache Tomcat/9.0.19] 
15:59:04.048 [main] INFO  o.a.c.c.C.[Tomcat].[localhost].[/] - Initializing Spring embedded WebApplicationContext 
15:59:04.048 [main] INFO  o.s.web.context.ContextLoader - Root WebApplicationContext: initialization completed in 1402 ms 
15:59:04.154 [main] INFO  com.zaxxer.hikari.HikariDataSource - HikariPool-1 - Starting... 
15:59:04.226 [main] INFO  com.zaxxer.hikari.HikariDataSource - HikariPool-1 - Start completed. 
15:59:04.306 [main] INFO  org.hibernate.Version - HHH000412: Hibernate Core {5.3.10.Final} 
15:59:04.307 [main] INFO  org.hibernate.cfg.Environment - HHH000206: hibernate.properties not found 
15:59:04.384 [main] INFO  o.h.annotations.common.Version - HCANN000001: Hibernate Commons Annotations {5.0.4.Final} 
15:59:04.565 [main] INFO  org.hibernate.dialect.Dialect - HHH000400: Using dialect: org.hibernate.dialect.OracleDialect 
15:59:06.848 [main] INFO  o.h.h.i.QueryTranslatorFactoryInitiator - HHH000397: Using ASTQueryTranslatorFactory 
15:59:06.965 [main] INFO  o.s.o.j.LocalContainerEntityManagerFactoryBean - Initialized JPA EntityManagerFactory for persistence unit 'maindb' 
15:59:07.064 [main] INFO  com.zaxxer.hikari.HikariDataSource - HikariPool-2 - Starting... 
15:59:07.065 [main] INFO  com.zaxxer.hikari.HikariDataSource - HikariPool-2 - Start completed. 
15:59:07.065 [main] INFO  org.hibernate.dialect.Dialect - HHH000400: Using dialect: org.hibernate.dialect.OracleDialect 
15:59:07.080 [main] INFO  o.s.o.j.LocalContainerEntityManagerFactoryBean - Initialized JPA EntityManagerFactory for persistence unit 'h2db' 
15:59:07.093 [main] INFO  o.s.o.j.LocalContainerEntityManagerFactoryBean - Closing JPA EntityManagerFactory for persistence unit 'h2db' 
15:59:07.093 [main] INFO  com.zaxxer.hikari.HikariDataSource - HikariPool-2 - Shutdown initiated... 
15:59:07.095 [main] INFO  com.zaxxer.hikari.HikariDataSource - HikariPool-2 - Shutdown completed. 
15:59:07.095 [main] INFO  o.s.o.j.LocalContainerEntityManagerFactoryBean - Closing JPA EntityManagerFactory for persistence unit 'maindb' 
15:59:07.096 [main] INFO  com.zaxxer.hikari.HikariDataSource - HikariPool-1 - Shutdown initiated... 
15:59:07.099 [main] INFO  com.zaxxer.hikari.HikariDataSource - HikariPool-1 - Shutdown completed. 
15:59:07.101 [main] INFO  o.a.catalina.core.StandardService - Stopping service [Tomcat] 
16:00:23.574 [main] INFO  ke.tra.com.tsync.TsyncApplication - Starting TsyncApplication on VINCENT-ROG with PID 15532 (C:\Users\Vincent\Desktop\PROJECTS\CRDB\crdb_gateway\target\classes started by Vincent in C:\Users\Vincent\Desktop\PROJECTS\CRDB\crdb_gateway) 
16:00:23.576 [main] INFO  ke.tra.com.tsync.TsyncApplication - The following profiles are active: prod 
16:00:24.163 [main] INFO  o.s.d.r.c.RepositoryConfigurationDelegate - Bootstrapping Spring Data repositories in DEFAULT mode. 
16:00:24.235 [main] INFO  o.s.d.r.c.RepositoryConfigurationDelegate - Finished Spring Data repository scanning in 64ms. Found 9 repository interfaces. 
16:00:24.236 [main] INFO  o.s.d.r.c.RepositoryConfigurationDelegate - Bootstrapping Spring Data repositories in DEFAULT mode. 
16:00:24.241 [main] INFO  o.s.d.r.c.RepositoryConfigurationDelegate - Finished Spring Data repository scanning in 5ms. Found 1 repository interfaces. 
16:00:24.560 [main] INFO  o.s.c.s.PostProcessorRegistrationDelegate$BeanPostProcessorChecker - Bean 'org.springframework.transaction.annotation.ProxyTransactionManagementConfiguration' of type [org.springframework.transaction.annotation.ProxyTransactionManagementConfiguration$$EnhancerBySpringCGLIB$$ba4dd2de] is not eligible for getting processed by all BeanPostProcessors (for example: not eligible for auto-proxying) 
16:00:24.730 [main] INFO  o.s.b.w.e.tomcat.TomcatWebServer - Tomcat initialized with port(s): 8094 (http) 
16:00:24.746 [main] INFO  o.a.coyote.http11.Http11NioProtocol - Initializing ProtocolHandler ["http-nio-8094"] 
16:00:24.880 [main] INFO  o.a.catalina.core.StandardService - Starting service [Tomcat] 
16:00:24.880 [main] INFO  o.a.catalina.core.StandardEngine - Starting Servlet engine: [Apache Tomcat/9.0.19] 
16:00:25.044 [main] INFO  o.a.c.c.C.[Tomcat].[localhost].[/] - Initializing Spring embedded WebApplicationContext 
16:00:25.044 [main] INFO  o.s.web.context.ContextLoader - Root WebApplicationContext: initialization completed in 1428 ms 
16:00:25.181 [main] INFO  com.zaxxer.hikari.HikariDataSource - HikariPool-1 - Starting... 
16:00:25.259 [main] INFO  com.zaxxer.hikari.HikariDataSource - HikariPool-1 - Start completed. 
16:00:25.339 [main] INFO  org.hibernate.Version - HHH000412: Hibernate Core {5.3.10.Final} 
16:00:25.340 [main] INFO  org.hibernate.cfg.Environment - HHH000206: hibernate.properties not found 
16:00:25.418 [main] INFO  o.h.annotations.common.Version - HCANN000001: Hibernate Commons Annotations {5.0.4.Final} 
16:00:25.614 [main] INFO  org.hibernate.dialect.Dialect - HHH000400: Using dialect: org.hibernate.dialect.OracleDialect 
16:00:27.877 [main] INFO  o.h.h.i.QueryTranslatorFactoryInitiator - HHH000397: Using ASTQueryTranslatorFactory 
16:00:27.996 [main] INFO  o.s.o.j.LocalContainerEntityManagerFactoryBean - Initialized JPA EntityManagerFactory for persistence unit 'maindb' 
16:00:28.094 [main] INFO  com.zaxxer.hikari.HikariDataSource - HikariPool-2 - Starting... 
16:00:28.095 [main] INFO  com.zaxxer.hikari.HikariDataSource - HikariPool-2 - Start completed. 
16:00:28.095 [main] INFO  org.hibernate.dialect.Dialect - HHH000400: Using dialect: org.hibernate.dialect.OracleDialect 
16:00:28.110 [main] INFO  o.s.o.j.LocalContainerEntityManagerFactoryBean - Initialized JPA EntityManagerFactory for persistence unit 'h2db' 
16:00:28.122 [main] INFO  o.s.o.j.LocalContainerEntityManagerFactoryBean - Closing JPA EntityManagerFactory for persistence unit 'h2db' 
16:00:28.122 [main] INFO  com.zaxxer.hikari.HikariDataSource - HikariPool-2 - Shutdown initiated... 
16:00:28.124 [main] INFO  com.zaxxer.hikari.HikariDataSource - HikariPool-2 - Shutdown completed. 
16:00:28.125 [main] INFO  o.s.o.j.LocalContainerEntityManagerFactoryBean - Closing JPA EntityManagerFactory for persistence unit 'maindb' 
16:00:28.125 [main] INFO  com.zaxxer.hikari.HikariDataSource - HikariPool-1 - Shutdown initiated... 
16:00:28.128 [main] INFO  com.zaxxer.hikari.HikariDataSource - HikariPool-1 - Shutdown completed. 
16:00:28.130 [main] INFO  o.a.catalina.core.StandardService - Stopping service [Tomcat] 
16:00:52.569 [main] INFO  ke.tra.com.tsync.TsyncApplication - Starting TsyncApplication on VINCENT-ROG with PID 7536 (C:\Users\Vincent\Desktop\PROJECTS\CRDB\crdb_gateway\target\classes started by Vincent in C:\Users\Vincent\Desktop\PROJECTS\CRDB\crdb_gateway) 
16:00:52.571 [main] INFO  ke.tra.com.tsync.TsyncApplication - The following profiles are active: prod 
16:00:53.153 [main] INFO  o.s.d.r.c.RepositoryConfigurationDelegate - Bootstrapping Spring Data repositories in DEFAULT mode. 
16:00:53.218 [main] INFO  o.s.d.r.c.RepositoryConfigurationDelegate - Finished Spring Data repository scanning in 57ms. Found 9 repository interfaces. 
16:00:53.218 [main] INFO  o.s.d.r.c.RepositoryConfigurationDelegate - Bootstrapping Spring Data repositories in DEFAULT mode. 
16:00:53.223 [main] INFO  o.s.d.r.c.RepositoryConfigurationDelegate - Finished Spring Data repository scanning in 5ms. Found 1 repository interfaces. 
16:00:53.533 [main] INFO  o.s.c.s.PostProcessorRegistrationDelegate$BeanPostProcessorChecker - Bean 'org.springframework.transaction.annotation.ProxyTransactionManagementConfiguration' of type [org.springframework.transaction.annotation.ProxyTransactionManagementConfiguration$$EnhancerBySpringCGLIB$$e5ed7c98] is not eligible for getting processed by all BeanPostProcessors (for example: not eligible for auto-proxying) 
16:00:53.706 [main] INFO  o.s.b.w.e.tomcat.TomcatWebServer - Tomcat initialized with port(s): 8094 (http) 
16:00:53.722 [main] INFO  o.a.coyote.http11.Http11NioProtocol - Initializing ProtocolHandler ["http-nio-8094"] 
16:00:53.857 [main] INFO  o.a.catalina.core.StandardService - Starting service [Tomcat] 
16:00:53.857 [main] INFO  o.a.catalina.core.StandardEngine - Starting Servlet engine: [Apache Tomcat/9.0.19] 
16:00:53.985 [main] INFO  o.a.c.c.C.[Tomcat].[localhost].[/] - Initializing Spring embedded WebApplicationContext 
16:00:53.985 [main] INFO  o.s.web.context.ContextLoader - Root WebApplicationContext: initialization completed in 1385 ms 
16:00:54.097 [main] INFO  com.zaxxer.hikari.HikariDataSource - HikariPool-1 - Starting... 
16:00:54.172 [main] INFO  com.zaxxer.hikari.HikariDataSource - HikariPool-1 - Start completed. 
16:00:54.254 [main] INFO  org.hibernate.Version - HHH000412: Hibernate Core {5.3.10.Final} 
16:00:54.255 [main] INFO  org.hibernate.cfg.Environment - HHH000206: hibernate.properties not found 
16:00:54.358 [main] INFO  o.h.annotations.common.Version - HCANN000001: Hibernate Commons Annotations {5.0.4.Final} 
16:00:54.545 [main] INFO  org.hibernate.dialect.Dialect - HHH000400: Using dialect: org.hibernate.dialect.OracleDialect 
16:00:56.853 [main] INFO  o.h.h.i.QueryTranslatorFactoryInitiator - HHH000397: Using ASTQueryTranslatorFactory 
16:00:56.969 [main] INFO  o.s.o.j.LocalContainerEntityManagerFactoryBean - Initialized JPA EntityManagerFactory for persistence unit 'maindb' 
16:00:57.069 [main] INFO  com.zaxxer.hikari.HikariDataSource - HikariPool-2 - Starting... 
16:00:57.070 [main] INFO  com.zaxxer.hikari.HikariDataSource - HikariPool-2 - Start completed. 
16:00:57.070 [main] INFO  org.hibernate.dialect.Dialect - HHH000400: Using dialect: org.hibernate.dialect.OracleDialect 
16:00:57.085 [main] INFO  o.s.o.j.LocalContainerEntityManagerFactoryBean - Initialized JPA EntityManagerFactory for persistence unit 'h2db' 
16:00:57.097 [main] INFO  o.s.o.j.LocalContainerEntityManagerFactoryBean - Closing JPA EntityManagerFactory for persistence unit 'h2db' 
16:00:57.097 [main] INFO  com.zaxxer.hikari.HikariDataSource - HikariPool-2 - Shutdown initiated... 
16:00:57.099 [main] INFO  com.zaxxer.hikari.HikariDataSource - HikariPool-2 - Shutdown completed. 
16:00:57.099 [main] INFO  o.s.o.j.LocalContainerEntityManagerFactoryBean - Closing JPA EntityManagerFactory for persistence unit 'maindb' 
16:00:57.100 [main] INFO  com.zaxxer.hikari.HikariDataSource - HikariPool-1 - Shutdown initiated... 
16:00:57.104 [main] INFO  com.zaxxer.hikari.HikariDataSource - HikariPool-1 - Shutdown completed. 
16:00:57.105 [main] INFO  o.a.catalina.core.StandardService - Stopping service [Tomcat] 
16:02:30.366 [main] INFO  ke.tra.com.tsync.TsyncApplication - Starting TsyncApplication on VINCENT-ROG with PID 18140 (C:\Users\Vincent\Desktop\PROJECTS\CRDB\crdb_gateway\target\classes started by Vincent in C:\Users\Vincent\Desktop\PROJECTS\CRDB\crdb_gateway) 
16:02:30.367 [main] INFO  ke.tra.com.tsync.TsyncApplication - The following profiles are active: prod 
16:02:30.958 [main] INFO  o.s.d.r.c.RepositoryConfigurationDelegate - Bootstrapping Spring Data repositories in DEFAULT mode. 
16:02:31.029 [main] INFO  o.s.d.r.c.RepositoryConfigurationDelegate - Finished Spring Data repository scanning in 62ms. Found 9 repository interfaces. 
16:02:31.029 [main] INFO  o.s.d.r.c.RepositoryConfigurationDelegate - Bootstrapping Spring Data repositories in DEFAULT mode. 
16:02:31.035 [main] INFO  o.s.d.r.c.RepositoryConfigurationDelegate - Finished Spring Data repository scanning in 6ms. Found 1 repository interfaces. 
16:02:31.358 [main] INFO  o.s.c.s.PostProcessorRegistrationDelegate$BeanPostProcessorChecker - Bean 'org.springframework.transaction.annotation.ProxyTransactionManagementConfiguration' of type [org.springframework.transaction.annotation.ProxyTransactionManagementConfiguration$$EnhancerBySpringCGLIB$$57df34d5] is not eligible for getting processed by all BeanPostProcessors (for example: not eligible for auto-proxying) 
16:02:31.530 [main] INFO  o.s.b.w.e.tomcat.TomcatWebServer - Tomcat initialized with port(s): 8094 (http) 
16:02:31.546 [main] INFO  o.a.coyote.http11.Http11NioProtocol - Initializing ProtocolHandler ["http-nio-8094"] 
16:02:31.668 [main] INFO  o.a.catalina.core.StandardService - Starting service [Tomcat] 
16:02:31.668 [main] INFO  o.a.catalina.core.StandardEngine - Starting Servlet engine: [Apache Tomcat/9.0.19] 
16:02:31.789 [main] INFO  o.a.c.c.C.[Tomcat].[localhost].[/] - Initializing Spring embedded WebApplicationContext 
16:02:31.789 [main] INFO  o.s.web.context.ContextLoader - Root WebApplicationContext: initialization completed in 1396 ms 
16:02:31.901 [main] INFO  com.zaxxer.hikari.HikariDataSource - HikariPool-1 - Starting... 
16:02:31.977 [main] INFO  com.zaxxer.hikari.HikariDataSource - HikariPool-1 - Start completed. 
16:02:32.059 [main] INFO  org.hibernate.Version - HHH000412: Hibernate Core {5.3.10.Final} 
16:02:32.060 [main] INFO  org.hibernate.cfg.Environment - HHH000206: hibernate.properties not found 
16:02:32.139 [main] INFO  o.h.annotations.common.Version - HCANN000001: Hibernate Commons Annotations {5.0.4.Final} 
16:02:32.323 [main] INFO  org.hibernate.dialect.Dialect - HHH000400: Using dialect: org.hibernate.dialect.OracleDialect 
16:02:34.596 [main] INFO  o.h.h.i.QueryTranslatorFactoryInitiator - HHH000397: Using ASTQueryTranslatorFactory 
16:02:34.707 [main] INFO  o.s.o.j.LocalContainerEntityManagerFactoryBean - Initialized JPA EntityManagerFactory for persistence unit 'maindb' 
16:02:34.804 [main] INFO  com.zaxxer.hikari.HikariDataSource - HikariPool-2 - Starting... 
16:02:34.805 [main] INFO  com.zaxxer.hikari.HikariDataSource - HikariPool-2 - Start completed. 
16:02:34.805 [main] INFO  org.hibernate.dialect.Dialect - HHH000400: Using dialect: org.hibernate.dialect.OracleDialect 
16:02:34.819 [main] INFO  o.s.o.j.LocalContainerEntityManagerFactoryBean - Initialized JPA EntityManagerFactory for persistence unit 'h2db' 
16:02:34.831 [main] INFO  o.s.o.j.LocalContainerEntityManagerFactoryBean - Closing JPA EntityManagerFactory for persistence unit 'h2db' 
16:02:34.832 [main] INFO  com.zaxxer.hikari.HikariDataSource - HikariPool-2 - Shutdown initiated... 
16:02:34.834 [main] INFO  com.zaxxer.hikari.HikariDataSource - HikariPool-2 - Shutdown completed. 
16:02:34.834 [main] INFO  o.s.o.j.LocalContainerEntityManagerFactoryBean - Closing JPA EntityManagerFactory for persistence unit 'maindb' 
16:02:34.834 [main] INFO  com.zaxxer.hikari.HikariDataSource - HikariPool-1 - Shutdown initiated... 
16:02:34.839 [main] INFO  com.zaxxer.hikari.HikariDataSource - HikariPool-1 - Shutdown completed. 
16:02:34.840 [main] INFO  o.a.catalina.core.StandardService - Stopping service [Tomcat] 
16:21:37.076 [main] INFO  ke.tra.com.tsync.TsyncApplication - Starting TsyncApplication on VINCENT-ROG with PID 9676 (C:\Users\Vincent\Desktop\PROJECTS\CRDB\crdb_gateway\target\classes started by Vincent in C:\Users\Vincent\Desktop\PROJECTS\CRDB\crdb_gateway) 
16:21:37.077 [main] INFO  ke.tra.com.tsync.TsyncApplication - The following profiles are active: prod 
16:21:37.678 [main] INFO  o.s.d.r.c.RepositoryConfigurationDelegate - Bootstrapping Spring Data repositories in DEFAULT mode. 
16:21:37.744 [main] INFO  o.s.d.r.c.RepositoryConfigurationDelegate - Finished Spring Data repository scanning in 60ms. Found 9 repository interfaces. 
16:21:37.744 [main] INFO  o.s.d.r.c.RepositoryConfigurationDelegate - Bootstrapping Spring Data repositories in DEFAULT mode. 
16:21:37.749 [main] INFO  o.s.d.r.c.RepositoryConfigurationDelegate - Finished Spring Data repository scanning in 4ms. Found 1 repository interfaces. 
16:21:38.066 [main] INFO  o.s.c.s.PostProcessorRegistrationDelegate$BeanPostProcessorChecker - Bean 'org.springframework.transaction.annotation.ProxyTransactionManagementConfiguration' of type [org.springframework.transaction.annotation.ProxyTransactionManagementConfiguration$$EnhancerBySpringCGLIB$$9030c3bb] is not eligible for getting processed by all BeanPostProcessors (for example: not eligible for auto-proxying) 
16:21:38.228 [main] INFO  o.s.b.w.e.tomcat.TomcatWebServer - Tomcat initialized with port(s): 8094 (http) 
16:21:38.244 [main] INFO  o.a.coyote.http11.Http11NioProtocol - Initializing ProtocolHandler ["http-nio-8094"] 
16:21:38.367 [main] INFO  o.a.catalina.core.StandardService - Starting service [Tomcat] 
16:21:38.368 [main] INFO  o.a.catalina.core.StandardEngine - Starting Servlet engine: [Apache Tomcat/9.0.19] 
16:21:38.487 [main] INFO  o.a.c.c.C.[Tomcat].[localhost].[/] - Initializing Spring embedded WebApplicationContext 
16:21:38.488 [main] INFO  o.s.web.context.ContextLoader - Root WebApplicationContext: initialization completed in 1384 ms 
16:21:38.595 [main] INFO  com.zaxxer.hikari.HikariDataSource - HikariPool-1 - Starting... 
16:21:38.669 [main] INFO  com.zaxxer.hikari.HikariDataSource - HikariPool-1 - Start completed. 
16:21:38.749 [main] INFO  org.hibernate.Version - HHH000412: Hibernate Core {5.3.10.Final} 
16:21:38.750 [main] INFO  org.hibernate.cfg.Environment - HHH000206: hibernate.properties not found 
16:21:38.826 [main] INFO  o.h.annotations.common.Version - HCANN000001: Hibernate Commons Annotations {5.0.4.Final} 
16:21:38.995 [main] INFO  org.hibernate.dialect.Dialect - HHH000400: Using dialect: org.hibernate.dialect.OracleDialect 
16:21:41.273 [main] INFO  o.h.h.i.QueryTranslatorFactoryInitiator - HHH000397: Using ASTQueryTranslatorFactory 
16:21:41.385 [main] INFO  o.s.o.j.LocalContainerEntityManagerFactoryBean - Initialized JPA EntityManagerFactory for persistence unit 'maindb' 
16:21:41.489 [main] INFO  com.zaxxer.hikari.HikariDataSource - HikariPool-2 - Starting... 
16:21:41.490 [main] INFO  com.zaxxer.hikari.HikariDataSource - HikariPool-2 - Start completed. 
16:21:41.490 [main] INFO  org.hibernate.dialect.Dialect - HHH000400: Using dialect: org.hibernate.dialect.OracleDialect 
16:21:41.505 [main] INFO  o.s.o.j.LocalContainerEntityManagerFactoryBean - Initialized JPA EntityManagerFactory for persistence unit 'h2db' 
16:21:41.516 [main] INFO  o.s.o.j.LocalContainerEntityManagerFactoryBean - Closing JPA EntityManagerFactory for persistence unit 'h2db' 
16:21:41.517 [main] INFO  com.zaxxer.hikari.HikariDataSource - HikariPool-2 - Shutdown initiated... 
16:21:41.519 [main] INFO  com.zaxxer.hikari.HikariDataSource - HikariPool-2 - Shutdown completed. 
16:21:41.519 [main] INFO  o.s.o.j.LocalContainerEntityManagerFactoryBean - Closing JPA EntityManagerFactory for persistence unit 'maindb' 
16:21:41.519 [main] INFO  com.zaxxer.hikari.HikariDataSource - HikariPool-1 - Shutdown initiated... 
16:21:41.523 [main] INFO  com.zaxxer.hikari.HikariDataSource - HikariPool-1 - Shutdown completed. 
16:21:41.524 [main] INFO  o.a.catalina.core.StandardService - Stopping service [Tomcat] 
16:23:44.038 [main] INFO  ke.tra.com.tsync.TsyncApplication - Starting TsyncApplication on VINCENT-ROG with PID 15560 (C:\Users\Vincent\Desktop\PROJECTS\CRDB\crdb_gateway\target\classes started by Vincent in C:\Users\Vincent\Desktop\PROJECTS\CRDB\crdb_gateway) 
16:23:44.041 [main] INFO  ke.tra.com.tsync.TsyncApplication - The following profiles are active: prod 
16:23:44.622 [main] INFO  o.s.d.r.c.RepositoryConfigurationDelegate - Bootstrapping Spring Data repositories in DEFAULT mode. 
16:23:44.689 [main] INFO  o.s.d.r.c.RepositoryConfigurationDelegate - Finished Spring Data repository scanning in 60ms. Found 9 repository interfaces. 
16:23:44.689 [main] INFO  o.s.d.r.c.RepositoryConfigurationDelegate - Bootstrapping Spring Data repositories in DEFAULT mode. 
16:23:44.695 [main] INFO  o.s.d.r.c.RepositoryConfigurationDelegate - Finished Spring Data repository scanning in 5ms. Found 1 repository interfaces. 
16:23:45.029 [main] INFO  o.s.c.s.PostProcessorRegistrationDelegate$BeanPostProcessorChecker - Bean 'org.springframework.transaction.annotation.ProxyTransactionManagementConfiguration' of type [org.springframework.transaction.annotation.ProxyTransactionManagementConfiguration$$EnhancerBySpringCGLIB$$4f2b79c1] is not eligible for getting processed by all BeanPostProcessors (for example: not eligible for auto-proxying) 
16:23:45.196 [main] INFO  o.s.b.w.e.tomcat.TomcatWebServer - Tomcat initialized with port(s): 8094 (http) 
16:23:45.213 [main] INFO  o.a.coyote.http11.Http11NioProtocol - Initializing ProtocolHandler ["http-nio-8094"] 
16:23:45.341 [main] INFO  o.a.catalina.core.StandardService - Starting service [Tomcat] 
16:23:45.342 [main] INFO  o.a.catalina.core.StandardEngine - Starting Servlet engine: [Apache Tomcat/9.0.19] 
16:23:45.462 [main] INFO  o.a.c.c.C.[Tomcat].[localhost].[/] - Initializing Spring embedded WebApplicationContext 
16:23:45.462 [main] INFO  o.s.web.context.ContextLoader - Root WebApplicationContext: initialization completed in 1395 ms 
16:23:45.568 [main] INFO  com.zaxxer.hikari.HikariDataSource - HikariPool-1 - Starting... 
16:23:45.643 [main] INFO  com.zaxxer.hikari.HikariDataSource - HikariPool-1 - Start completed. 
16:23:45.723 [main] INFO  org.hibernate.Version - HHH000412: Hibernate Core {5.3.10.Final} 
16:23:45.724 [main] INFO  org.hibernate.cfg.Environment - HHH000206: hibernate.properties not found 
16:23:45.802 [main] INFO  o.h.annotations.common.Version - HCANN000001: Hibernate Commons Annotations {5.0.4.Final} 
16:23:45.991 [main] INFO  org.hibernate.dialect.Dialect - HHH000400: Using dialect: org.hibernate.dialect.OracleDialect 
16:23:48.529 [main] INFO  o.h.h.i.QueryTranslatorFactoryInitiator - HHH000397: Using ASTQueryTranslatorFactory 
16:23:48.641 [main] INFO  o.s.o.j.LocalContainerEntityManagerFactoryBean - Initialized JPA EntityManagerFactory for persistence unit 'maindb' 
16:23:48.742 [main] INFO  com.zaxxer.hikari.HikariDataSource - HikariPool-2 - Starting... 
16:23:48.742 [main] INFO  com.zaxxer.hikari.HikariDataSource - HikariPool-2 - Start completed. 
16:23:48.743 [main] INFO  org.hibernate.dialect.Dialect - HHH000400: Using dialect: org.hibernate.dialect.OracleDialect 
16:23:48.757 [main] INFO  o.s.o.j.LocalContainerEntityManagerFactoryBean - Initialized JPA EntityManagerFactory for persistence unit 'h2db' 
16:23:48.769 [main] INFO  o.s.o.j.LocalContainerEntityManagerFactoryBean - Closing JPA EntityManagerFactory for persistence unit 'h2db' 
16:23:48.770 [main] INFO  com.zaxxer.hikari.HikariDataSource - HikariPool-2 - Shutdown initiated... 
16:23:48.772 [main] INFO  com.zaxxer.hikari.HikariDataSource - HikariPool-2 - Shutdown completed. 
16:23:48.772 [main] INFO  o.s.o.j.LocalContainerEntityManagerFactoryBean - Closing JPA EntityManagerFactory for persistence unit 'maindb' 
16:23:48.772 [main] INFO  com.zaxxer.hikari.HikariDataSource - HikariPool-1 - Shutdown initiated... 
16:23:48.776 [main] INFO  com.zaxxer.hikari.HikariDataSource - HikariPool-1 - Shutdown completed. 
16:23:48.777 [main] INFO  o.a.catalina.core.StandardService - Stopping service [Tomcat] 
