10:33:33.103 [main] INFO  ke.tra.com.tsync.TsyncApplication - Starting TsyncApplication on OBED with PID 10732 (C:\Users\mkamoni\Desktop\Projects\TYSNC\sbm_gateway\target\classes started by mkamoni in C:\Users\mkamoni\Desktop\Projects\TYSNC\sbm_gateway) 
10:33:33.128 [main] INFO  ke.tra.com.tsync.TsyncApplication - The following profiles are active: dev 
10:33:33.605 [main] INFO  o.s.d.r.c.RepositoryConfigurationDelegate - Bootstrapping Spring Data repositories in DEFAULT mode. 
10:33:33.698 [main] INFO  o.s.d.r.c.RepositoryConfigurationDelegate - Finished Spring Data repository scanning in 86ms. Found 7 repository interfaces. 
10:33:33.699 [main] INFO  o.s.d.r.c.RepositoryConfigurationDelegate - Bootstrapping Spring Data repositories in DEFAULT mode. 
10:33:33.704 [main] INFO  o.s.d.r.c.RepositoryConfigurationDelegate - Finished Spring Data repository scanning in 5ms. Found 1 repository interfaces. 
10:33:34.050 [main] INFO  o.s.c.s.PostProcessorRegistrationDelegate$BeanPostProcessorChecker - Bean 'org.springframework.transaction.annotation.ProxyTransactionManagementConfiguration' of type [org.springframework.transaction.annotation.ProxyTransactionManagementConfiguration$$EnhancerBySpringCGLIB$$6e7d4c92] is not eligible for getting processed by all BeanPostProcessors (for example: not eligible for auto-proxying) 
10:33:34.241 [main] INFO  o.s.b.w.e.tomcat.TomcatWebServer - Tomcat initialized with port(s): 8094 (http) 
10:33:34.738 [main] INFO  o.a.coyote.http11.Http11NioProtocol - Initializing ProtocolHandler ["http-nio-8094"] 
10:33:35.197 [main] INFO  o.a.catalina.core.StandardService - Starting service [Tomcat] 
10:33:35.197 [main] INFO  o.a.catalina.core.StandardEngine - Starting Servlet engine: [Apache Tomcat/9.0.19] 
10:33:35.367 [main] INFO  o.a.c.c.C.[Tomcat].[localhost].[/] - Initializing Spring embedded WebApplicationContext 
10:33:35.367 [main] INFO  o.s.web.context.ContextLoader - Root WebApplicationContext: initialization completed in 2203 ms 
10:33:35.514 [main] INFO  com.zaxxer.hikari.HikariDataSource - HikariPool-1 - Starting... 
10:33:37.656 [main] INFO  org.hibernate.Version - HHH000412: Hibernate Core {5.3.10.Final} 
10:33:37.656 [main] INFO  org.hibernate.cfg.Environment - HHH000206: hibernate.properties not found 
10:33:37.725 [main] INFO  o.h.annotations.common.Version - HCANN000001: Hibernate Commons Annotations {5.0.4.Final} 
10:33:37.946 [main] INFO  com.zaxxer.hikari.HikariDataSource - HikariPool-1 - Starting... 
10:33:39.974 [main] INFO  o.a.catalina.core.StandardService - Stopping service [Tomcat] 
10:41:15.363 [main] INFO  ke.tra.com.tsync.TsyncApplication - Starting TsyncApplication on OBED with PID 2740 (C:\Users\mkamoni\Desktop\Projects\TYSNC\sbm_gateway\target\classes started by mkamoni in C:\Users\mkamoni\Desktop\Projects\TYSNC\sbm_gateway) 
10:41:15.366 [main] INFO  ke.tra.com.tsync.TsyncApplication - The following profiles are active: dev 
10:41:16.007 [main] INFO  o.s.d.r.c.RepositoryConfigurationDelegate - Bootstrapping Spring Data repositories in DEFAULT mode. 
10:41:16.085 [main] INFO  o.s.d.r.c.RepositoryConfigurationDelegate - Finished Spring Data repository scanning in 78ms. Found 7 repository interfaces. 
10:41:16.085 [main] INFO  o.s.d.r.c.RepositoryConfigurationDelegate - Bootstrapping Spring Data repositories in DEFAULT mode. 
10:41:16.085 [main] INFO  o.s.d.r.c.RepositoryConfigurationDelegate - Finished Spring Data repository scanning in 0ms. Found 1 repository interfaces. 
10:41:16.554 [main] INFO  o.s.c.s.PostProcessorRegistrationDelegate$BeanPostProcessorChecker - Bean 'org.springframework.transaction.annotation.ProxyTransactionManagementConfiguration' of type [org.springframework.transaction.annotation.ProxyTransactionManagementConfiguration$$EnhancerBySpringCGLIB$$fadde915] is not eligible for getting processed by all BeanPostProcessors (for example: not eligible for auto-proxying) 
10:41:16.788 [main] INFO  o.s.b.w.e.tomcat.TomcatWebServer - Tomcat initialized with port(s): 8094 (http) 
10:41:17.288 [main] INFO  o.a.coyote.http11.Http11NioProtocol - Initializing ProtocolHandler ["http-nio-8094"] 
10:41:17.667 [main] INFO  o.a.catalina.core.StandardService - Starting service [Tomcat] 
10:41:17.667 [main] INFO  o.a.catalina.core.StandardEngine - Starting Servlet engine: [Apache Tomcat/9.0.19] 
10:41:17.808 [main] INFO  o.a.c.c.C.[Tomcat].[localhost].[/] - Initializing Spring embedded WebApplicationContext 
10:41:17.808 [main] INFO  o.s.web.context.ContextLoader - Root WebApplicationContext: initialization completed in 2385 ms 
10:41:17.948 [main] INFO  com.zaxxer.hikari.HikariDataSource - HikariPool-1 - Starting... 
10:41:20.090 [main] INFO  org.hibernate.Version - HHH000412: Hibernate Core {5.3.10.Final} 
10:41:20.090 [main] INFO  org.hibernate.cfg.Environment - HHH000206: hibernate.properties not found 
10:41:20.153 [main] INFO  o.h.annotations.common.Version - HCANN000001: Hibernate Commons Annotations {5.0.4.Final} 
10:41:20.293 [main] INFO  com.zaxxer.hikari.HikariDataSource - HikariPool-1 - Starting... 
10:41:22.300 [main] INFO  o.a.catalina.core.StandardService - Stopping service [Tomcat] 
10:59:12.855 [main] INFO  ke.tra.com.tsync.TsyncApplication - Starting TsyncApplication on OBED with PID 15156 (C:\Users\mkamoni\Desktop\Projects\TYSNC\sbm_gateway\target\classes started by mkamoni in C:\Users\mkamoni\Desktop\Projects\TYSNC\sbm_gateway) 
10:59:12.871 [main] INFO  ke.tra.com.tsync.TsyncApplication - The following profiles are active: dev 
10:59:13.824 [main] INFO  o.s.d.r.c.RepositoryConfigurationDelegate - Bootstrapping Spring Data repositories in DEFAULT mode. 
10:59:13.918 [main] INFO  o.s.d.r.c.RepositoryConfigurationDelegate - Finished Spring Data repository scanning in 78ms. Found 7 repository interfaces. 
10:59:13.918 [main] INFO  o.s.d.r.c.RepositoryConfigurationDelegate - Bootstrapping Spring Data repositories in DEFAULT mode. 
10:59:13.918 [main] INFO  o.s.d.r.c.RepositoryConfigurationDelegate - Finished Spring Data repository scanning in 0ms. Found 1 repository interfaces. 
10:59:14.418 [main] INFO  o.s.c.s.PostProcessorRegistrationDelegate$BeanPostProcessorChecker - Bean 'org.springframework.transaction.annotation.ProxyTransactionManagementConfiguration' of type [org.springframework.transaction.annotation.ProxyTransactionManagementConfiguration$$EnhancerBySpringCGLIB$$ee521ef3] is not eligible for getting processed by all BeanPostProcessors (for example: not eligible for auto-proxying) 
10:59:14.762 [main] INFO  o.s.b.w.e.tomcat.TomcatWebServer - Tomcat initialized with port(s): 8094 (http) 
10:59:15.434 [main] INFO  o.a.coyote.http11.Http11NioProtocol - Initializing ProtocolHandler ["http-nio-8094"] 
10:59:15.965 [main] INFO  o.a.catalina.core.StandardService - Starting service [Tomcat] 
10:59:15.980 [main] INFO  o.a.catalina.core.StandardEngine - Starting Servlet engine: [Apache Tomcat/9.0.19] 
10:59:16.184 [main] INFO  o.a.c.c.C.[Tomcat].[localhost].[/] - Initializing Spring embedded WebApplicationContext 
10:59:16.184 [main] INFO  o.s.web.context.ContextLoader - Root WebApplicationContext: initialization completed in 3235 ms 
10:59:16.387 [main] INFO  com.zaxxer.hikari.HikariDataSource - HikariPool-1 - Starting... 
10:59:18.533 [main] INFO  org.hibernate.Version - HHH000412: Hibernate Core {5.3.10.Final} 
10:59:18.534 [main] INFO  org.hibernate.cfg.Environment - HHH000206: hibernate.properties not found 
10:59:18.621 [main] INFO  o.h.annotations.common.Version - HCANN000001: Hibernate Commons Annotations {5.0.4.Final} 
10:59:18.762 [main] INFO  com.zaxxer.hikari.HikariDataSource - HikariPool-1 - Starting... 
10:59:20.787 [main] INFO  o.a.catalina.core.StandardService - Stopping service [Tomcat] 
10:59:46.354 [main] INFO  ke.tra.com.tsync.TsyncApplication - Starting TsyncApplication on OBED with PID 1404 (C:\Users\mkamoni\Desktop\Projects\TYSNC\sbm_gateway\target\classes started by mkamoni in C:\Users\mkamoni\Desktop\Projects\TYSNC\sbm_gateway) 
10:59:46.357 [main] INFO  ke.tra.com.tsync.TsyncApplication - The following profiles are active: dev 
10:59:46.955 [main] INFO  o.s.d.r.c.RepositoryConfigurationDelegate - Bootstrapping Spring Data repositories in DEFAULT mode. 
10:59:47.002 [main] INFO  o.s.d.r.c.RepositoryConfigurationDelegate - Finished Spring Data repository scanning in 47ms. Found 7 repository interfaces. 
10:59:47.002 [main] INFO  o.s.d.r.c.RepositoryConfigurationDelegate - Bootstrapping Spring Data repositories in DEFAULT mode. 
10:59:47.017 [main] INFO  o.s.d.r.c.RepositoryConfigurationDelegate - Finished Spring Data repository scanning in 15ms. Found 1 repository interfaces. 
10:59:47.377 [main] INFO  o.s.c.s.PostProcessorRegistrationDelegate$BeanPostProcessorChecker - Bean 'org.springframework.transaction.annotation.ProxyTransactionManagementConfiguration' of type [org.springframework.transaction.annotation.ProxyTransactionManagementConfiguration$$EnhancerBySpringCGLIB$$3cb307c3] is not eligible for getting processed by all BeanPostProcessors (for example: not eligible for auto-proxying) 
10:59:47.598 [main] INFO  o.s.b.w.e.tomcat.TomcatWebServer - Tomcat initialized with port(s): 8094 (http) 
10:59:48.140 [main] INFO  o.a.coyote.http11.Http11NioProtocol - Initializing ProtocolHandler ["http-nio-8094"] 
10:59:48.546 [main] INFO  o.a.catalina.core.StandardService - Starting service [Tomcat] 
10:59:48.547 [main] INFO  o.a.catalina.core.StandardEngine - Starting Servlet engine: [Apache Tomcat/9.0.19] 
10:59:48.713 [main] INFO  o.a.c.c.C.[Tomcat].[localhost].[/] - Initializing Spring embedded WebApplicationContext 
10:59:48.714 [main] INFO  o.s.web.context.ContextLoader - Root WebApplicationContext: initialization completed in 2316 ms 
10:59:48.850 [main] INFO  com.zaxxer.hikari.HikariDataSource - HikariPool-1 - Starting... 
10:59:50.958 [main] INFO  org.hibernate.Version - HHH000412: Hibernate Core {5.3.10.Final} 
10:59:50.958 [main] INFO  org.hibernate.cfg.Environment - HHH000206: hibernate.properties not found 
10:59:51.020 [main] INFO  o.h.annotations.common.Version - HCANN000001: Hibernate Commons Annotations {5.0.4.Final} 
10:59:51.161 [main] INFO  com.zaxxer.hikari.HikariDataSource - HikariPool-1 - Starting... 
10:59:53.201 [main] INFO  o.a.catalina.core.StandardService - Stopping service [Tomcat] 
11:01:14.190 [main] INFO  ke.tra.com.tsync.TsyncApplication - Starting TsyncApplication on OBED with PID 5764 (C:\Users\mkamoni\Desktop\Projects\TYSNC\sbm_gateway\target\classes started by mkamoni in C:\Users\mkamoni\Desktop\Projects\TYSNC\sbm_gateway) 
11:01:14.193 [main] INFO  ke.tra.com.tsync.TsyncApplication - The following profiles are active: dev 
11:01:15.103 [main] INFO  o.s.d.r.c.RepositoryConfigurationDelegate - Bootstrapping Spring Data repositories in DEFAULT mode. 
11:01:15.197 [main] INFO  o.s.d.r.c.RepositoryConfigurationDelegate - Finished Spring Data repository scanning in 78ms. Found 7 repository interfaces. 
11:01:15.197 [main] INFO  o.s.d.r.c.RepositoryConfigurationDelegate - Bootstrapping Spring Data repositories in DEFAULT mode. 
11:01:15.197 [main] INFO  o.s.d.r.c.RepositoryConfigurationDelegate - Finished Spring Data repository scanning in 0ms. Found 1 repository interfaces. 
11:01:15.650 [main] INFO  o.s.c.s.PostProcessorRegistrationDelegate$BeanPostProcessorChecker - Bean 'org.springframework.transaction.annotation.ProxyTransactionManagementConfiguration' of type [org.springframework.transaction.annotation.ProxyTransactionManagementConfiguration$$EnhancerBySpringCGLIB$$64a9d9b0] is not eligible for getting processed by all BeanPostProcessors (for example: not eligible for auto-proxying) 
11:01:15.869 [main] INFO  o.s.b.w.e.tomcat.TomcatWebServer - Tomcat initialized with port(s): 8094 (http) 
11:01:16.478 [main] INFO  o.a.coyote.http11.Http11NioProtocol - Initializing ProtocolHandler ["http-nio-8094"] 
11:01:16.902 [main] INFO  o.a.catalina.core.StandardService - Starting service [Tomcat] 
11:01:16.902 [main] INFO  o.a.catalina.core.StandardEngine - Starting Servlet engine: [Apache Tomcat/9.0.19] 
11:01:17.089 [main] INFO  o.a.c.c.C.[Tomcat].[localhost].[/] - Initializing Spring embedded WebApplicationContext 
11:01:17.089 [main] INFO  o.s.web.context.ContextLoader - Root WebApplicationContext: initialization completed in 2852 ms 
11:01:17.214 [main] INFO  com.zaxxer.hikari.HikariDataSource - HikariPool-1 - Starting... 
11:01:19.352 [main] INFO  org.hibernate.Version - HHH000412: Hibernate Core {5.3.10.Final} 
11:01:19.353 [main] INFO  org.hibernate.cfg.Environment - HHH000206: hibernate.properties not found 
11:01:19.426 [main] INFO  o.h.annotations.common.Version - HCANN000001: Hibernate Commons Annotations {5.0.4.Final} 
11:01:19.561 [main] INFO  com.zaxxer.hikari.HikariDataSource - HikariPool-1 - Starting... 
11:01:21.580 [main] INFO  o.a.catalina.core.StandardService - Stopping service [Tomcat] 
