15:25:42.648 [main] INFO  k.t.com.tsync.TsyncApplicationTests - Starting TsyncApplicationTests on LAPTOP-HOD8P60L with PID 15392 (started by Tracom in C:\Users\Tracom\Desktop\Projects\SBM\TYSNC\sbm_gateway) 
15:25:42.651 [main] INFO  k.t.com.tsync.TsyncApplicationTests - The following profiles are active: prod 
15:25:43.915 [main] INFO  o.s.d.r.c.RepositoryConfigurationDelegate - Bootstrapping Spring Data repositories in DEFAULT mode. 
15:25:44.103 [main] INFO  o.s.d.r.c.RepositoryConfigurationDelegate - Finished Spring Data repository scanning in 166ms. Found 7 repository interfaces. 
15:25:44.648 [main] INFO  o.s.c.s.PostProcessorRegistrationDelegate$BeanPostProcessorChecker - Bean 'org.springframework.transaction.annotation.ProxyTransactionManagementConfiguration' of type [org.springframework.transaction.annotation.ProxyTransactionManagementConfiguration$$EnhancerBySpringCGLIB$$89a98379] is not eligible for getting processed by all BeanPostProcessors (for example: not eligible for auto-proxying) 
15:25:44.919 [main] INFO  com.zaxxer.hikari.HikariDataSource - HikariPool-1 - Starting... 
15:25:45.555 [main] INFO  com.zaxxer.hikari.HikariDataSource - HikariPool-1 - Start completed. 
15:25:45.832 [main] INFO  org.hibernate.Version - HHH000412: Hibernate Core {5.3.10.Final} 
15:25:45.835 [main] INFO  org.hibernate.cfg.Environment - HHH000206: hibernate.properties not found 
15:25:46.057 [main] INFO  o.h.annotations.common.Version - HCANN000001: Hibernate Commons Annotations {5.0.4.Final} 
15:25:46.546 [main] INFO  org.hibernate.dialect.Dialect - HHH000400: Using dialect: org.hibernate.dialect.OracleDialect 
15:25:49.750 [main] INFO  o.h.h.i.QueryTranslatorFactoryInitiator - HHH000397: Using ASTQueryTranslatorFactory 
15:25:49.982 [main] INFO  o.s.o.j.LocalContainerEntityManagerFactoryBean - Initialized JPA EntityManagerFactory for persistence unit 'default' 
15:25:50.549 [main] INFO  k.tra.com.tsync.config.ProjectSetUp - Start Iso server 
15:25:51.343 [main] INFO  o.s.s.c.ThreadPoolTaskExecutor - Initializing ExecutorService 'applicationTaskExecutor' 
15:25:52.287 [main] INFO  o.s.b.a.e.web.EndpointLinksResolver - Exposing 2 endpoint(s) beneath base path '/actuator' 
15:25:52.357 [main] INFO  k.t.com.tsync.TsyncApplicationTests - Started TsyncApplicationTests in 10.141 seconds (JVM running for 10.949) 
15:25:52.558 [Thread-4] INFO  o.s.s.c.ThreadPoolTaskExecutor - Shutting down ExecutorService 'applicationTaskExecutor' 
15:25:52.564 [Thread-4] INFO  o.s.o.j.LocalContainerEntityManagerFactoryBean - Closing JPA EntityManagerFactory for persistence unit 'default' 
15:25:52.567 [Thread-4] INFO  com.zaxxer.hikari.HikariDataSource - HikariPool-1 - Shutdown initiated... 
15:25:52.591 [Thread-4] INFO  com.zaxxer.hikari.HikariDataSource - HikariPool-1 - Shutdown completed. 
