09:11:31.790 [main] INFO  ke.tra.com.tsync.TsyncApplication - Starting TsyncApplication on VINCENT-ROG with PID 19540 (C:\Users\Vincent\Desktop\PROJECTS\CRDB\crdb_gateway\target\classes started by Vincent in C:\Users\Vincent\Desktop\PROJECTS\CRDB\crdb_gateway) 
09:11:31.793 [main] INFO  ke.tra.com.tsync.TsyncApplication - The following profiles are active: dev 
09:11:32.565 [main] INFO  o.s.d.r.c.RepositoryConfigurationDelegate - Bootstrapping Spring Data repositories in DEFAULT mode. 
09:11:32.644 [main] INFO  o.s.d.r.c.RepositoryConfigurationDelegate - Finished Spring Data repository scanning in 70ms. Found 9 repository interfaces. 
09:11:32.644 [main] INFO  o.s.d.r.c.RepositoryConfigurationDelegate - Bootstrapping Spring Data repositories in DEFAULT mode. 
09:11:32.650 [main] INFO  o.s.d.r.c.RepositoryConfigurationDelegate - Finished Spring Data repository scanning in 6ms. Found 1 repository interfaces. 
09:11:33.047 [main] INFO  o.s.c.s.PostProcessorRegistrationDelegate$BeanPostProcessorChecker - Bean 'org.springframework.transaction.annotation.ProxyTransactionManagementConfiguration' of type [org.springframework.transaction.annotation.ProxyTransactionManagementConfiguration$$EnhancerBySpringCGLIB$$14ce497f] is not eligible for getting processed by all BeanPostProcessors (for example: not eligible for auto-proxying) 
09:11:33.246 [main] INFO  o.s.b.w.e.tomcat.TomcatWebServer - Tomcat initialized with port(s): 8094 (http) 
09:11:33.265 [main] INFO  o.a.coyote.http11.Http11NioProtocol - Initializing ProtocolHandler ["http-nio-8094"] 
09:11:33.401 [main] INFO  o.a.catalina.core.StandardService - Starting service [Tomcat] 
09:11:33.402 [main] INFO  o.a.catalina.core.StandardEngine - Starting Servlet engine: [Apache Tomcat/9.0.19] 
09:11:33.807 [main] INFO  o.a.c.c.C.[Tomcat].[localhost].[/] - Initializing Spring embedded WebApplicationContext 
09:11:33.808 [main] INFO  o.s.web.context.ContextLoader - Root WebApplicationContext: initialization completed in 1982 ms 
09:11:33.956 [main] INFO  com.zaxxer.hikari.HikariDataSource - HikariPool-1 - Starting... 
09:11:34.081 [main] INFO  com.zaxxer.hikari.HikariDataSource - HikariPool-1 - Start completed. 
09:11:34.205 [main] INFO  org.hibernate.Version - HHH000412: Hibernate Core {5.3.10.Final} 
09:11:34.206 [main] INFO  org.hibernate.cfg.Environment - HHH000206: hibernate.properties not found 
09:11:34.344 [main] INFO  o.h.annotations.common.Version - HCANN000001: Hibernate Commons Annotations {5.0.4.Final} 
09:11:34.559 [main] INFO  org.hibernate.dialect.Dialect - HHH000400: Using dialect: org.hibernate.dialect.OracleDialect 
09:11:37.004 [main] INFO  o.h.h.i.QueryTranslatorFactoryInitiator - HHH000397: Using ASTQueryTranslatorFactory 
09:11:37.142 [main] INFO  o.s.o.j.LocalContainerEntityManagerFactoryBean - Initialized JPA EntityManagerFactory for persistence unit 'maindb' 
09:11:37.244 [main] INFO  com.zaxxer.hikari.HikariDataSource - HikariPool-2 - Starting... 
09:11:37.245 [main] INFO  com.zaxxer.hikari.HikariDataSource - HikariPool-2 - Start completed. 
09:11:37.245 [main] INFO  org.hibernate.dialect.Dialect - HHH000400: Using dialect: org.hibernate.dialect.OracleDialect 
09:11:37.259 [main] INFO  o.s.o.j.LocalContainerEntityManagerFactoryBean - Initialized JPA EntityManagerFactory for persistence unit 'h2db' 
09:11:37.468 [main] INFO  ke.tra.com.tsync.TsyncApplication - Attempting fetchSessionNumber from PIP:: Execution Time - Tue Mar 24 09:11:37 EAT 2020 
09:11:44.629 [main] INFO  ke.tra.com.tsync.TsyncApplication - sessionStr   
09:11:44.973 [main] INFO  k.tra.com.tsync.config.ProjectSetUp - Start Iso server 
09:11:45.119 [main] INFO  o.s.s.c.ThreadPoolTaskExecutor - Initializing ExecutorService 'applicationTaskExecutor' 
09:11:45.315 [main] INFO  o.s.b.a.s.s.UserDetailsServiceAutoConfiguration - 

Using generated security password: e4bc8684-e1e9-4f68-8709-1ed9502d6e1f
 
09:11:45.386 [main] INFO  o.s.s.w.DefaultSecurityFilterChain - Creating filter chain: any request, [org.springframework.security.web.context.request.async.WebAsyncManagerIntegrationFilter@39b2b94b, org.springframework.security.web.context.SecurityContextPersistenceFilter@6bae99a9, org.springframework.security.web.header.HeaderWriterFilter@2e0944ff, org.springframework.security.web.csrf.CsrfFilter@4d3bed0, org.springframework.security.web.authentication.logout.LogoutFilter@2062f7f2, org.springframework.security.web.authentication.UsernamePasswordAuthenticationFilter@486ee996, org.springframework.security.web.authentication.ui.DefaultLoginPageGeneratingFilter@41806110, org.springframework.security.web.authentication.ui.DefaultLogoutPageGeneratingFilter@7e2f562d, org.springframework.security.web.authentication.www.BasicAuthenticationFilter@7b68cb35, org.springframework.security.web.savedrequest.RequestCacheAwareFilter@766d60e4, org.springframework.security.web.servletapi.SecurityContextHolderAwareRequestFilter@68b4b9db, org.springframework.security.web.authentication.AnonymousAuthenticationFilter@72caf307, org.springframework.security.web.session.SessionManagementFilter@546b593c, org.springframework.security.web.access.ExceptionTranslationFilter@31379107, org.springframework.security.web.access.intercept.FilterSecurityInterceptor@3f505eee] 
09:11:45.398 [main] INFO  o.s.s.c.ThreadPoolTaskScheduler - Initializing ExecutorService 'taskScheduler' 
09:11:45.434 [main] INFO  o.a.coyote.http11.Http11NioProtocol - Starting ProtocolHandler ["http-nio-8094"] 
09:11:45.450 [main] INFO  o.s.b.w.e.tomcat.TomcatWebServer - Tomcat started on port(s): 8094 (http) with context path '' 
09:11:45.453 [main] INFO  ke.tra.com.tsync.TsyncApplication - Started TsyncApplication in 14.057 seconds (JVM running for 14.739) 
09:11:45.466 [main] INFO  ke.tra.com.tsync.TsyncApplication -  ~~~~ ISO8583 Server started ~~~~  
09:11:45.466 [main] INFO  ke.tra.com.tsync.TsyncApplication - Application started successfully 
09:18:10.654 [main] INFO  ke.tra.com.tsync.TsyncApplication - Starting TsyncApplication on VINCENT-ROG with PID 12120 (C:\Users\Vincent\Desktop\PROJECTS\CRDB\crdb_gateway\target\classes started by Vincent in C:\Users\Vincent\Desktop\PROJECTS\CRDB\crdb_gateway) 
09:18:10.656 [main] INFO  ke.tra.com.tsync.TsyncApplication - The following profiles are active: dev 
09:18:11.267 [main] INFO  o.s.d.r.c.RepositoryConfigurationDelegate - Bootstrapping Spring Data repositories in DEFAULT mode. 
09:18:11.340 [main] INFO  o.s.d.r.c.RepositoryConfigurationDelegate - Finished Spring Data repository scanning in 65ms. Found 9 repository interfaces. 
09:18:11.341 [main] INFO  o.s.d.r.c.RepositoryConfigurationDelegate - Bootstrapping Spring Data repositories in DEFAULT mode. 
09:18:11.346 [main] INFO  o.s.d.r.c.RepositoryConfigurationDelegate - Finished Spring Data repository scanning in 5ms. Found 1 repository interfaces. 
09:18:11.664 [main] INFO  o.s.c.s.PostProcessorRegistrationDelegate$BeanPostProcessorChecker - Bean 'org.springframework.transaction.annotation.ProxyTransactionManagementConfiguration' of type [org.springframework.transaction.annotation.ProxyTransactionManagementConfiguration$$EnhancerBySpringCGLIB$$118929c6] is not eligible for getting processed by all BeanPostProcessors (for example: not eligible for auto-proxying) 
09:18:11.834 [main] INFO  o.s.b.w.e.tomcat.TomcatWebServer - Tomcat initialized with port(s): 8094 (http) 
09:18:11.854 [main] INFO  o.a.coyote.http11.Http11NioProtocol - Initializing ProtocolHandler ["http-nio-8094"] 
09:18:11.985 [main] INFO  o.a.catalina.core.StandardService - Starting service [Tomcat] 
09:18:11.985 [main] INFO  o.a.catalina.core.StandardEngine - Starting Servlet engine: [Apache Tomcat/9.0.19] 
09:18:12.111 [main] INFO  o.a.c.c.C.[Tomcat].[localhost].[/] - Initializing Spring embedded WebApplicationContext 
09:18:12.111 [main] INFO  o.s.web.context.ContextLoader - Root WebApplicationContext: initialization completed in 1420 ms 
09:18:12.223 [main] INFO  com.zaxxer.hikari.HikariDataSource - HikariPool-1 - Starting... 
09:18:12.303 [main] INFO  com.zaxxer.hikari.HikariDataSource - HikariPool-1 - Start completed. 
09:18:12.387 [main] INFO  org.hibernate.Version - HHH000412: Hibernate Core {5.3.10.Final} 
09:18:12.388 [main] INFO  org.hibernate.cfg.Environment - HHH000206: hibernate.properties not found 
09:18:12.473 [main] INFO  o.h.annotations.common.Version - HCANN000001: Hibernate Commons Annotations {5.0.4.Final} 
09:18:12.655 [main] INFO  org.hibernate.dialect.Dialect - HHH000400: Using dialect: org.hibernate.dialect.OracleDialect 
09:18:15.402 [main] INFO  o.h.h.i.QueryTranslatorFactoryInitiator - HHH000397: Using ASTQueryTranslatorFactory 
09:18:15.522 [main] INFO  o.s.o.j.LocalContainerEntityManagerFactoryBean - Initialized JPA EntityManagerFactory for persistence unit 'maindb' 
09:18:15.624 [main] INFO  com.zaxxer.hikari.HikariDataSource - HikariPool-2 - Starting... 
09:18:15.625 [main] INFO  com.zaxxer.hikari.HikariDataSource - HikariPool-2 - Start completed. 
09:18:15.625 [main] INFO  org.hibernate.dialect.Dialect - HHH000400: Using dialect: org.hibernate.dialect.OracleDialect 
09:18:15.642 [main] INFO  o.s.o.j.LocalContainerEntityManagerFactoryBean - Initialized JPA EntityManagerFactory for persistence unit 'h2db' 
09:18:15.847 [main] INFO  ke.tra.com.tsync.TsyncApplication - Attempting fetchSessionNumber from PIP:: Execution Time - Tue Mar 24 09:18:15 EAT 2020 
09:18:22.911 [main] INFO  ke.tra.com.tsync.TsyncApplication - sessionStr   
09:18:23.180 [main] INFO  k.tra.com.tsync.config.ProjectSetUp - Start Iso server 
09:18:23.326 [main] INFO  o.s.s.c.ThreadPoolTaskExecutor - Initializing ExecutorService 'applicationTaskExecutor' 
09:18:23.505 [main] INFO  o.s.b.a.s.s.UserDetailsServiceAutoConfiguration - 

Using generated security password: 222b44f2-268d-40bc-973e-a83cdca28cea
 
09:18:23.562 [main] INFO  o.s.s.w.DefaultSecurityFilterChain - Creating filter chain: any request, [org.springframework.security.web.context.request.async.WebAsyncManagerIntegrationFilter@1c850bdd, org.springframework.security.web.context.SecurityContextPersistenceFilter@32755827, org.springframework.security.web.header.HeaderWriterFilter@2cdf0670, org.springframework.security.web.csrf.CsrfFilter@41806110, org.springframework.security.web.authentication.logout.LogoutFilter@7df666f7, org.springframework.security.web.authentication.UsernamePasswordAuthenticationFilter@3f528af3, org.springframework.security.web.authentication.ui.DefaultLoginPageGeneratingFilter@461b8155, org.springframework.security.web.authentication.ui.DefaultLogoutPageGeneratingFilter@423d1bb5, org.springframework.security.web.authentication.www.BasicAuthenticationFilter@668f6e3a, org.springframework.security.web.savedrequest.RequestCacheAwareFilter@18d80804, org.springframework.security.web.servletapi.SecurityContextHolderAwareRequestFilter@5deed459, org.springframework.security.web.authentication.AnonymousAuthenticationFilter@3bb21f5e, org.springframework.security.web.session.SessionManagementFilter@6a5981e0, org.springframework.security.web.access.ExceptionTranslationFilter@2a10a1e2, org.springframework.security.web.access.intercept.FilterSecurityInterceptor@44f35879] 
09:18:23.574 [main] INFO  o.s.s.c.ThreadPoolTaskScheduler - Initializing ExecutorService 'taskScheduler' 
09:18:23.609 [main] INFO  o.a.coyote.http11.Http11NioProtocol - Starting ProtocolHandler ["http-nio-8094"] 
09:18:23.626 [main] INFO  o.s.b.w.e.tomcat.TomcatWebServer - Tomcat started on port(s): 8094 (http) with context path '' 
09:18:23.629 [main] INFO  ke.tra.com.tsync.TsyncApplication - Started TsyncApplication in 13.269 seconds (JVM running for 13.896) 
09:18:23.641 [main] INFO  ke.tra.com.tsync.TsyncApplication -  ~~~~ ISO8583 Server started ~~~~  
09:18:23.641 [main] INFO  ke.tra.com.tsync.TsyncApplication - Application started successfully 
12:17:37.412 [main] INFO  ke.tra.com.tsync.TsyncApplication - Starting TsyncApplication on VINCENT-ROG with PID 22232 (C:\Users\Vincent\Desktop\PROJECTS\CRDB\crdb_gateway\target\classes started by Vincent in C:\Users\Vincent\Desktop\PROJECTS\CRDB\crdb_gateway) 
12:17:37.413 [main] INFO  ke.tra.com.tsync.TsyncApplication - The following profiles are active: dev 
12:17:37.967 [main] INFO  o.s.d.r.c.RepositoryConfigurationDelegate - Bootstrapping Spring Data repositories in DEFAULT mode. 
12:17:38.037 [main] INFO  o.s.d.r.c.RepositoryConfigurationDelegate - Finished Spring Data repository scanning in 63ms. Found 9 repository interfaces. 
12:17:38.038 [main] INFO  o.s.d.r.c.RepositoryConfigurationDelegate - Bootstrapping Spring Data repositories in DEFAULT mode. 
12:17:38.043 [main] INFO  o.s.d.r.c.RepositoryConfigurationDelegate - Finished Spring Data repository scanning in 5ms. Found 1 repository interfaces. 
12:17:38.361 [main] INFO  o.s.c.s.PostProcessorRegistrationDelegate$BeanPostProcessorChecker - Bean 'org.springframework.transaction.annotation.ProxyTransactionManagementConfiguration' of type [org.springframework.transaction.annotation.ProxyTransactionManagementConfiguration$$EnhancerBySpringCGLIB$$4b039872] is not eligible for getting processed by all BeanPostProcessors (for example: not eligible for auto-proxying) 
12:17:38.552 [main] INFO  o.s.b.w.e.tomcat.TomcatWebServer - Tomcat initialized with port(s): 8094 (http) 
12:17:38.573 [main] INFO  o.a.coyote.http11.Http11NioProtocol - Initializing ProtocolHandler ["http-nio-8094"] 
12:17:38.717 [main] INFO  o.a.catalina.core.StandardService - Starting service [Tomcat] 
12:17:38.718 [main] INFO  o.a.catalina.core.StandardEngine - Starting Servlet engine: [Apache Tomcat/9.0.19] 
12:17:38.871 [main] INFO  o.a.c.c.C.[Tomcat].[localhost].[/] - Initializing Spring embedded WebApplicationContext 
12:17:38.871 [main] INFO  o.s.web.context.ContextLoader - Root WebApplicationContext: initialization completed in 1428 ms 
12:17:39.000 [main] INFO  com.zaxxer.hikari.HikariDataSource - HikariPool-1 - Starting... 
12:17:39.078 [main] INFO  com.zaxxer.hikari.HikariDataSource - HikariPool-1 - Start completed. 
12:17:39.162 [main] INFO  org.hibernate.Version - HHH000412: Hibernate Core {5.3.10.Final} 
12:17:39.163 [main] INFO  org.hibernate.cfg.Environment - HHH000206: hibernate.properties not found 
12:17:39.243 [main] INFO  o.h.annotations.common.Version - HCANN000001: Hibernate Commons Annotations {5.0.4.Final} 
12:17:39.422 [main] INFO  org.hibernate.dialect.Dialect - HHH000400: Using dialect: org.hibernate.dialect.OracleDialect 
15:34:37.373 [main] INFO  ke.tra.com.tsync.TsyncApplication - Starting TsyncApplication on VINCENT-ROG with PID 12332 (C:\Users\Vincent\Desktop\PROJECTS\CRDB\crdb_gateway\target\classes started by Vincent in C:\Users\Vincent\Desktop\PROJECTS\CRDB\crdb_gateway) 
15:34:37.375 [main] INFO  ke.tra.com.tsync.TsyncApplication - The following profiles are active: dev 
15:34:38.248 [main] INFO  o.s.d.r.c.RepositoryConfigurationDelegate - Bootstrapping Spring Data repositories in DEFAULT mode. 
15:34:38.383 [main] INFO  o.s.d.r.c.RepositoryConfigurationDelegate - Finished Spring Data repository scanning in 116ms. Found 9 repository interfaces. 
15:34:38.384 [main] INFO  o.s.d.r.c.RepositoryConfigurationDelegate - Bootstrapping Spring Data repositories in DEFAULT mode. 
15:34:38.391 [main] INFO  o.s.d.r.c.RepositoryConfigurationDelegate - Finished Spring Data repository scanning in 6ms. Found 1 repository interfaces. 
15:34:38.866 [main] INFO  o.s.c.s.PostProcessorRegistrationDelegate$BeanPostProcessorChecker - Bean 'org.springframework.transaction.annotation.ProxyTransactionManagementConfiguration' of type [org.springframework.transaction.annotation.ProxyTransactionManagementConfiguration$$EnhancerBySpringCGLIB$$9538ecb6] is not eligible for getting processed by all BeanPostProcessors (for example: not eligible for auto-proxying) 
15:34:39.073 [main] INFO  o.s.b.w.e.tomcat.TomcatWebServer - Tomcat initialized with port(s): 8094 (http) 
15:34:39.095 [main] INFO  o.a.coyote.http11.Http11NioProtocol - Initializing ProtocolHandler ["http-nio-8094"] 
15:34:39.243 [main] INFO  o.a.catalina.core.StandardService - Starting service [Tomcat] 
15:34:39.243 [main] INFO  o.a.catalina.core.StandardEngine - Starting Servlet engine: [Apache Tomcat/9.0.19] 
15:34:39.399 [main] INFO  o.a.c.c.C.[Tomcat].[localhost].[/] - Initializing Spring embedded WebApplicationContext 
15:34:39.399 [main] INFO  o.s.web.context.ContextLoader - Root WebApplicationContext: initialization completed in 1984 ms 
15:34:39.474 [main] INFO  o.a.catalina.core.StandardService - Stopping service [Tomcat] 
15:54:11.584 [main] INFO  ke.tra.com.tsync.TsyncApplication - Starting TsyncApplication on VINCENT-ROG with PID 17828 (C:\Users\Vincent\Desktop\PROJECTS\CRDB\crdb_gateway\target\classes started by Vincent in C:\Users\Vincent\Desktop\PROJECTS\CRDB\crdb_gateway) 
15:54:11.587 [main] INFO  ke.tra.com.tsync.TsyncApplication - The following profiles are active: prod 
15:54:12.341 [main] INFO  o.s.d.r.c.RepositoryConfigurationDelegate - Bootstrapping Spring Data repositories in DEFAULT mode. 
15:54:12.430 [main] INFO  o.s.d.r.c.RepositoryConfigurationDelegate - Finished Spring Data repository scanning in 79ms. Found 9 repository interfaces. 
15:54:12.431 [main] INFO  o.s.d.r.c.RepositoryConfigurationDelegate - Bootstrapping Spring Data repositories in DEFAULT mode. 
15:54:12.438 [main] INFO  o.s.d.r.c.RepositoryConfigurationDelegate - Finished Spring Data repository scanning in 7ms. Found 1 repository interfaces. 
15:54:12.839 [main] INFO  o.s.c.s.PostProcessorRegistrationDelegate$BeanPostProcessorChecker - Bean 'org.springframework.transaction.annotation.ProxyTransactionManagementConfiguration' of type [org.springframework.transaction.annotation.ProxyTransactionManagementConfiguration$$EnhancerBySpringCGLIB$$389cdac] is not eligible for getting processed by all BeanPostProcessors (for example: not eligible for auto-proxying) 
15:54:13.095 [main] INFO  o.s.b.w.e.tomcat.TomcatWebServer - Tomcat initialized with port(s): 8094 (http) 
15:54:13.119 [main] INFO  o.a.coyote.http11.Http11NioProtocol - Initializing ProtocolHandler ["http-nio-8094"] 
15:54:13.266 [main] INFO  o.a.catalina.core.StandardService - Starting service [Tomcat] 
15:54:13.266 [main] INFO  o.a.catalina.core.StandardEngine - Starting Servlet engine: [Apache Tomcat/9.0.19] 
15:54:13.417 [main] INFO  o.a.c.c.C.[Tomcat].[localhost].[/] - Initializing Spring embedded WebApplicationContext 
15:54:13.417 [main] INFO  o.s.web.context.ContextLoader - Root WebApplicationContext: initialization completed in 1781 ms 
15:54:13.486 [main] INFO  o.a.catalina.core.StandardService - Stopping service [Tomcat] 
15:56:28.290 [main] INFO  k.t.com.tsync.TsyncApplicationTests - Starting TsyncApplicationTests on VINCENT-ROG with PID 20072 (started by Vincent in C:\Users\Vincent\Desktop\PROJECTS\CRDB\crdb_gateway) 
15:56:28.291 [main] INFO  k.t.com.tsync.TsyncApplicationTests - The following profiles are active: prod 
15:56:29.402 [main] INFO  o.s.d.r.c.RepositoryConfigurationDelegate - Bootstrapping Spring Data repositories in DEFAULT mode. 
15:56:29.546 [main] INFO  o.s.d.r.c.RepositoryConfigurationDelegate - Finished Spring Data repository scanning in 129ms. Found 9 repository interfaces. 
15:56:29.547 [main] INFO  o.s.d.r.c.RepositoryConfigurationDelegate - Bootstrapping Spring Data repositories in DEFAULT mode. 
15:56:29.559 [main] INFO  o.s.d.r.c.RepositoryConfigurationDelegate - Finished Spring Data repository scanning in 12ms. Found 1 repository interfaces. 
15:56:30.272 [main] INFO  o.s.c.s.PostProcessorRegistrationDelegate$BeanPostProcessorChecker - Bean 'org.springframework.transaction.annotation.ProxyTransactionManagementConfiguration' of type [org.springframework.transaction.annotation.ProxyTransactionManagementConfiguration$$EnhancerBySpringCGLIB$$4244552e] is not eligible for getting processed by all BeanPostProcessors (for example: not eligible for auto-proxying) 
16:01:12.045 [main] INFO  k.t.com.tsync.TsyncApplicationTests - Starting TsyncApplicationTests on VINCENT-ROG with PID 9652 (started by Vincent in C:\Users\Vincent\Desktop\PROJECTS\CRDB\crdb_gateway) 
16:01:12.047 [main] INFO  k.t.com.tsync.TsyncApplicationTests - The following profiles are active: prod 
16:01:13.408 [main] INFO  o.s.d.r.c.RepositoryConfigurationDelegate - Bootstrapping Spring Data repositories in DEFAULT mode. 
16:01:13.573 [main] INFO  o.s.d.r.c.RepositoryConfigurationDelegate - Finished Spring Data repository scanning in 145ms. Found 9 repository interfaces. 
16:01:13.574 [main] INFO  o.s.d.r.c.RepositoryConfigurationDelegate - Bootstrapping Spring Data repositories in DEFAULT mode. 
16:01:13.586 [main] INFO  o.s.d.r.c.RepositoryConfigurationDelegate - Finished Spring Data repository scanning in 12ms. Found 1 repository interfaces. 
16:01:14.498 [main] INFO  o.s.c.s.PostProcessorRegistrationDelegate$BeanPostProcessorChecker - Bean 'org.springframework.transaction.annotation.ProxyTransactionManagementConfiguration' of type [org.springframework.transaction.annotation.ProxyTransactionManagementConfiguration$$EnhancerBySpringCGLIB$$fba0e363] is not eligible for getting processed by all BeanPostProcessors (for example: not eligible for auto-proxying) 
18:56:16.051 [main] INFO  ke.tra.com.tsync.TsyncApplication - Starting TsyncApplication on VINCENT-ROG with PID 16600 (C:\Users\Vincent\Desktop\PROJECTS\CRDB\crdb_gateway\target\classes started by Vincent in C:\Users\Vincent\Desktop\PROJECTS\CRDB\crdb_gateway) 
18:56:16.054 [main] INFO  ke.tra.com.tsync.TsyncApplication - The following profiles are active: prod 
18:56:16.760 [main] INFO  o.s.d.r.c.RepositoryConfigurationDelegate - Bootstrapping Spring Data repositories in DEFAULT mode. 
18:56:16.840 [main] INFO  o.s.d.r.c.RepositoryConfigurationDelegate - Finished Spring Data repository scanning in 67ms. Found 9 repository interfaces. 
18:56:16.841 [main] INFO  o.s.d.r.c.RepositoryConfigurationDelegate - Bootstrapping Spring Data repositories in DEFAULT mode. 
18:56:16.846 [main] INFO  o.s.d.r.c.RepositoryConfigurationDelegate - Finished Spring Data repository scanning in 5ms. Found 1 repository interfaces. 
18:56:17.375 [main] INFO  o.s.c.s.PostProcessorRegistrationDelegate$BeanPostProcessorChecker - Bean 'org.springframework.transaction.annotation.ProxyTransactionManagementConfiguration' of type [org.springframework.transaction.annotation.ProxyTransactionManagementConfiguration$$EnhancerBySpringCGLIB$$b9a84e79] is not eligible for getting processed by all BeanPostProcessors (for example: not eligible for auto-proxying) 
18:56:17.607 [main] INFO  o.s.b.w.e.tomcat.TomcatWebServer - Tomcat initialized with port(s): 8094 (http) 
18:56:17.631 [main] INFO  o.a.coyote.http11.Http11NioProtocol - Initializing ProtocolHandler ["http-nio-8094"] 
18:56:17.804 [main] INFO  o.a.catalina.core.StandardService - Starting service [Tomcat] 
18:56:17.804 [main] INFO  o.a.catalina.core.StandardEngine - Starting Servlet engine: [Apache Tomcat/9.0.19] 
18:56:17.967 [main] INFO  o.a.c.c.C.[Tomcat].[localhost].[/] - Initializing Spring embedded WebApplicationContext 
18:56:17.968 [main] INFO  o.s.web.context.ContextLoader - Root WebApplicationContext: initialization completed in 1877 ms 
18:56:18.336 [main] INFO  com.zaxxer.hikari.HikariDataSource - HikariPool-1 - Starting... 
18:56:19.475 [main] INFO  org.hibernate.Version - HHH000412: Hibernate Core {5.3.10.Final} 
18:56:19.476 [main] INFO  org.hibernate.cfg.Environment - HHH000206: hibernate.properties not found 
18:56:19.586 [main] INFO  o.h.annotations.common.Version - HCANN000001: Hibernate Commons Annotations {5.0.4.Final} 
18:56:19.738 [main] INFO  com.zaxxer.hikari.HikariDataSource - HikariPool-1 - Starting... 
18:56:20.747 [main] INFO  o.a.catalina.core.StandardService - Stopping service [Tomcat] 
