783  [main] INFO  ke.tra.com.tsync.TsyncApplication - Starting TsyncApplication on DESKTOP-41KACUO with PID 3316 (E:\projects\gateways\crdb_tsync\target\classes started by cotuoma in E:\projects\gateways\crdb_tsync) 
785  [main] INFO  ke.tra.com.tsync.TsyncApplication - The following profiles are active: remote 
1589 [main] INFO  o.s.d.r.c.RepositoryConfigurationDelegate - Bootstrapping Spring Data repositories in DEFAULT mode. 
1762 [main] INFO  o.s.d.r.c.RepositoryConfigurationDelegate - Finished Spring Data repository scanning in 165ms. Found 31 repository interfaces. 
2097 [main] INFO  o.s.c.s.PostProcessorRegistrationDelegate$BeanPostProcessorChecker - Bean 'org.springframework.transaction.annotation.ProxyTransactionManagementConfiguration' of type [org.springframework.transaction.annotation.ProxyTransactionManagementConfiguration$$EnhancerBySpringCGLIB$$5d7cfe39] is not eligible for getting processed by all BeanPostProcessors (for example: not eligible for auto-proxying) 
2484 [main] INFO  o.s.b.w.e.tomcat.TomcatWebServer - Tomcat initialized with port(s): 8094 (http) 
2514 [main] INFO  o.a.coyote.http11.Http11NioProtocol - Initializing ProtocolHandler ["http-nio-8094"] 
2762 [main] INFO  o.a.catalina.core.StandardService - Starting service [Tomcat] 
2763 [main] INFO  o.a.catalina.core.StandardEngine - Starting Servlet engine: [Apache Tomcat/9.0.19] 
3091 [main] INFO  o.a.c.c.C.[Tomcat].[localhost].[/] - Initializing Spring embedded WebApplicationContext 
3091 [main] INFO  o.s.web.context.ContextLoader - Root WebApplicationContext: initialization completed in 2275 ms 
3803 [main] INFO  com.zaxxer.hikari.HikariDataSource - HikariPool-1 - Starting... 
4374 [main] INFO  com.zaxxer.hikari.HikariDataSource - HikariPool-1 - Start completed. 
4483 [main] INFO  org.hibernate.Version - HHH000412: Hibernate Core {5.3.10.Final} 
4484 [main] INFO  org.hibernate.cfg.Environment - HHH000206: hibernate.properties not found 
4552 [main] INFO  o.h.annotations.common.Version - HCANN000001: Hibernate Commons Annotations {5.0.4.Final} 
4714 [main] INFO  org.hibernate.dialect.Dialect - HHH000400: Using dialect: org.hibernate.dialect.OracleDialect 
7799 [main] INFO  o.h.h.i.QueryTranslatorFactoryInitiator - HHH000397: Using ASTQueryTranslatorFactory 
8187 [main] INFO  o.s.o.j.LocalContainerEntityManagerFactoryBean - Initialized JPA EntityManagerFactory for persistence unit 'default' 
8481 [main] INFO  ke.tra.com.tsync.TsyncApplication - table does not exist, just create a new one  StatementCallback; bad SQL grammar [drop table GENERAL_SETTINGS_CONFIG_CACHE(id int,crdb_session_str varchar(100),updated boolean)]; nested exception is java.sql.SQLSyntaxErrorException: ORA-00933: SQL command not properly ended
 
8534 [main] INFO  ke.tra.com.tsync.TsyncApplication - error creating table  StatementCallback; bad SQL grammar [create table GENERAL_SETTINGS_CONFIG_CACHE(id integer, name varchar(100))]; nested exception is java.sql.SQLSyntaxErrorException: ORA-00955: name is already used by an existing object
 
8988 [main] INFO  k.tra.com.tsync.config.ProjectSetUp - Start Iso server 
9216 [main] INFO  o.s.s.c.ThreadPoolTaskExecutor - Initializing ExecutorService 'applicationTaskExecutor' 
9462 [main] INFO  o.s.b.a.s.s.UserDetailsServiceAutoConfiguration - 

Using generated security password: 5ada2a86-110a-40e5-8e25-2b487c33a25e
 
9535 [main] INFO  o.s.s.w.DefaultSecurityFilterChain - Creating filter chain: any request, [org.springframework.security.web.context.request.async.WebAsyncManagerIntegrationFilter@49accbb4, org.springframework.security.web.context.SecurityContextPersistenceFilter@16a4961f, org.springframework.security.web.header.HeaderWriterFilter@7e03fe2b, org.springframework.security.web.csrf.CsrfFilter@34b58084, org.springframework.security.web.authentication.logout.LogoutFilter@11368ba6, org.springframework.security.web.authentication.UsernamePasswordAuthenticationFilter@7c81fec0, org.springframework.security.web.authentication.ui.DefaultLoginPageGeneratingFilter@1005364f, org.springframework.security.web.authentication.ui.DefaultLogoutPageGeneratingFilter@b5d38bb, org.springframework.security.web.authentication.www.BasicAuthenticationFilter@1fa4c38e, org.springframework.security.web.savedrequest.RequestCacheAwareFilter@7ebc160d, org.springframework.security.web.servletapi.SecurityContextHolderAwareRequestFilter@7eb39133, org.springframework.security.web.authentication.AnonymousAuthenticationFilter@6a78b0f3, org.springframework.security.web.session.SessionManagementFilter@8a06b28, org.springframework.security.web.access.ExceptionTranslationFilter@5783939e, org.springframework.security.web.access.intercept.FilterSecurityInterceptor@5fa30871] 
9587 [main] INFO  o.s.b.a.e.web.EndpointLinksResolver - Exposing 1 endpoint(s) beneath base path '/actuator' 
9611 [main] INFO  o.s.s.c.ThreadPoolTaskScheduler - Initializing ExecutorService 'taskScheduler' 
9663 [main] INFO  o.a.coyote.http11.Http11NioProtocol - Starting ProtocolHandler ["http-nio-8094"] 
9684 [main] INFO  o.s.b.w.e.tomcat.TomcatWebServer - Tomcat started on port(s): 8094 (http) with context path '' 
9686 [main] INFO  ke.tra.com.tsync.TsyncApplication - Started TsyncApplication in 9.485 seconds (JVM running for 10.69) 
9705 [main] INFO  ke.tra.com.tsync.TsyncApplication -  ~~~~ ISO8583 Server started ~~~~  
9705 [main] INFO  ke.tra.com.tsync.TsyncApplication - Application started successfully 
