468  [main] INFO  ke.tra.com.tsync.TsyncApplication - Starting TsyncApplication on DESKTOP-41KACUO with PID 1152 (E:\projects\crdb_tsync\target\classes started by cotuoma in E:\projects\crdb_tsync) 
470  [main] INFO  ke.tra.com.tsync.TsyncApplication - The following profiles are active: remote 
1527 [main] INFO  o.s.d.r.c.RepositoryConfigurationDelegate - Bootstrapping Spring Data repositories in DEFAULT mode. 
1628 [main] INFO  o.s.d.r.c.RepositoryConfigurationDelegate - Finished Spring Data repository scanning in 94ms. Found 23 repository interfaces. 
1872 [main] INFO  o.s.c.s.PostProcessorRegistrationDelegate$BeanPostProcessorChecker - Bean 'org.springframework.transaction.annotation.ProxyTransactionManagementConfiguration' of type [org.springframework.transaction.annotation.ProxyTransactionManagementConfiguration$$EnhancerBySpringCGLIB$$b31f3df5] is not eligible for getting processed by all BeanPostProcessors (for example: not eligible for auto-proxying) 
2021 [main] INFO  o.s.b.w.e.tomcat.TomcatWebServer - Tomcat initialized with port(s): 8094 (http) 
2035 [main] INFO  o.a.coyote.http11.Http11NioProtocol - Initializing ProtocolHandler ["http-nio-8094"] 
2145 [main] INFO  o.a.catalina.core.StandardService - Starting service [Tomcat] 
2145 [main] INFO  o.a.catalina.core.StandardEngine - Starting Servlet engine: [Apache Tomcat/9.0.19] 
2271 [main] INFO  o.a.c.c.C.[Tomcat].[localhost].[/] - Initializing Spring embedded WebApplicationContext 
2271 [main] INFO  o.s.web.context.ContextLoader - Root WebApplicationContext: initialization completed in 1709 ms 
2606 [main] INFO  com.zaxxer.hikari.HikariDataSource - HikariPool-1 - Starting... 
3223 [main] INFO  com.zaxxer.hikari.HikariDataSource - HikariPool-1 - Start completed. 
3311 [main] INFO  org.hibernate.Version - HHH000412: Hibernate Core {5.3.10.Final} 
3312 [main] INFO  org.hibernate.cfg.Environment - HHH000206: hibernate.properties not found 
3378 [main] INFO  o.h.annotations.common.Version - HCANN000001: Hibernate Commons Annotations {5.0.4.Final} 
3523 [main] INFO  org.hibernate.dialect.Dialect - HHH000400: Using dialect: org.hibernate.dialect.OracleDialect 
6194 [main] INFO  o.h.h.i.QueryTranslatorFactoryInitiator - HHH000397: Using ASTQueryTranslatorFactory 
6347 [main] INFO  o.s.o.j.LocalContainerEntityManagerFactoryBean - Initialized JPA EntityManagerFactory for persistence unit 'default' 
7072 [main] INFO  k.tra.com.tsync.config.ProjectSetUp - Start Iso server 
7222 [main] INFO  o.s.s.c.ThreadPoolTaskExecutor - Initializing ExecutorService 'applicationTaskExecutor' 
7446 [main] INFO  o.s.b.a.s.s.UserDetailsServiceAutoConfiguration - 

Using generated security password: 3fe3f58b-cb88-43fe-b63c-6cf966164c86
 
7500 [main] INFO  o.s.s.w.DefaultSecurityFilterChain - Creating filter chain: any request, [org.springframework.security.web.context.request.async.WebAsyncManagerIntegrationFilter@1f38b41a, org.springframework.security.web.context.SecurityContextPersistenceFilter@52076d1d, org.springframework.security.web.header.HeaderWriterFilter@424f6fc9, org.springframework.security.web.csrf.CsrfFilter@4964d305, org.springframework.security.web.authentication.logout.LogoutFilter@2840d256, org.springframework.security.web.authentication.UsernamePasswordAuthenticationFilter@18d2b233, org.springframework.security.web.authentication.ui.DefaultLoginPageGeneratingFilter@61a5d76e, org.springframework.security.web.authentication.ui.DefaultLogoutPageGeneratingFilter@7bf89ed, org.springframework.security.web.authentication.www.BasicAuthenticationFilter@430b8d1a, org.springframework.security.web.savedrequest.RequestCacheAwareFilter@2ec41c29, org.springframework.security.web.servletapi.SecurityContextHolderAwareRequestFilter@7e326bf2, org.springframework.security.web.authentication.AnonymousAuthenticationFilter@36eec55d, org.springframework.security.web.session.SessionManagementFilter@5c66a6ea, org.springframework.security.web.access.ExceptionTranslationFilter@12503bcb, org.springframework.security.web.access.intercept.FilterSecurityInterceptor@4a4c0946] 
7545 [main] INFO  o.s.b.a.e.web.EndpointLinksResolver - Exposing 1 endpoint(s) beneath base path '/actuator' 
7566 [main] INFO  o.s.s.c.ThreadPoolTaskScheduler - Initializing ExecutorService 'taskScheduler' 
7611 [main] INFO  o.a.coyote.http11.Http11NioProtocol - Starting ProtocolHandler ["http-nio-8094"] 
7627 [main] INFO  o.s.b.w.e.tomcat.TomcatWebServer - Tomcat started on port(s): 8094 (http) with context path '' 
7629 [main] INFO  ke.tra.com.tsync.TsyncApplication - Started TsyncApplication in 7.531 seconds (JVM running for 8.22) 
7644 [main] INFO  ke.tra.com.tsync.TsyncApplication -  ~~~~ ISO8583 Server started ~~~~  
7645 [main] INFO  ke.tra.com.tsync.TsyncApplication - Application started successfully 
7718 [RMI TCP Connection(1)-192.168.254.139] INFO  o.a.c.c.C.[Tomcat].[localhost].[/] - Initializing Spring DispatcherServlet 'dispatcherServlet' 
7721 [RMI TCP Connection(1)-192.168.254.139] INFO  o.s.web.servlet.DispatcherServlet - Initializing Servlet 'dispatcherServlet' 
7732 [RMI TCP Connection(1)-192.168.254.139] INFO  o.s.web.servlet.DispatcherServlet - Completed initialization in 11 ms 
